2026-04-14T01:21:52.103077784Z [inf]  Starting Container
2026-04-14T01:21:53.043043795Z [inf]  2026-04-14T01:21:51.982Z ✅ brain listening | {"port":8080,"path":"/webhook","symbol":"BINANCE:SOLUSDT","tf":"5","brain":"BrainRAY_Continuation_v2.3"}
2026-04-14T01:25:05.761876735Z [inf]  2026-04-14T01:25:02.593Z 📊 FEATURE_5M | {"close":85.92,"ema8":86.0003,"ema18":86.0608,"rsi":47.458,"adx":29.855,"barIndex":1}
2026-04-14T01:30:10.774832778Z [inf]  2026-04-14T01:30:04.720Z 📊 FEATURE_5M | {"close":85.9,"ema8":85.978,"ema18":86.0438,"rsi":46.848,"adx":29.642,"barIndex":2}
2026-04-14T01:35:09.352942113Z [inf]  2026-04-14T01:35:02.988Z 📊 FEATURE_5M | {"close":85.83,"ema8":85.9451,"ema18":86.0213,"rsi":44.686,"adx":29.577,"barIndex":3}
2026-04-14T01:40:11.838534511Z [inf]  2026-04-14T01:40:02.711Z 📊 FEATURE_5M | {"close":85.94,"ema8":85.944,"ema18":86.0128,"rsi":48.694,"adx":29.155,"barIndex":4}
2026-04-14T01:45:05.740536350Z [inf]  2026-04-14T01:45:03.807Z 📊 FEATURE_5M | {"close":86.04,"ema8":85.9653,"ema18":86.0156,"rsi":52.092,"adx":28.02,"barIndex":5}
2026-04-14T01:50:05.320128280Z [inf]  2026-04-14T01:50:03.038Z 📊 FEATURE_5M | {"close":86.05,"ema8":85.9841,"ema18":86.0193,"rsi":52.431,"adx":26.802,"barIndex":6}
2026-04-14T01:55:09.186046066Z [inf]  2026-04-14T01:55:02.621Z 📊 FEATURE_5M | {"close":86.04,"ema8":85.9965,"ema18":86.0214,"rsi":52.034,"adx":25.67,"barIndex":7}
2026-04-14T02:00:13.228696320Z [inf]  2026-04-14T02:00:09.421Z 📊 FEATURE_5M | {"close":85.95,"ema8":85.9862,"ema18":86.0139,"rsi":48.478,"adx":24.997,"barIndex":8}
2026-04-14T02:05:04.808349212Z [inf]  2026-04-14T02:05:02.655Z 📊 FEATURE_5M | {"close":85.9,"ema8":85.967,"ema18":86.0019,"rsi":46.573,"adx":25.015,"barIndex":9}
2026-04-14T02:10:06.855581178Z [inf]  2026-04-14T02:10:03.498Z 📊 FEATURE_5M | {"close":86.05,"ema8":85.9855,"ema18":86.007,"rsi":52.591,"adx":24.049,"barIndex":10}
2026-04-14T02:15:12.443523604Z [inf]  2026-04-14T02:15:04.120Z 📊 FEATURE_5M | {"close":86.17,"ema8":86.0265,"ema18":86.0241,"rsi":56.784,"adx":22.407,"barIndex":11}
2026-04-14T02:20:08.712492421Z [inf]  2026-04-14T02:20:04.029Z 📊 FEATURE_5M | {"close":86.21,"ema8":86.0673,"ema18":86.0437,"rsi":58.115,"adx":20.834,"barIndex":12}
2026-04-14T02:25:11.447007085Z [inf]  2026-04-14T02:25:02.418Z 📊 FEATURE_5M | {"close":86.2,"ema8":86.0968,"ema18":86.0602,"rsi":57.637,"adx":19.427,"barIndex":13}
2026-04-14T02:30:14.751999817Z [inf]  2026-04-14T02:30:05.222Z 📊 FEATURE_5M | {"close":86.16,"ema8":86.1108,"ema18":86.0707,"rsi":55.666,"adx":18.131,"barIndex":14}
2026-04-14T02:35:05.415210288Z [inf]  2026-04-14T02:35:02.716Z 📊 FEATURE_5M | {"close":86,"ema8":86.0862,"ema18":86.0632,"rsi":48.52,"adx":17.872,"barIndex":15}
2026-04-14T02:40:08.674504940Z [inf]  2026-04-14T02:40:02.510Z 📊 FEATURE_5M | {"close":86.2,"ema8":86.1115,"ema18":86.0776,"rsi":56.106,"adx":17.139,"barIndex":16}
2026-04-14T02:45:12.653260614Z [inf]  2026-04-14T02:45:05.827Z 📊 FEATURE_5M | {"close":86.2,"ema8":86.1312,"ema18":86.0905,"rsi":56.106,"adx":16.101,"barIndex":17}
2026-04-14T02:50:05.943594768Z [inf]  2026-04-14T02:50:03.111Z 📊 FEATURE_5M | {"close":86.36,"ema8":86.182,"ema18":86.1189,"rsi":61.385,"adx":15.276,"barIndex":18}
2026-04-14T02:55:07.777661081Z [inf]  2026-04-14T02:55:02.508Z 📊 FEATURE_5M | {"close":86.24,"ema8":86.1949,"ema18":86.1316,"rsi":55.95,"adx":14.566,"barIndex":19}
2026-04-14T03:00:20.736077297Z [inf]  2026-04-14T03:00:10.803Z 📊 FEATURE_5M | {"close":86.22,"ema8":86.2005,"ema18":86.1409,"rsi":55.075,"adx":13.84,"barIndex":20}
2026-04-14T03:05:06.664411271Z [inf]  2026-04-14T03:05:03.812Z 📊 FEATURE_5M | {"close":86.18,"ema8":86.1959,"ema18":86.145,"rsi":53.279,"adx":12.875,"barIndex":21}
2026-04-14T03:10:10.041454849Z [inf]  2026-04-14T03:10:02.849Z 📊 FEATURE_5M | {"close":86.24,"ema8":86.2057,"ema18":86.155,"rsi":55.616,"adx":12.329,"barIndex":22}
2026-04-14T03:15:14.787983270Z [inf]  2026-04-14T03:15:05.826Z 📊 FEATURE_5M | {"close":86.14,"ema8":86.1911,"ema18":86.1535,"rsi":51.035,"adx":11.534,"barIndex":23}
2026-04-14T03:20:07.955341811Z [inf]  2026-04-14T03:20:04.068Z 📊 FEATURE_5M | {"close":86.15,"ema8":86.182,"ema18":86.1531,"rsi":51.465,"adx":11.175,"barIndex":24}
2026-04-14T03:25:10.406284751Z [inf]  2026-04-14T03:25:03.991Z 📊 FEATURE_5M | {"close":86.1,"ema8":86.1638,"ema18":86.1475,"rsi":49.138,"adx":10.842,"barIndex":25}
2026-04-14T03:30:13.704892183Z [inf]  2026-04-14T03:30:04.459Z 📊 FEATURE_5M | {"close":86.02,"ema8":86.1318,"ema18":86.1341,"rsi":45.587,"adx":11.256,"barIndex":26}
2026-04-14T03:35:08.298682481Z [inf]  2026-04-14T03:35:03.013Z 📊 FEATURE_5M | {"close":86.08,"ema8":86.1203,"ema18":86.1284,"rsi":48.588,"adx":11.064,"barIndex":27}
2026-04-14T03:40:02.964151623Z [inf]  2026-04-14T03:40:02.538Z 📊 FEATURE_5M | {"close":86.11,"ema8":86.118,"ema18":86.1265,"rsi":50.071,"adx":10.887,"barIndex":28}
2026-04-14T03:45:07.446024613Z [inf]  2026-04-14T03:45:04.111Z 📊 FEATURE_5M | {"close":86.15,"ema8":86.1251,"ema18":86.1289,"rsi":52.056,"adx":10.221,"barIndex":29}
2026-04-14T03:50:12.456781235Z [inf]  2026-04-14T03:50:02.697Z 📊 FEATURE_5M | {"close":86.06,"ema8":86.1106,"ema18":86.1217,"rsi":47.481,"adx":9.835,"barIndex":30}
2026-04-14T03:55:05.544611526Z [inf]  2026-04-14T03:55:02.136Z 📊 FEATURE_5M | {"close":86.07,"ema8":86.1016,"ema18":86.1162,"rsi":48.028,"adx":9.699,"barIndex":31}
2026-04-14T04:00:10.405509304Z [inf]  2026-04-14T04:00:05.753Z 📊 FEATURE_5M | {"close":86.05,"ema8":86.0901,"ema18":86.1093,"rsi":46.975,"adx":9.573,"barIndex":32}
2026-04-14T04:05:08.678899717Z [inf]  2026-04-14T04:05:02.607Z 📊 FEATURE_5M | {"close":85.95,"ema8":86.059,"ema18":86.0925,"rsi":42.015,"adx":10.06,"barIndex":33}
2026-04-14T04:10:03.268820439Z [inf]  2026-04-14T04:10:02.888Z 📊 FEATURE_5M | {"close":85.97,"ema8":86.0392,"ema18":86.0796,"rsi":43.304,"adx":10.513,"barIndex":34}
2026-04-14T04:15:06.791582046Z [inf]  2026-04-14T04:15:03.927Z 📊 FEATURE_5M | {"close":85.94,"ema8":86.0172,"ema18":86.0649,"rsi":41.803,"adx":11.012,"barIndex":35}
2026-04-14T04:20:10.352628961Z [inf]  2026-04-14T04:20:02.497Z 📊 FEATURE_5M | {"close":85.95,"ema8":86.0022,"ema18":86.0528,"rsi":42.518,"adx":11.358,"barIndex":36}
2026-04-14T04:25:03.739608909Z [inf]  2026-04-14T04:25:02.261Z 📊 FEATURE_5M | {"close":85.84,"ema8":85.9662,"ema18":86.0304,"rsi":37.113,"adx":12.465,"barIndex":37}
2026-04-14T04:30:08.672748186Z [inf]  2026-04-14T04:30:04.353Z 📊 FEATURE_5M | {"close":85.84,"ema8":85.9381,"ema18":86.0104,"rsi":37.113,"adx":13.636,"barIndex":38}
2026-04-14T04:35:13.754214476Z [inf]  2026-04-14T04:35:03.727Z 🔴 RAY_BEARISH_TREND_CHANGE | {"price":85.74,"ts":"2026-04-14T04:35:03Z"}
2026-04-14T04:35:13.754219847Z [inf]  2026-04-14T04:35:03.753Z 📊 FEATURE_5M | {"close":85.74,"ema8":85.8941,"ema18":85.9819,"rsi":32.727,"adx":15.259,"barIndex":39}
2026-04-14T04:40:07.534618019Z [inf]  2026-04-14T04:40:04.679Z 📊 FEATURE_5M | {"close":85.75,"ema8":85.8621,"ema18":85.9575,"rsi":33.572,"adx":16.83,"barIndex":40}
2026-04-14T04:45:10.015294648Z [inf]  2026-04-14T04:45:03.111Z 📊 FEATURE_5M | {"close":85.67,"ema8":85.8194,"ema18":85.9272,"rsi":30.292,"adx":18.604,"barIndex":41}
2026-04-14T04:50:04.880856228Z [inf]  2026-04-14T04:50:03.935Z 📊 FEATURE_5M | {"close":85.73,"ema8":85.7995,"ema18":85.9065,"rsi":35.391,"adx":20.797,"barIndex":42}
2026-04-14T04:55:08.249055782Z [inf]  2026-04-14T04:55:02.551Z 📊 FEATURE_5M | {"close":85.79,"ema8":85.7974,"ema18":85.8942,"rsi":40.108,"adx":22.4,"barIndex":43}
2026-04-14T05:00:12.816770359Z [inf]  2026-04-14T05:00:08.899Z 📊 FEATURE_5M | {"close":85.89,"ema8":85.818,"ema18":85.8938,"rsi":47.048,"adx":22.819,"barIndex":44}
2026-04-14T05:05:07.631556259Z [inf]  2026-04-14T05:05:02.527Z 📊 FEATURE_5M | {"close":85.88,"ema8":85.8318,"ema18":85.8923,"rsi":46.468,"adx":22.956,"barIndex":45}
2026-04-14T05:10:11.669398224Z [inf]  2026-04-14T05:10:02.779Z 📊 FEATURE_5M | {"close":85.8,"ema8":85.8247,"ema18":85.8826,"rsi":42.008,"adx":23.312,"barIndex":46}
2026-04-14T05:15:05.451923575Z [inf]  2026-04-14T05:15:04.971Z 📊 FEATURE_5M | {"close":85.77,"ema8":85.8126,"ema18":85.8707,"rsi":40.44,"adx":23.719,"barIndex":47}
2026-04-14T05:20:04.063999952Z [inf]  2026-04-14T05:20:02.478Z 📊 FEATURE_5M | {"close":85.72,"ema8":85.792,"ema18":85.8549,"rsi":37.901,"adx":24.74,"barIndex":48}
2026-04-14T05:25:07.173537849Z [inf]  2026-04-14T05:25:03.175Z 📊 FEATURE_5M | {"close":85.71,"ema8":85.7738,"ema18":85.8396,"rsi":37.396,"adx":23.962,"barIndex":49}
2026-04-14T05:30:11.564643817Z [inf]  2026-04-14T05:30:05.430Z 📊 FEATURE_5M | {"close":85.75,"ema8":85.7685,"ema18":85.8302,"rsi":40.798,"adx":23.32,"barIndex":50}
2026-04-14T05:35:05.221957842Z [inf]  2026-04-14T05:35:03.040Z 📊 FEATURE_5M | {"close":85.7,"ema8":85.7533,"ema18":85.8165,"rsi":38.017,"adx":22.725,"barIndex":51}
2026-04-14T05:40:07.770399967Z [inf]  2026-04-14T05:40:02.988Z 📊 FEATURE_5M | {"close":85.77,"ema8":85.757,"ema18":85.8116,"rsi":43.793,"adx":21.129,"barIndex":52}
2026-04-14T05:45:12.052915952Z [inf]  2026-04-14T05:45:05.348Z 📊 FEATURE_5M | {"close":85.74,"ema8":85.7532,"ema18":85.8041,"rsi":41.987,"adx":19.647,"barIndex":53}
2026-04-14T05:50:09.698448254Z [inf]  2026-04-14T05:50:04.075Z 📊 FEATURE_5M | {"close":85.63,"ema8":85.7258,"ema18":85.7857,"rsi":36.107,"adx":18.918,"barIndex":54}
2026-04-14T05:55:03.344931624Z [inf]  2026-04-14T05:55:02.969Z 📊 FEATURE_5M | {"close":85.58,"ema8":85.6934,"ema18":85.7641,"rsi":33.791,"adx":18.858,"barIndex":55}
2026-04-14T06:00:17.709060423Z [inf]  2026-04-14T06:00:12.354Z 📊 FEATURE_5M | {"close":85.5,"ema8":85.6504,"ema18":85.7363,"rsi":30.427,"adx":19.739,"barIndex":56}
2026-04-14T06:05:11.501113696Z [inf]  2026-04-14T06:05:02.970Z 📊 FEATURE_5M | {"close":85.59,"ema8":85.637,"ema18":85.7209,"rsi":37.915,"adx":19.364,"barIndex":57}
2026-04-14T06:10:05.424792475Z [inf]  2026-04-14T06:10:03.842Z 📊 FEATURE_5M | {"close":85.64,"ema8":85.6377,"ema18":85.7124,"rsi":41.67,"adx":19.015,"barIndex":58}
2026-04-14T06:15:08.326901800Z [inf]  2026-04-14T06:15:05.523Z 📊 FEATURE_5M | {"close":85.65,"ema8":85.6404,"ema18":85.7058,"rsi":42.42,"adx":18.375,"barIndex":59}
2026-04-14T06:20:03.361441962Z [inf]  2026-04-14T06:20:02.946Z 📊 FEATURE_5M | {"close":85.76,"ema8":85.667,"ema18":85.7115,"rsi":50.033,"adx":17.304,"barIndex":60}
2026-04-14T06:25:06.727975443Z [inf]  2026-04-14T06:25:03.213Z 📊 FEATURE_5M | {"close":85.88,"ema8":85.7143,"ema18":85.7292,"rsi":56.751,"adx":17.111,"barIndex":61}
2026-04-14T06:30:08.506452322Z [inf]  2026-04-14T06:30:07.216Z 📊 FEATURE_5M | {"close":85.75,"ema8":85.7223,"ema18":85.7314,"rsi":49.056,"adx":17.548,"barIndex":62}
2026-04-14T06:35:11.425032766Z [inf]  2026-04-14T06:35:03.345Z 📊 FEATURE_5M | {"close":85.61,"ema8":85.6973,"ema18":85.7186,"rsi":42.391,"adx":16.838,"barIndex":63}
2026-04-14T06:40:06.369378511Z [inf]  2026-04-14T06:40:03.395Z 📊 FEATURE_5M | {"close":85.72,"ema8":85.7023,"ema18":85.7188,"rsi":48.331,"adx":16.179,"barIndex":64}
2026-04-14T06:45:11.534241712Z [inf]  2026-04-14T06:45:05.197Z 📊 FEATURE_5M | {"close":85.69,"ema8":85.6996,"ema18":85.7158,"rsi":46.911,"adx":15.646,"barIndex":65}
2026-04-14T06:50:06.700512078Z [inf]  2026-04-14T06:50:03.249Z 📊 FEATURE_5M | {"close":85.8,"ema8":85.7219,"ema18":85.7246,"rsi":52.432,"adx":15.697,"barIndex":66}
2026-04-14T06:55:10.214928358Z [inf]  2026-04-14T06:55:02.984Z 📊 FEATURE_5M | {"close":85.9,"ema8":85.7615,"ema18":85.7431,"rsi":56.828,"adx":16.302,"barIndex":67}
2026-04-14T07:00:25.539974464Z [inf]  2026-04-14T07:00:14.436Z 📊 FEATURE_5M | {"close":85.94,"ema8":85.8012,"ema18":85.7638,"rsi":58.481,"adx":17.863,"barIndex":68}
2026-04-14T07:05:10.014727148Z [inf]  2026-04-14T07:05:05.088Z 📊 FEATURE_5M | {"close":85.92,"ema8":85.8276,"ema18":85.7803,"rsi":57.3,"adx":18.421,"barIndex":69}
2026-04-14T07:10:13.431671680Z [inf]  2026-04-14T07:10:05.010Z 📊 FEATURE_5M | {"close":86.17,"ema8":85.9037,"ema18":85.8213,"rsi":66.428,"adx":19.804,"barIndex":70}
2026-04-14T07:15:06.074817390Z [inf]  2026-04-14T07:15:05.388Z 📊 FEATURE_5M | {"close":86.02,"ema8":85.9295,"ema18":85.8422,"rsi":58.366,"adx":21.089,"barIndex":71}
2026-04-14T07:20:10.229975513Z [inf]  2026-04-14T07:20:03.289Z 📊 FEATURE_5M | {"close":86.05,"ema8":85.9563,"ema18":85.8641,"rsi":59.426,"adx":21.698,"barIndex":72}
2026-04-14T07:25:12.629071201Z [inf]  2026-04-14T07:25:03.753Z 📊 FEATURE_5M | {"close":85.95,"ema8":85.9549,"ema18":85.8731,"rsi":54.447,"adx":22.264,"barIndex":73}
2026-04-14T07:30:07.303339965Z [inf]  2026-04-14T07:30:06.166Z 📊 FEATURE_5M | {"close":86.08,"ema8":85.9827,"ema18":85.8949,"rsi":59.23,"adx":22.789,"barIndex":74}
2026-04-14T07:35:12.065116607Z [inf]  2026-04-14T07:35:03.463Z 📊 FEATURE_5M | {"close":85.93,"ema8":85.971,"ema18":85.8986,"rsi":52.395,"adx":22.842,"barIndex":75}
2026-04-14T07:40:06.100355016Z [inf]  2026-04-14T07:40:02.995Z 📊 FEATURE_5M | {"close":85.91,"ema8":85.9574,"ema18":85.8998,"rsi":51.54,"adx":21.899,"barIndex":76}
2026-04-14T07:45:08.333501298Z [inf]  2026-04-14T07:45:04.429Z 📊 FEATURE_5M | {"close":85.8,"ema8":85.9224,"ema18":85.8893,"rsi":47.002,"adx":20.839,"barIndex":77}
2026-04-14T07:50:10.626818213Z [inf]  2026-04-14T07:50:03.176Z 📊 FEATURE_5M | {"close":85.93,"ema8":85.9241,"ema18":85.8936,"rsi":52.343,"adx":19.855,"barIndex":78}
2026-04-14T07:55:05.901915186Z [inf]  2026-04-14T07:55:02.930Z 📊 FEATURE_5M | {"close":85.93,"ema8":85.9254,"ema18":85.8974,"rsi":52.343,"adx":18.94,"barIndex":79}
2026-04-14T08:00:12.422769345Z [inf]  2026-04-14T08:00:10.709Z 📊 FEATURE_5M | {"close":85.88,"ema8":85.9153,"ema18":85.8956,"rsi":50.091,"adx":17.609,"barIndex":80}
2026-04-14T08:05:06.049208566Z [inf]  2026-04-14T08:05:04.254Z 📊 FEATURE_5M | {"close":85.86,"ema8":85.903,"ema18":85.8918,"rsi":49.18,"adx":17.126,"barIndex":81}
2026-04-14T08:10:09.054257785Z [inf]  2026-04-14T08:10:02.989Z 📊 FEATURE_5M | {"close":85.83,"ema8":85.8868,"ema18":85.8853,"rsi":47.776,"adx":16.354,"barIndex":82}
2026-04-14T08:15:12.038442326Z [inf]  2026-04-14T08:15:05.838Z 📊 FEATURE_5M | {"close":85.82,"ema8":85.872,"ema18":85.8784,"rsi":47.291,"adx":16.495,"barIndex":83}
2026-04-14T08:20:04.975170119Z [inf]  2026-04-14T08:20:03.957Z 📊 FEATURE_5M | {"close":85.83,"ema8":85.8626,"ema18":85.8733,"rsi":47.861,"adx":16.705,"barIndex":84}
2026-04-14T08:25:09.637408832Z [inf]  2026-04-14T08:25:02.983Z 📊 FEATURE_5M | {"close":85.99,"ema8":85.8909,"ema18":85.8856,"rsi":56.046,"adx":15.746,"barIndex":85}
2026-04-14T08:30:14.572303001Z [inf]  2026-04-14T08:30:08.015Z 📊 FEATURE_5M | {"close":86.01,"ema8":85.9174,"ema18":85.8987,"rsi":56.955,"adx":15.27,"barIndex":86}
2026-04-14T08:35:08.032704606Z [inf]  2026-04-14T08:35:03.748Z 🟢 BULL_REGIME_ON | {"source":"ray_bullish_trend_change","bullRegimeId":1,"ts":"2026-04-14T08:35:01Z"}
2026-04-14T08:35:08.032720773Z [inf]  2026-04-14T08:35:03.748Z 🟢 RAY_BULLISH_TREND_CHANGE | {"price":86.25,"ts":"2026-04-14T08:35:01Z"}
2026-04-14T08:35:08.032729314Z [inf]  2026-04-14T08:35:03.748Z 🚀 TREND_CHANGE_LAUNCH_ARMED | {"armedBar":86,"expiresBar":88,"rayPrice":86.25,"rayTime":"2026-04-14T08:35:01Z"}
2026-04-14T08:35:08.032739759Z [inf]  2026-04-14T08:35:03.749Z 🚫 LAUNCH_ENTRY_BLOCKED | {"allow":false,"source":"immediate_trend_change_launch","reasons":["launch_rsi_too_low","launch_chase_too_high"],"extFromEma8":0.38711599745802283,"extFromEma18":0.4089701008280624,"launchChasePct":0.38711599745802283,"armedBar":86,"expiresBar":88,"strongOverrideCandidate":false}
2026-04-14T08:35:08.032749694Z [inf]  2026-04-14T08:35:04.020Z 📊 FEATURE_5M | {"close":86.25,"ema8":85.9913,"ema18":85.9357,"rsi":66.038,"adx":16.319,"barIndex":87}
2026-04-14T08:35:08.032754315Z [inf]  2026-04-14T08:35:04.020Z 🧠 BREAKOUT_MEMORY_ARMED | {"armedBar":87,"expiresBar":91,"triggerPrice":86.25,"reclaimPrice":85.9913,"breakoutHigh":86.28}
2026-04-14T08:35:08.032764781Z [inf]  2026-04-14T08:35:04.020Z 🚀 TREND_CHANGE_LAUNCH_CLEARED | {"reason":"consumed_on_entry"}
2026-04-14T08:35:08.032773217Z [inf]  2026-04-14T08:35:04.020Z 🧠 BREAKOUT_MEMORY_CLEARED | {"reason":"consumed_on_entry"}
2026-04-14T08:35:08.032780756Z [inf]  2026-04-14T08:35:04.020Z 📥 ENTER | {"brain":"BrainRAY_Continuation_v2.3","mode":"bullish_trend_change_launch_long","price":86.25,"stop":85.56,"decision":{"allow":true,"source":"deferred_trend_change_launch","mode":"bullish_trend_change_launch_long","entryPrice":86.25,"extFromEma8":0.3008443877462076,"extFromEma18":0.36573856965149865,"launchChasePct":0.3008443877462076,"armedBar":86,"expiresBar":88,"strongOverride":false}}
2026-04-14T08:35:08.032790013Z [inf]  2026-04-14T08:35:04.021Z 📦 SIGNAL_PREVIEW | {"secret":"eyJhbGciOiJIUzI1NiJ9.eyJzaWduYWxzX3NvdXJjZV9pZCI6MTUzMTM5fQ.Srf5-FSdAd7Pw3quIqIGiYAdE2cznVvSAETQD1uet8I","bot_uuid":"d67d6a33-8073-4acf-a8a9-9182b1665acc","max_lag":"300","timestamp":"2026-04-14T08:35:04.021Z","trigger_price":"86.25","tv_exchange":"BINANCE","tv_instrument":"SOLUSDT","action":"enter_long","meta":{"mode":"bullish_trend_change_launch_long","setup_type":"bullish_trend_change_launch_long","brain":"BrainRAY_Continuation_v2.3"}}
2026-04-14T08:35:08.038305241Z [inf]  2026-04-14T08:35:04.626Z ✅ 3COMMAS_RESP | {"action":"enter_long","status":200,"ok":true,"body":""}
2026-04-14T08:40:11.104350707Z [inf]  2026-04-14T08:40:03.288Z 📊 FEATURE_5M | {"close":86.24,"ema8":86.0466,"ema18":85.9677,"rsi":65.418,"adx":17.779,"barIndex":88}
2026-04-14T08:40:11.104359216Z [inf]  2026-04-14T08:40:03.288Z 🧠 BREAKOUT_MEMORY_ARMED | {"armedBar":88,"expiresBar":92,"triggerPrice":86.24,"reclaimPrice":86.0466,"breakoutHigh":86.38}
2026-04-14T08:45:13.239419223Z [inf]  2026-04-14T08:45:04.553Z 📊 FEATURE_5M | {"close":86.11,"ema8":86.0607,"ema18":85.9827,"rsi":57.825,"adx":17.888,"barIndex":89}
2026-04-14T08:45:13.239428768Z [inf]  2026-04-14T08:45:04.553Z 🧠 BREAKOUT_MEMORY_ARMED | {"armedBar":89,"expiresBar":93,"triggerPrice":86.11,"reclaimPrice":86.0607,"breakoutHigh":86.24}
2026-04-14T08:50:07.522878516Z [inf]  2026-04-14T08:50:03.110Z 📊 FEATURE_5M | {"close":86.15,"ema8":86.0805,"ema18":86.0003,"rsi":59.387,"adx":17.667,"barIndex":90}
2026-04-14T08:50:07.522883406Z [inf]  2026-04-14T08:50:03.110Z 🧠 BREAKOUT_MEMORY_ARMED | {"armedBar":90,"expiresBar":94,"triggerPrice":86.15,"reclaimPrice":86.0805,"breakoutHigh":86.17}
2026-04-14T08:55:11.140034642Z [inf]  2026-04-14T08:55:02.734Z 📊 FEATURE_5M | {"close":86.1,"ema8":86.0848,"ema18":86.0108,"rsi":56.567,"adx":17.811,"barIndex":91}
2026-04-14T08:55:11.140039556Z [inf]  2026-04-14T08:55:02.734Z 🧠 BREAKOUT_MEMORY_ARMED | {"armedBar":91,"expiresBar":95,"triggerPrice":86.1,"reclaimPrice":86.0848,"breakoutHigh":86.23}
2026-04-14T09:00:15.618183999Z [inf]  2026-04-14T09:00:11.687Z 📊 FEATURE_5M | {"close":86.12,"ema8":86.0927,"ema18":86.0223,"rsi":57.438,"adx":17.946,"barIndex":92}
2026-04-14T09:00:15.618189422Z [inf]  2026-04-14T09:00:11.687Z 🧠 BREAKOUT_MEMORY_ARMED | {"armedBar":92,"expiresBar":96,"triggerPrice":86.12,"reclaimPrice":86.0927,"breakoutHigh":86.14}
2026-04-14T09:05:07.522018053Z [inf]  2026-04-14T09:05:03.453Z 📊 FEATURE_5M | {"close":86.12,"ema8":86.0987,"ema18":86.0326,"rsi":57.438,"adx":18.485,"barIndex":93}
2026-04-14T09:05:07.522024514Z [inf]  2026-04-14T09:05:03.453Z 🧠 BREAKOUT_MEMORY_ARMED | {"armedBar":93,"expiresBar":97,"triggerPrice":86.12,"reclaimPrice":86.0987,"breakoutHigh":86.21}
2026-04-14T09:10:08.910363547Z [inf]  2026-04-14T09:10:02.914Z 📊 FEATURE_5M | {"close":86.21,"ema8":86.1235,"ema18":86.0513,"rsi":61.469,"adx":18.604,"barIndex":94}
2026-04-14T09:10:08.910367393Z [inf]  2026-04-14T09:10:02.914Z 🧠 BREAKOUT_MEMORY_ARMED | {"armedBar":94,"expiresBar":98,"triggerPrice":86.21,"reclaimPrice":86.1235,"breakoutHigh":86.23}
2026-04-14T09:15:13.636159267Z [inf]  2026-04-14T09:15:04.605Z 📊 FEATURE_5M | {"close":86.22,"ema8":86.1449,"ema18":86.069,"rsi":61.901,"adx":18.78,"barIndex":95}
2026-04-14T09:15:13.636166433Z [inf]  2026-04-14T09:15:04.605Z 🧠 BREAKOUT_MEMORY_ARMED | {"armedBar":95,"expiresBar":99,"triggerPrice":86.22,"reclaimPrice":86.1449,"breakoutHigh":86.24}
2026-04-14T09:20:08.705782713Z [inf]  2026-04-14T09:20:04.390Z 📊 FEATURE_5M | {"close":86.17,"ema8":86.1505,"ema18":86.0797,"rsi":58.378,"adx":19.077,"barIndex":96}
2026-04-14T09:20:08.705789883Z [inf]  2026-04-14T09:20:04.390Z 🧠 BREAKOUT_MEMORY_ARMED | {"armedBar":96,"expiresBar":100,"triggerPrice":86.17,"reclaimPrice":86.1505,"breakoutHigh":86.26}
2026-04-14T09:25:11.922927043Z [inf]  2026-04-14T09:25:03.939Z 🧠 BREAKOUT_MEMORY_CLEARED | {"reason":"lost_reclaim"}
2026-04-14T09:25:11.922932049Z [inf]  2026-04-14T09:25:03.939Z 📊 FEATURE_5M | {"close":86.06,"ema8":86.1304,"ema18":86.0776,"rsi":51.442,"adx":18.098,"barIndex":97}
2026-04-14T09:30:15.914061463Z [inf]  2026-04-14T09:30:08.007Z 📊 FEATURE_5M | {"close":86.05,"ema8":86.1125,"ema18":86.0747,"rsi":50.851,"adx":16.93,"barIndex":98}
2026-04-14T09:35:07.603567963Z [inf]  2026-04-14T09:35:04.828Z 📊 FEATURE_5M | {"close":86.12,"ema8":86.1142,"ema18":86.0794,"rsi":54.771,"adx":16.329,"barIndex":99}
2026-04-14T09:35:07.603573998Z [inf]  2026-04-14T09:35:04.828Z 🧠 BREAKOUT_MEMORY_ARMED | {"armedBar":99,"expiresBar":103,"triggerPrice":86.12,"reclaimPrice":86.1142,"breakoutHigh":86.15}
2026-04-14T09:40:11.945758014Z [inf]  2026-04-14T09:40:03.036Z 📊 FEATURE_5M | {"close":86.12,"ema8":86.1155,"ema18":86.0837,"rsi":54.771,"adx":15.771,"barIndex":100}
2026-04-14T09:40:11.945764760Z [inf]  2026-04-14T09:40:03.036Z 🧠 BREAKOUT_MEMORY_ARMED | {"armedBar":100,"expiresBar":104,"triggerPrice":86.12,"reclaimPrice":86.1155,"breakoutHigh":86.14}
2026-04-14T09:45:06.628391760Z [inf]  2026-04-14T09:45:06.480Z 📊 FEATURE_5M | {"close":86.05,"ema8":86.1009,"ema18":86.0802,"rsi":50.134,"adx":15.503,"barIndex":101}
2026-04-14T09:50:11.022479922Z [inf]  2026-04-14T09:50:03.264Z 🧠 BREAKOUT_MEMORY_CLEARED | {"reason":"lost_reclaim"}
2026-04-14T09:50:11.022484988Z [inf]  2026-04-14T09:50:03.264Z 📊 FEATURE_5M | {"close":86,"ema8":86.0785,"ema18":86.0717,"rsi":47.068,"adx":14.644,"barIndex":102}
2026-04-14T09:55:13.823314949Z [inf]  2026-04-14T09:55:03.498Z 📊 FEATURE_5M | {"close":86.03,"ema8":86.0677,"ema18":86.0673,"rsi":49.08,"adx":13.847,"barIndex":103}
2026-04-14T10:00:17.688420817Z [inf]  2026-04-14T10:00:10.925Z 🧠 BREAKOUT_MEMORY_ARMED | {"armedBar":104,"expiresBar":108,"triggerPrice":86.08,"reclaimPrice":86.0704,"breakoutHigh":86.15}
2026-04-14T10:00:17.688426155Z [inf]  2026-04-14T10:00:10.925Z 📊 FEATURE_5M | {"close":86.08,"ema8":86.0704,"ema18":86.0687,"rsi":52.332,"adx":14.068,"barIndex":104}
2026-04-14T10:05:10.932418818Z [inf]  2026-04-14T10:05:02.764Z 📊 FEATURE_5M | {"close":86.12,"ema8":86.0815,"ema18":86.0741,"rsi":54.818,"adx":13.945,"barIndex":105}
2026-04-14T10:10:05.747005072Z [inf]  2026-04-14T10:10:04.875Z 📊 FEATURE_5M | {"close":86.21,"ema8":86.11,"ema18":86.0884,"rsi":59.887,"adx":14.606,"barIndex":106}
2026-04-14T10:10:05.747010252Z [inf]  2026-04-14T10:10:04.875Z 🧠 BREAKOUT_MEMORY_ARMED | {"armedBar":106,"expiresBar":110,"triggerPrice":86.21,"reclaimPrice":86.11,"breakoutHigh":86.25}
2026-04-14T10:15:09.079495544Z [inf]  2026-04-14T10:15:05.167Z 📊 FEATURE_5M | {"close":86.33,"ema8":86.1589,"ema18":86.1138,"rsi":65.453,"adx":15.749,"barIndex":107}
2026-04-14T10:15:09.079503015Z [inf]  2026-04-14T10:15:05.167Z 🧠 BREAKOUT_MEMORY_ARMED | {"armedBar":107,"expiresBar":111,"triggerPrice":86.33,"reclaimPrice":86.1589,"breakoutHigh":86.33}
2026-04-14T10:20:12.419024204Z [inf]  2026-04-14T10:20:03.877Z 📊 FEATURE_5M | {"close":86.27,"ema8":86.1836,"ema18":86.1303,"rsi":60.903,"adx":16.936,"barIndex":108}
2026-04-14T10:20:12.419033791Z [inf]  2026-04-14T10:20:03.877Z 🧠 BREAKOUT_MEMORY_ARMED | {"armedBar":108,"expiresBar":112,"triggerPrice":86.27,"reclaimPrice":86.1836,"breakoutHigh":86.35}
2026-04-14T10:25:04.918419492Z [inf]  2026-04-14T10:25:02.361Z 📊 FEATURE_5M | {"close":86.24,"ema8":86.1961,"ema18":86.1418,"rsi":58.705,"adx":17.787,"barIndex":109}
2026-04-14T10:25:04.918425708Z [inf]  2026-04-14T10:25:02.362Z 🧠 BREAKOUT_MEMORY_ARMED | {"armedBar":109,"expiresBar":113,"triggerPrice":86.24,"reclaimPrice":86.1961,"breakoutHigh":86.28}
2026-04-14T10:30:17.382353928Z [inf]  2026-04-14T10:30:09.529Z 📊 FEATURE_5M | {"close":86.24,"ema8":86.2059,"ema18":86.1521,"rsi":58.705,"adx":18.448,"barIndex":110}
2026-04-14T10:30:17.382360450Z [inf]  2026-04-14T10:30:09.529Z 🧠 BREAKOUT_MEMORY_ARMED | {"armedBar":110,"expiresBar":114,"triggerPrice":86.24,"reclaimPrice":86.2059,"breakoutHigh":86.28}
2026-04-14T10:35:11.131107888Z [inf]  2026-04-14T10:35:02.745Z 📊 FEATURE_5M | {"close":86.36,"ema8":86.2401,"ema18":86.174,"rsi":64.626,"adx":19.626,"barIndex":111}
2026-04-14T10:35:11.131112524Z [inf]  2026-04-14T10:35:02.745Z 🧠 BREAKOUT_MEMORY_ARMED | {"armedBar":111,"expiresBar":115,"triggerPrice":86.36,"reclaimPrice":86.2401,"breakoutHigh":86.36}
2026-04-14T10:40:13.913361675Z [inf]  2026-04-14T10:40:04.355Z 🧠 BREAKOUT_MEMORY_CLEARED | {"reason":"lost_reclaim"}
2026-04-14T10:40:13.913368064Z [inf]  2026-04-14T10:40:04.355Z 📊 FEATURE_5M | {"close":86.15,"ema8":86.2201,"ema18":86.1715,"rsi":50.878,"adx":21.767,"barIndex":112}
2026-04-14T10:45:08.429063404Z [inf]  2026-04-14T10:45:04.935Z 📊 FEATURE_5M | {"close":86.12,"ema8":86.1979,"ema18":86.1661,"rsi":49.265,"adx":23.03,"barIndex":113}
2026-04-14T10:50:12.131301269Z [inf]  2026-04-14T10:50:02.844Z 📊 FEATURE_5M | {"close":86.12,"ema8":86.1806,"ema18":86.1612,"rsi":49.265,"adx":23.631,"barIndex":114}
2026-04-14T10:55:05.282495934Z [inf]  2026-04-14T10:55:02.289Z 📊 FEATURE_5M | {"close":86.1,"ema8":86.1627,"ema18":86.1548,"rsi":48.087,"adx":24.629,"barIndex":115}
2026-04-14T11:00:19.269057236Z [inf]  2026-04-14T11:00:10.572Z 📊 FEATURE_5M | {"close":86.01,"ema8":86.1287,"ema18":86.1395,"rsi":43.093,"adx":24.788,"barIndex":116}
2026-04-14T11:05:04.505822469Z [inf]  2026-04-14T11:05:03.532Z 📊 FEATURE_5M | {"close":85.94,"ema8":86.0868,"ema18":86.1185,"rsi":39.644,"adx":23.791,"barIndex":117}
2026-04-14T11:05:04.505828589Z [inf]  2026-04-14T11:05:03.965Z 🔴 RAY_BEARISH_TREND_CHANGE | {"price":85.94,"ts":"2026-04-14T11:05:02Z"}
2026-04-14T11:05:04.505834120Z [inf]  2026-04-14T11:05:03.966Z 📤 EXIT | {"reason":"ray_bearish_trend_change","exitClass":"regime_break","price":85.94,"pnlPct":-0.3594,"entryPrice":86.25,"entryMode":"bullish_trend_change_launch_long","heldSec":8998}
2026-04-14T11:05:04.505839876Z [inf]  2026-04-14T11:05:03.966Z 📦 SIGNAL_PREVIEW | {"secret":"eyJhbGciOiJIUzI1NiJ9.eyJzaWduYWxzX3NvdXJjZV9pZCI6MTUzMTM5fQ.Srf5-FSdAd7Pw3quIqIGiYAdE2cznVvSAETQD1uet8I","bot_uuid":"d67d6a33-8073-4acf-a8a9-9182b1665acc","max_lag":"300","timestamp":"2026-04-14T11:05:03.966Z","trigger_price":"85.94","tv_exchange":"BINANCE","tv_instrument":"SOLUSDT","action":"exit_long","meta":{"reason":"ray_bearish_trend_change","brain":"BrainRAY_Continuation_v2.3","entry_mode":"bullish_trend_change_launch_long"}}
2026-04-14T11:05:04.505849099Z [inf]  2026-04-14T11:05:03.969Z 🔴 BULL_REGIME_OFF | {"reason":"ray_bearish_trend_change","ts":"2026-04-14T11:05:02Z","bullRegimeId":1}
2026-04-14T11:05:04.505854456Z [inf]  2026-04-14T11:05:04.356Z ✅ 3COMMAS_RESP | {"action":"exit_long","status":200,"ok":true,"body":""}
2026-04-14T11:10:07.953975186Z [inf]  2026-04-14T11:10:04.186Z 📊 FEATURE_5M | {"close":85.95,"ema8":86.0564,"ema18":86.1008,"rsi":40.378,"adx":22.283,"barIndex":118}
2026-04-14T11:15:10.836217931Z [inf]  2026-04-14T11:15:04.957Z 📊 FEATURE_5M | {"close":86.01,"ema8":86.0461,"ema18":86.0912,"rsi":44.722,"adx":20.817,"barIndex":119}
2026-04-14T11:20:03.757941493Z [inf]  2026-04-14T11:20:03.663Z 📊 FEATURE_5M | {"close":85.95,"ema8":86.0247,"ema18":86.0764,"rsi":41.468,"adx":19.68,"barIndex":120}
2026-04-14T11:25:08.472478495Z [inf]  2026-04-14T11:25:03.010Z 📊 FEATURE_5M | {"close":85.84,"ema8":85.9837,"ema18":86.0515,"rsi":36.259,"adx":18.567,"barIndex":121}
2026-04-14T11:30:12.746150348Z [inf]  2026-04-14T11:30:07.234Z 📊 FEATURE_5M | {"close":85.68,"ema8":85.9162,"ema18":86.0124,"rsi":30.298,"adx":18.766,"barIndex":122}
2026-04-14T11:35:05.400520399Z [inf]  2026-04-14T11:35:04.379Z 📊 FEATURE_5M | {"close":85.77,"ema8":85.8837,"ema18":85.9869,"rsi":36.611,"adx":19.17,"barIndex":123}
2026-04-14T11:40:07.930279113Z [inf]  2026-04-14T11:40:04.627Z 📊 FEATURE_5M | {"close":85.85,"ema8":85.8762,"ema18":85.9725,"rsi":41.669,"adx":18.402,"barIndex":124}
2026-04-14T11:45:09.922089045Z [inf]  2026-04-14T11:45:05.074Z 📊 FEATURE_5M | {"close":85.87,"ema8":85.8748,"ema18":85.9617,"rsi":42.895,"adx":17.689,"barIndex":125}
2026-04-14T11:50:11.602003938Z [inf]  2026-04-14T11:50:03.914Z 📊 FEATURE_5M | {"close":85.88,"ema8":85.876,"ema18":85.9531,"rsi":43.535,"adx":16.635,"barIndex":126}
2026-04-14T11:55:05.478314283Z [inf]  2026-04-14T11:55:02.815Z 📊 FEATURE_5M | {"close":85.9,"ema8":85.8813,"ema18":85.9475,"rsi":44.864,"adx":15.657,"barIndex":127}
2026-04-14T12:00:09.567831348Z [inf]  2026-04-14T12:00:09.536Z 📊 FEATURE_5M | {"close":85.78,"ema8":85.8588,"ema18":85.9299,"rsi":38.939,"adx":16.119,"barIndex":128}
2026-04-14T12:05:07.328819535Z [inf]  2026-04-14T12:05:03.628Z 📊 FEATURE_5M | {"close":85.89,"ema8":85.8657,"ema18":85.9257,"rsi":45.982,"adx":16.548,"barIndex":129}
2026-04-14T12:10:05.229798872Z [inf]  2026-04-14T12:10:04.387Z 📊 FEATURE_5M | {"close":85.98,"ema8":85.8911,"ema18":85.9314,"rsi":50.965,"adx":16.088,"barIndex":130}
2026-04-14T12:15:07.419111864Z [inf]  2026-04-14T12:15:04.269Z 📊 FEATURE_5M | {"close":85.81,"ema8":85.8731,"ema18":85.9186,"rsi":42.912,"adx":16.22,"barIndex":131}
2026-04-14T12:20:10.576184751Z [inf]  2026-04-14T12:20:03.704Z 📊 FEATURE_5M | {"close":85.85,"ema8":85.868,"ema18":85.9114,"rsi":45.11,"adx":16.342,"barIndex":132}
2026-04-14T12:25:08.506380821Z [inf]  2026-04-14T12:25:03.089Z 📊 FEATURE_5M | {"close":85.74,"ema8":85.8395,"ema18":85.8933,"rsi":40.493,"adx":16.939,"barIndex":133}
2026-04-14T12:30:14.806228292Z [inf]  2026-04-14T12:30:08.299Z 📊 FEATURE_5M | {"close":85.68,"ema8":85.8041,"ema18":85.8709,"rsi":38.197,"adx":17.829,"barIndex":134}
2026-04-14T12:35:11.233754983Z [inf]  2026-04-14T12:35:03.582Z 📊 FEATURE_5M | {"close":85.73,"ema8":85.7876,"ema18":85.8561,"rsi":41.19,"adx":17.809,"barIndex":135}
2026-04-14T12:40:05.581959370Z [inf]  2026-04-14T12:40:03.581Z 📊 FEATURE_5M | {"close":85.9,"ema8":85.8126,"ema18":85.8607,"rsi":50.047,"adx":17.272,"barIndex":136}
2026-04-14T12:45:11.202470208Z [inf]  2026-04-14T12:45:04.686Z 📊 FEATURE_5M | {"close":85.76,"ema8":85.8009,"ema18":85.8501,"rsi":44.15,"adx":16.774,"barIndex":137}
2026-04-14T12:50:10.198625451Z [inf]  2026-04-14T12:50:03.606Z 📊 FEATURE_5M | {"close":85.83,"ema8":85.8074,"ema18":85.848,"rsi":47.482,"adx":16.311,"barIndex":138}
2026-04-14T12:55:12.016165251Z [inf]  2026-04-14T12:55:03.016Z 📊 FEATURE_5M | {"close":85.91,"ema8":85.8302,"ema18":85.8545,"rsi":51.075,"adx":15.406,"barIndex":139}
2026-04-14T13:00:20.292369416Z [inf]  2026-04-14T13:00:09.850Z 📊 FEATURE_5M | {"close":85.96,"ema8":85.859,"ema18":85.8656,"rsi":53.228,"adx":14.821,"barIndex":140}
2026-04-14T13:05:13.479638911Z [inf]  2026-04-14T13:05:03.768Z 📊 FEATURE_5M | {"close":86.14,"ema8":85.9215,"ema18":85.8945,"rsi":60.047,"adx":15.497,"barIndex":141}
2026-04-14T13:10:05.728256109Z [inf]  2026-04-14T13:10:03.239Z 📊 FEATURE_5M | {"close":86.15,"ema8":85.9723,"ema18":85.9214,"rsi":60.392,"adx":16.125,"barIndex":142}
2026-04-14T13:15:14.264330531Z [inf]  2026-04-14T13:15:04.294Z 📊 FEATURE_5M | {"close":86.1,"ema8":86.0006,"ema18":85.9402,"rsi":57.705,"adx":16.708,"barIndex":143}
2026-04-14T13:20:10.772808518Z [inf]  2026-04-14T13:20:04.060Z 📊 FEATURE_5M | {"close":86.31,"ema8":86.0694,"ema18":85.9791,"rsi":64.79,"adx":18.477,"barIndex":144}
2026-04-14T13:25:05.751724597Z [inf]  2026-04-14T13:25:03.354Z 📊 FEATURE_5M | {"close":86.31,"ema8":86.1229,"ema18":86.0139,"rsi":64.79,"adx":20.119,"barIndex":145}
2026-04-14T13:30:25.779659810Z [inf]  2026-04-14T13:30:20.061Z 📊 FEATURE_5M | {"close":86.12,"ema8":86.1222,"ema18":86.0251,"rsi":55.105,"adx":20.607,"barIndex":146}
2026-04-14T13:35:08.352984020Z [inf]  2026-04-14T13:35:04.659Z 📊 FEATURE_5M | {"close":86.48,"ema8":86.2017,"ema18":86.073,"rsi":65.598,"adx":22.455,"barIndex":147}
2026-04-14T13:40:11.574805870Z [inf]  2026-04-14T13:40:06.232Z 📊 FEATURE_5M | {"close":86.55,"ema8":86.2791,"ema18":86.1232,"rsi":67.203,"adx":24.449,"barIndex":148}
2026-04-14T13:45:15.983770635Z [inf]  2026-04-14T13:45:11.087Z 📊 FEATURE_5M | {"close":87.04,"ema8":86.4482,"ema18":86.2197,"rsi":75.738,"adx":27.183,"barIndex":149}
2026-04-14T13:45:15.983786988Z [inf]  2026-04-14T13:45:11.882Z 🚫 LAUNCH_ENTRY_BLOCKED | {"allow":false,"source":"immediate_trend_change_launch","reasons":["launch_chase_too_high"],"extFromEma8":0.6845718013793304,"extFromEma18":0.9514066970773536,"launchChasePct":0.6845718013793304,"armedBar":149,"expiresBar":151,"strongOverrideCandidate":true}
2026-04-14T13:45:15.983833859Z [inf]  2026-04-14T13:45:11.880Z 🟢 BULL_REGIME_ON | {"source":"ray_bullish_trend_change","bullRegimeId":2,"ts":"2026-04-14T13:45:02Z"}
2026-04-14T13:45:15.983853575Z [inf]  2026-04-14T13:45:11.881Z 🟢 RAY_BULLISH_TREND_CHANGE | {"price":87.04,"ts":"2026-04-14T13:45:02Z"}
2026-04-14T13:45:15.983861870Z [inf]  2026-04-14T13:45:11.881Z 🚀 TREND_CHANGE_LAUNCH_ARMED | {"armedBar":149,"expiresBar":151,"rayPrice":87.04,"rayTime":"2026-04-14T13:45:02Z"}
2026-04-14T13:50:11.191423638Z [inf]  2026-04-14T13:50:04.503Z 📊 FEATURE_5M | {"close":86.86,"ema8":86.5397,"ema18":86.2871,"rsi":68.669,"adx":29.794,"barIndex":150}
2026-04-14T13:50:11.191428505Z [inf]  2026-04-14T13:50:04.503Z 🧠 BREAKOUT_MEMORY_ARMED | {"armedBar":150,"expiresBar":154,"triggerPrice":86.86,"reclaimPrice":86.5397,"breakoutHigh":87.17}
2026-04-14T13:50:11.191433508Z [inf]  2026-04-14T13:50:04.503Z 🚫 LAUNCH_ENTRY_BLOCKED | {"allow":false,"source":"deferred_trend_change_launch","reasons":["launch_chase_too_high"],"extFromEma8":0.370119147628202,"extFromEma18":0.6639462909287763,"launchChasePct":0.370119147628202,"armedBar":149,"expiresBar":151,"strongOverrideCandidate":false}
2026-04-14T13:55:15.696690059Z [inf]  2026-04-14T13:55:04.618Z 📊 FEATURE_5M | {"close":87.31,"ema8":86.7109,"ema18":86.3948,"rsi":74.961,"adx":32.581,"barIndex":151}
2026-04-14T13:55:15.696698744Z [inf]  2026-04-14T13:55:04.618Z 🧠 BREAKOUT_MEMORY_ARMED | {"armedBar":151,"expiresBar":155,"triggerPrice":87.31,"reclaimPrice":86.7109,"breakoutHigh":87.39}
2026-04-14T13:55:15.696706864Z [inf]  2026-04-14T13:55:04.618Z 🚫 LAUNCH_ENTRY_BLOCKED | {"allow":false,"source":"deferred_trend_change_launch","reasons":["launch_chase_too_high"],"extFromEma8":0.6909165975673267,"extFromEma18":1.059323014811075,"launchChasePct":0.6909165975673267,"armedBar":149,"expiresBar":151,"strongOverrideCandidate":true}
2026-04-14T14:00:29.183299921Z [inf]  2026-04-14T14:00:19.099Z 🚀 TREND_CHANGE_LAUNCH_CLEARED | {"reason":"expired"}
2026-04-14T14:00:29.183306140Z [inf]  2026-04-14T14:00:19.099Z 📊 FEATURE_5M | {"close":87.29,"ema8":86.8396,"ema18":86.489,"rsi":74.247,"adx":35.199,"barIndex":152}
2026-04-14T14:00:29.183312379Z [inf]  2026-04-14T14:00:19.099Z 🧠 BREAKOUT_MEMORY_ARMED | {"armedBar":152,"expiresBar":156,"triggerPrice":87.29,"reclaimPrice":86.8396,"breakoutHigh":87.41}
2026-04-14T14:05:10.783954892Z [inf]  2026-04-14T14:05:04.730Z 📊 FEATURE_5M | {"close":87.06,"ema8":86.8886,"ema18":86.5491,"rsi":66.416,"adx":36.029,"barIndex":153}
2026-04-14T14:05:10.783963585Z [inf]  2026-04-14T14:05:04.730Z 🧠 BREAKOUT_MEMORY_ARMED | {"armedBar":153,"expiresBar":157,"triggerPrice":87.06,"reclaimPrice":86.8886,"breakoutHigh":87.4}
2026-04-14T14:10:10.071771292Z [inf]  2026-04-14T14:10:05.487Z 📊 FEATURE_5M | {"close":86.93,"ema8":86.8978,"ema18":86.5892,"rsi":62.409,"adx":34.649,"barIndex":154}
2026-04-14T14:10:10.071778431Z [inf]  2026-04-14T14:10:05.487Z 🧠 BREAKOUT_MEMORY_ARMED | {"armedBar":154,"expiresBar":158,"triggerPrice":86.93,"reclaimPrice":86.8978,"breakoutHigh":87.1}
2026-04-14T14:15:12.591156414Z [inf]  2026-04-14T14:15:08.391Z 📊 FEATURE_5M | {"close":86.91,"ema8":86.9005,"ema18":86.623,"rsi":61.792,"adx":33.368,"barIndex":155}
2026-04-14T14:15:12.591163108Z [inf]  2026-04-14T14:15:08.391Z 🧠 BREAKOUT_MEMORY_ARMED | {"armedBar":155,"expiresBar":159,"triggerPrice":86.91,"reclaimPrice":86.9005,"breakoutHigh":87.02}
2026-04-14T14:20:06.750948458Z [inf]  2026-04-14T14:20:04.305Z 🧠 BREAKOUT_MEMORY_CLEARED | {"reason":"lost_reclaim"}
2026-04-14T14:20:06.750955545Z [inf]  2026-04-14T14:20:04.305Z 📊 FEATURE_5M | {"close":86.73,"ema8":86.8626,"ema18":86.6342,"rsi":56.384,"adx":31.687,"barIndex":156}
2026-04-14T14:25:10.538172922Z [inf]  2026-04-14T14:25:04.064Z 📊 FEATURE_5M | {"close":86.75,"ema8":86.8376,"ema18":86.6464,"rsi":56.836,"adx":30.126,"barIndex":157}
2026-04-14T14:30:15.240435857Z [inf]  2026-04-14T14:30:10.293Z 📊 FEATURE_5M | {"close":87.28,"ema8":86.9359,"ema18":86.7131,"rsi":66.688,"adx":30.113,"barIndex":158}
2026-04-14T14:30:15.240442917Z [inf]  2026-04-14T14:30:10.294Z 🧠 BREAKOUT_MEMORY_ARMED | {"armedBar":158,"expiresBar":162,"triggerPrice":87.28,"reclaimPrice":86.9359,"breakoutHigh":87.3}
2026-04-14T14:35:06.230345317Z [inf]  2026-04-14T14:35:05.034Z 📊 FEATURE_5M | {"close":86.97,"ema8":86.9435,"ema18":86.7402,"rsi":58.305,"adx":30.974,"barIndex":159}
2026-04-14T14:35:06.230354209Z [inf]  2026-04-14T14:35:05.034Z 🧠 BREAKOUT_MEMORY_ARMED | {"armedBar":159,"expiresBar":163,"triggerPrice":86.97,"reclaimPrice":86.9435,"breakoutHigh":87.67}
2026-04-14T14:40:06.946449424Z [inf]  2026-04-14T14:40:05.201Z 🧠 BREAKOUT_MEMORY_CLEARED | {"reason":"lost_reclaim"}
2026-04-14T14:40:06.946458732Z [inf]  2026-04-14T14:40:05.201Z 📊 FEATURE_5M | {"close":86.61,"ema8":86.8694,"ema18":86.7265,"rsi":50.384,"adx":29.816,"barIndex":160}
2026-04-14T14:45:07.079839794Z [inf]  2026-04-14T14:45:06.858Z 📊 FEATURE_5M | {"close":86.44,"ema8":86.774,"ema18":86.6963,"rsi":47.128,"adx":28.361,"barIndex":161}
2026-04-14T14:50:09.282151067Z [inf]  2026-04-14T14:50:04.344Z 📊 FEATURE_5M | {"close":86.16,"ema8":86.6375,"ema18":86.6399,"rsi":42.282,"adx":26.359,"barIndex":162}
2026-04-14T14:55:12.593768909Z [inf]  2026-04-14T14:55:05.285Z 📊 FEATURE_5M | {"close":86.38,"ema8":86.5803,"ema18":86.6125,"rsi":46.902,"adx":24.516,"barIndex":163}
2026-04-14T15:00:19.879441514Z [inf]  2026-04-14T15:00:12.036Z 📊 FEATURE_5M | {"close":86.02,"ema8":86.4558,"ema18":86.5501,"rsi":41.104,"adx":23.22,"barIndex":164}
2026-04-14T15:05:09.070571986Z [inf]  2026-04-14T15:05:04.533Z 📊 FEATURE_5M | {"close":85.99,"ema8":86.3523,"ema18":86.4912,"rsi":40.653,"adx":22.581,"barIndex":165}
2026-04-14T15:10:05.060243015Z [inf]  2026-04-14T15:10:04.520Z 🔴 RAY_BEARISH_TREND_CHANGE | {"price":85.5,"ts":"2026-04-14T15:10:01Z"}
2026-04-14T15:10:05.060257480Z [inf]  2026-04-14T15:10:04.520Z 🔴 BULL_REGIME_OFF | {"reason":"ray_bearish_trend_change","ts":"2026-04-14T15:10:01Z","bullRegimeId":2}
2026-04-14T15:10:05.060273829Z [inf]  2026-04-14T15:10:04.609Z 🟢 BULL_REGIME_ON | {"source":"ray_bullish_trend_continuation","bullRegimeId":3,"ts":"2026-04-14T15:10:01Z"}
2026-04-14T15:10:05.060287099Z [inf]  2026-04-14T15:10:04.609Z 🟩 RAY_BULLISH_TREND_CONTINUATION | {"price":85.5,"ts":"2026-04-14T15:10:01Z"}
2026-04-14T15:10:05.060294724Z [inf]  2026-04-14T15:10:04.610Z 🚫 ENTRY_BLOCKED | {"allow":false,"source":"ray_bullish_trend_continuation","reasons":["ema8_below_ema18","close_below_ema8","rsi_too_low","no_breakout_memory","ema_bull_invalid"],"extFromEma8":-0.9870032413728408,"extFromEma18":-1.146012542316451,"contChasePct":-0.9870032413728408,"memChasePct":0}
2026-04-14T15:10:05.060303528Z [inf]  2026-04-14T15:10:04.810Z 📊 FEATURE_5M | {"close":85.5,"ema8":86.1629,"ema18":86.3868,"rsi":34.075,"adx":23.298,"barIndex":166}
2026-04-14T15:15:10.638639166Z [inf]  2026-04-14T15:15:06.066Z 📊 FEATURE_5M | {"close":85.62,"ema8":86.0422,"ema18":86.3061,"rsi":36.773,"adx":23.965,"barIndex":167}
2026-04-14T15:20:07.139575312Z [inf]  2026-04-14T15:20:05.286Z 📊 FEATURE_5M | {"close":85.5,"ema8":85.9217,"ema18":86.2213,"rsi":35.221,"adx":24.625,"barIndex":168}
2026-04-14T15:25:06.053872936Z [inf]  2026-04-14T15:25:04.349Z 📊 FEATURE_5M | {"close":85.62,"ema8":85.8547,"ema18":86.158,"rsi":38.038,"adx":25.238,"barIndex":169}
2026-04-14T15:30:14.184475628Z [inf]  2026-04-14T15:30:09.363Z 📊 FEATURE_5M | {"close":85.44,"ema8":85.7625,"ema18":86.0824,"rsi":35.541,"adx":25.991,"barIndex":170}
2026-04-14T15:35:07.385185122Z [inf]  2026-04-14T15:35:03.971Z 📊 FEATURE_5M | {"close":85.85,"ema8":85.782,"ema18":86.0579,"rsi":44.479,"adx":25.779,"barIndex":171}
2026-04-14T15:40:05.690031702Z [inf]  2026-04-14T15:40:04.261Z 📊 FEATURE_5M | {"close":85.96,"ema8":85.8215,"ema18":86.0476,"rsi":46.618,"adx":24.811,"barIndex":172}
2026-04-14T15:45:13.117983538Z [inf]  2026-04-14T15:45:06.398Z 📊 FEATURE_5M | {"close":86.19,"ema8":85.9034,"ema18":86.0626,"rsi":50.879,"adx":23.356,"barIndex":173}
2026-04-14T15:50:05.943917237Z [inf]  2026-04-14T15:50:04.514Z 📊 FEATURE_5M | {"close":86.07,"ema8":85.9404,"ema18":86.0634,"rsi":48.695,"adx":22.005,"barIndex":174}
2026-04-14T15:55:09.235614110Z [inf]  2026-04-14T15:55:03.876Z 📊 FEATURE_5M | {"close":86.18,"ema8":85.9937,"ema18":86.0757,"rsi":50.781,"adx":20.567,"barIndex":175}
2026-04-14T16:00:22.954453504Z [inf]  2026-04-14T16:00:15.680Z 📊 FEATURE_5M | {"close":85.95,"ema8":85.984,"ema18":86.0624,"rsi":46.522,"adx":19.478,"barIndex":176}
2026-04-14T16:05:09.593825741Z [inf]  2026-04-14T16:05:04.478Z 📊 FEATURE_5M | {"close":86.04,"ema8":85.9964,"ema18":86.0601,"rsi":48.348,"adx":18.467,"barIndex":177}
2026-04-14T16:10:05.112340908Z [inf]  2026-04-14T16:10:04.271Z 📊 FEATURE_5M | {"close":86,"ema8":85.9972,"ema18":86.0538,"rsi":47.57,"adx":17.528,"barIndex":178}
2026-04-14T16:15:09.918557792Z [inf]  2026-04-14T16:15:05.728Z 📊 FEATURE_5M | {"close":85.84,"ema8":85.9623,"ema18":86.0313,"rsi":44.49,"adx":17.639,"barIndex":179}
2026-04-14T16:20:06.705023026Z [inf]  2026-04-14T16:20:04.162Z 📊 FEATURE_5M | {"close":85.53,"ema8":85.8662,"ema18":85.9785,"rsi":39.194,"adx":18.5,"barIndex":180}
2026-04-14T16:25:13.291488003Z [inf]  2026-04-14T16:25:03.767Z 📊 FEATURE_5M | {"close":85.55,"ema8":85.7959,"ema18":85.9334,"rsi":39.693,"adx":19.299,"barIndex":181}
2026-04-14T16:30:18.941958366Z [inf]  2026-04-14T16:30:08.267Z 📊 FEATURE_5M | {"close":85.68,"ema8":85.7702,"ema18":85.9067,"rsi":42.968,"adx":19.387,"barIndex":182}
2026-04-14T16:35:06.120726006Z [inf]  2026-04-14T16:35:04.831Z 📊 FEATURE_5M | {"close":85.67,"ema8":85.7479,"ema18":85.8818,"rsi":42.775,"adx":19.469,"barIndex":183}
2026-04-14T16:40:08.959459360Z [inf]  2026-04-14T16:40:05.743Z 📊 FEATURE_5M | {"close":85.62,"ema8":85.7195,"ema18":85.8542,"rsi":41.768,"adx":19.974,"barIndex":184}
2026-04-14T16:45:12.143788597Z [inf]  2026-04-14T16:45:05.108Z 📊 FEATURE_5M | {"close":85.54,"ema8":85.6796,"ema18":85.8212,"rsi":40.14,"adx":20.444,"barIndex":185}
2026-04-14T16:50:12.011303411Z [inf]  2026-04-14T16:50:04.453Z 📊 FEATURE_5M | {"close":85.43,"ema8":85.6241,"ema18":85.78,"rsi":37.949,"adx":21.303,"barIndex":186}
2026-04-14T16:55:04.243508488Z [inf]  2026-04-14T16:55:03.731Z 📊 FEATURE_5M | {"close":84.95,"ema8":85.4743,"ema18":85.6926,"rsi":30.202,"adx":23.38,"barIndex":187}
2026-04-14T17:00:14.530816680Z [inf]  2026-04-14T17:00:09.088Z 📊 FEATURE_5M | {"close":85.04,"ema8":85.3778,"ema18":85.6239,"rsi":32.965,"adx":25.488,"barIndex":188}
2026-04-14T17:05:07.921413440Z [inf]  2026-04-14T17:05:04.704Z 📊 FEATURE_5M | {"close":84.96,"ema8":85.285,"ema18":85.554,"rsi":31.762,"adx":27.327,"barIndex":189}
2026-04-14T17:10:12.207717936Z [inf]  2026-04-14T17:10:04.367Z 📊 FEATURE_5M | {"close":85.13,"ema8":85.2505,"ema18":85.5094,"rsi":37.024,"adx":28.674,"barIndex":190}
2026-04-14T17:15:07.187013446Z [inf]  2026-04-14T17:15:05.285Z 📊 FEATURE_5M | {"close":85.27,"ema8":85.2549,"ema18":85.4842,"rsi":41.055,"adx":28.757,"barIndex":191}
2026-04-14T17:20:09.477597095Z [inf]  2026-04-14T17:20:04.336Z 📊 FEATURE_5M | {"close":85.25,"ema8":85.2538,"ema18":85.4595,"rsi":40.655,"adx":28.833,"barIndex":192}
2026-04-14T17:25:14.218429356Z [inf]  2026-04-14T17:25:05.194Z 📊 FEATURE_5M | {"close":85.37,"ema8":85.2796,"ema18":85.4501,"rsi":44.172,"adx":28.416,"barIndex":193}
2026-04-14T17:30:09.772724585Z [inf]  2026-04-14T17:30:07.536Z 📊 FEATURE_5M | {"close":85.16,"ema8":85.253,"ema18":85.4196,"rsi":39.734,"adx":28.323,"barIndex":194}
2026-04-14T17:35:08.445342838Z [inf]  2026-04-14T17:35:04.530Z 📊 FEATURE_5M | {"close":84.85,"ema8":85.1635,"ema18":85.3596,"rsi":34.26,"adx":29.148,"barIndex":195}
2026-04-14T17:40:05.381872061Z [inf]  2026-04-14T17:40:03.683Z 📊 FEATURE_5M | {"close":84.91,"ema8":85.1071,"ema18":85.3123,"rsi":36.095,"adx":30.189,"barIndex":196}
2026-04-14T17:45:09.598035682Z [inf]  2026-04-14T17:45:05.144Z 📊 FEATURE_5M | {"close":85.14,"ema8":85.1144,"ema18":85.2942,"rsi":42.698,"adx":29.82,"barIndex":197}
2026-04-14T17:50:04.705378158Z [inf]  2026-04-14T17:50:03.824Z 📊 FEATURE_5M | {"close":85.2,"ema8":85.1335,"ema18":85.2842,"rsi":44.314,"adx":29.335,"barIndex":198}
2026-04-14T17:55:05.790902040Z [inf]  2026-04-14T17:55:03.758Z 📊 FEATURE_5M | {"close":85.2,"ema8":85.1482,"ema18":85.2754,"rsi":44.314,"adx":28.41,"barIndex":199}
2026-04-14T18:00:11.685854589Z [inf]  2026-04-14T18:00:10.662Z 📊 FEATURE_5M | {"close":85.24,"ema8":85.1686,"ema18":85.2717,"rsi":45.502,"adx":27.551,"barIndex":200}
2026-04-14T18:05:08.430896855Z [inf]  2026-04-14T18:05:03.527Z 📊 FEATURE_5M | {"close":85.37,"ema8":85.2134,"ema18":85.282,"rsi":49.29,"adx":26.172,"barIndex":201}
2026-04-14T18:10:05.657931333Z [inf]  2026-04-14T18:10:04.484Z 📊 FEATURE_5M | {"close":85.33,"ema8":85.2393,"ema18":85.2871,"rsi":48.181,"adx":24.892,"barIndex":202}
2026-04-14T18:15:10.518001931Z [inf]  2026-04-14T18:15:07.206Z 📊 FEATURE_5M | {"close":85.19,"ema8":85.2283,"ema18":85.2768,"rsi":44.412,"adx":24.448,"barIndex":203}
2026-04-14T18:20:07.188774577Z [inf]  2026-04-14T18:20:04.624Z 📊 FEATURE_5M | {"close":85.14,"ema8":85.2087,"ema18":85.2624,"rsi":43.115,"adx":24.037,"barIndex":204}
2026-04-14T18:25:05.451930465Z [inf]  2026-04-14T18:25:04.233Z 📊 FEATURE_5M | {"close":84.87,"ema8":85.1334,"ema18":85.2211,"rsi":36.855,"adx":24.738,"barIndex":205}
2026-04-14T18:30:16.321723197Z [inf]  2026-04-14T18:30:06.335Z 📊 FEATURE_5M | {"close":84.94,"ema8":85.0905,"ema18":85.1915,"rsi":39.315,"adx":25.389,"barIndex":206}
2026-04-14T18:35:08.381749231Z [inf]  2026-04-14T18:35:04.497Z 📊 FEATURE_5M | {"close":84.86,"ema8":85.0392,"ema18":85.1566,"rsi":37.516,"adx":25.994,"barIndex":207}
2026-04-14T18:40:09.346627212Z [inf]  2026-04-14T18:40:05.042Z 📊 FEATURE_5M | {"close":84.53,"ema8":84.9261,"ema18":85.0907,"rsi":31.179,"adx":27.534,"barIndex":208}
2026-04-14T18:45:15.186837881Z [inf]  2026-04-14T18:45:05.583Z 📊 FEATURE_5M | {"close":84.55,"ema8":84.8425,"ema18":85.0338,"rsi":31.929,"adx":29.008,"barIndex":209}
2026-04-14T18:50:04.965751455Z [inf]  2026-04-14T18:50:04.391Z 📊 FEATURE_5M | {"close":83.96,"ema8":84.6464,"ema18":84.9207,"rsi":23.714,"adx":31.303,"barIndex":210}
2026-04-14T18:55:15.266889772Z [inf]  2026-04-14T18:55:04.718Z 📊 FEATURE_5M | {"close":84.12,"ema8":84.5294,"ema18":84.8364,"rsi":29.046,"adx":33.504,"barIndex":211}
2026-04-14T19:00:15.033980833Z [inf]  2026-04-14T19:00:12.651Z 📊 FEATURE_5M | {"close":84.08,"ema8":84.4295,"ema18":84.7568,"rsi":28.509,"adx":35.548,"barIndex":212}
2026-04-14T19:05:10.143021805Z [inf]  2026-04-14T19:05:03.652Z 📊 FEATURE_5M | {"close":84.24,"ema8":84.3874,"ema18":84.7024,"rsi":33.778,"adx":36.686,"barIndex":213}
2026-04-14T19:10:06.765631191Z [inf]  2026-04-14T19:10:03.192Z 📊 FEATURE_5M | {"close":84.3,"ema8":84.368,"ema18":84.6601,"rsi":35.692,"adx":37.433,"barIndex":214}
2026-04-14T19:15:06.436932998Z [inf]  2026-04-14T19:15:06.111Z 📊 FEATURE_5M | {"close":84.04,"ema8":84.2951,"ema18":84.5948,"rsi":31.45,"adx":38.541,"barIndex":215}
2026-04-14T19:20:08.587232770Z [inf]  2026-04-14T19:20:03.898Z 📊 FEATURE_5M | {"close":84.17,"ema8":84.2673,"ema18":84.5501,"rsi":35.573,"adx":39.569,"barIndex":216}
2026-04-14T19:25:11.810208595Z [inf]  2026-04-14T19:25:03.698Z 📊 FEATURE_5M | {"close":83.8,"ema8":84.1635,"ema18":84.4711,"rsi":30.036,"adx":41.033,"barIndex":217}
2026-04-14T19:30:16.046662853Z [inf]  2026-04-14T19:30:07.993Z 📊 FEATURE_5M | {"close":84.09,"ema8":84.1471,"ema18":84.431,"rsi":38.161,"adx":42.457,"barIndex":218}
2026-04-14T19:35:06.465660231Z [inf]  2026-04-14T19:35:04.332Z 📊 FEATURE_5M | {"close":84.01,"ema8":84.1167,"ema18":84.3867,"rsi":36.888,"adx":43.178,"barIndex":219}
2026-04-14T19:40:07.984539714Z [inf]  2026-04-14T19:40:04.481Z 📊 FEATURE_5M | {"close":84.09,"ema8":84.1107,"ema18":84.3555,"rsi":39.076,"adx":44.085,"barIndex":220}
2026-04-14T19:45:06.972090187Z [inf]  2026-04-14T19:45:06.905Z 📊 FEATURE_5M | {"close":84.01,"ema8":84.0884,"ema18":84.3191,"rsi":37.67,"adx":44.722,"barIndex":221}
2026-04-14T19:50:08.441040439Z [inf]  2026-04-14T19:50:04.830Z 📊 FEATURE_5M | {"close":84.09,"ema8":84.0887,"ema18":84.295,"rsi":39.995,"adx":45.313,"barIndex":222}
2026-04-14T19:55:07.009893567Z [inf]  2026-04-14T19:55:05.058Z 📊 FEATURE_5M | {"close":83.87,"ema8":84.0401,"ema18":84.2502,"rsi":36.015,"adx":46.299,"barIndex":223}
2026-04-14T20:00:15.561379809Z [inf]  2026-04-14T20:00:07.000Z 📊 FEATURE_5M | {"close":83.95,"ema8":84.0201,"ema18":84.2186,"rsi":38.415,"adx":47.344,"barIndex":224}
2026-04-14T20:05:13.433093043Z [inf]  2026-04-14T20:05:03.105Z 📊 FEATURE_5M | {"close":83.94,"ema8":84.0023,"ema18":84.1893,"rsi":38.222,"adx":47.44,"barIndex":225}
2026-04-14T20:10:07.379425990Z [inf]  2026-04-14T20:10:02.373Z 📊 FEATURE_5M | {"close":83.97,"ema8":83.9951,"ema18":84.1662,"rsi":39.209,"adx":47.579,"barIndex":226}
2026-04-14T20:15:13.085576184Z [inf]  2026-04-14T20:15:05.933Z 📊 FEATURE_5M | {"close":84.1,"ema8":84.0184,"ema18":84.1593,"rsi":43.426,"adx":46.535,"barIndex":227}
2026-04-14T20:20:12.186652515Z [inf]  2026-04-14T20:20:02.370Z 📊 FEATURE_5M | {"close":83.93,"ema8":83.9988,"ema18":84.1351,"rsi":39.561,"adx":45.566,"barIndex":228}
2026-04-14T20:25:07.411081424Z [inf]  2026-04-14T20:25:02.458Z 📊 FEATURE_5M | {"close":83.55,"ema8":83.899,"ema18":84.0735,"rsi":32.582,"adx":45.771,"barIndex":229}
2026-04-14T20:30:14.989346082Z [inf]  2026-04-14T20:30:05.152Z 📊 FEATURE_5M | {"close":83.56,"ema8":83.8237,"ema18":84.0195,"rsi":32.917,"adx":46.114,"barIndex":230}
2026-04-14T20:35:06.150090994Z [inf]  2026-04-14T20:35:01.992Z 📊 FEATURE_5M | {"close":83.58,"ema8":83.7695,"ema18":83.9732,"rsi":33.628,"adx":45.785,"barIndex":231}
2026-04-14T20:40:13.101836238Z [inf]  2026-04-14T20:40:03.682Z 📊 FEATURE_5M | {"close":83.61,"ema8":83.7341,"ema18":83.935,"rsi":34.746,"adx":45.781,"barIndex":232}
2026-04-14T20:45:10.643632969Z [inf]  2026-04-14T20:45:04.890Z 📊 FEATURE_5M | {"close":83.75,"ema8":83.7376,"ema18":83.9155,"rsi":39.837,"adx":44.912,"barIndex":233}
2026-04-14T20:50:08.385300383Z [inf]  2026-04-14T20:50:02.758Z 📊 FEATURE_5M | {"close":83.73,"ema8":83.7359,"ema18":83.896,"rsi":39.364,"adx":43.752,"barIndex":234}
2026-04-14T20:55:03.947001858Z [inf]  2026-04-14T20:55:02.668Z 📊 FEATURE_5M | {"close":83.51,"ema8":83.6857,"ema18":83.8554,"rsi":34.515,"adx":43.191,"barIndex":235}
2026-04-14T21:00:10.357164910Z [inf]  2026-04-14T21:00:04.882Z 📊 FEATURE_5M | {"close":83.61,"ema8":83.6689,"ema18":83.8295,"rsi":38.239,"adx":42.946,"barIndex":236}
2026-04-14T21:05:05.428757508Z [inf]  2026-04-14T21:05:02.930Z 📊 FEATURE_5M | {"close":83.92,"ema8":83.7247,"ema18":83.839,"rsi":48.095,"adx":40.913,"barIndex":237}
2026-04-14T21:10:07.708254932Z [inf]  2026-04-14T21:10:02.003Z 📊 FEATURE_5M | {"close":83.85,"ema8":83.7525,"ema18":83.8402,"rsi":46.298,"adx":39.024,"barIndex":238}
