2026-04-13T00:31:34.342149402Z [inf]  2026-04-13T00:31:33.709Z ✅ brain listening | {"port":8080,"path":"/webhook","symbol":"BINANCE:SOLUSDT","tf":"5","brain":"BrainRAY_Continuation_v2.2b"}
2026-04-13T00:31:34.388777850Z [inf]  Starting Container
2026-04-13T11:20:07.849059684Z [inf]  2026-04-13T11:20:04.785Z 📊 FEATURE_5M | {"close":81.88,"ema8":81.8397,"ema18":81.8494,"rsi":50.823,"adx":16.876,"barIndex":130}
2026-04-13T11:25:09.163255066Z [inf]  2026-04-13T11:25:02.761Z 📊 FEATURE_5M | {"close":81.87,"ema8":81.8464,"ema18":81.8515,"rsi":49.899,"adx":16.195,"barIndex":131}
2026-04-13T11:30:09.809480158Z [inf]  2026-04-13T11:30:06.685Z 📊 FEATURE_5M | {"close":81.87,"ema8":81.8517,"ema18":81.8535,"rsi":49.899,"adx":15.561,"barIndex":132}
2026-04-13T11:35:10.682829319Z [inf]  2026-04-13T11:35:07.852Z 📊 FEATURE_5M | {"close":81.82,"ema8":81.8446,"ema18":81.85,"rsi":45.14,"adx":15.597,"barIndex":133}
2026-04-13T11:40:11.736216118Z [inf]  2026-04-13T11:40:03.293Z 📊 FEATURE_5M | {"close":81.85,"ema8":81.8458,"ema18":81.85,"rsi":48.325,"adx":15.75,"barIndex":134}
2026-04-13T11:45:12.367670887Z [inf]  2026-04-13T11:45:04.900Z 📊 FEATURE_5M | {"close":81.99,"ema8":81.8779,"ema18":81.8647,"rsi":59.995,"adx":14.962,"barIndex":135}
2026-04-13T11:50:12.921832712Z [inf]  2026-04-13T11:50:03.824Z 📊 FEATURE_5M | {"close":81.83,"ema8":81.8672,"ema18":81.861,"rsi":46.946,"adx":14.811,"barIndex":136}
2026-04-13T11:55:13.489427233Z [inf]  2026-04-13T11:55:03.873Z 📊 FEATURE_5M | {"close":81.91,"ema8":81.8767,"ema18":81.8662,"rsi":52.508,"adx":14.385,"barIndex":137}
2026-04-13T12:00:24.509521873Z [inf]  2026-04-13T12:00:14.689Z 📊 FEATURE_5M | {"close":81.86,"ema8":81.873,"ema18":81.8655,"rsi":49.047,"adx":13.99,"barIndex":138}
2026-04-13T12:05:05.004525703Z [inf]  2026-04-13T12:05:03.713Z 📊 FEATURE_5M | {"close":81.87,"ema8":81.8723,"ema18":81.866,"rsi":49.76,"adx":13.623,"barIndex":139}
2026-04-13T12:10:06.751499443Z [inf]  2026-04-13T12:10:03.508Z 📊 FEATURE_5M | {"close":82.13,"ema8":81.9296,"ema18":81.8938,"rsi":63.907,"adx":15.479,"barIndex":140}
2026-04-13T12:15:07.086232772Z [inf]  2026-04-13T12:15:06.464Z 📊 FEATURE_5M | {"close":82.1,"ema8":81.9675,"ema18":81.9155,"rsi":61.746,"adx":17.398,"barIndex":141}
2026-04-13T12:20:08.336635657Z [inf]  2026-04-13T12:20:04.159Z 📊 FEATURE_5M | {"close":82.14,"ema8":82.0058,"ema18":81.9391,"rsi":63.517,"adx":18.277,"barIndex":142}
2026-04-13T12:25:09.041001344Z [inf]  2026-04-13T12:25:03.765Z 📊 FEATURE_5M | {"close":82.03,"ema8":82.0112,"ema18":81.9487,"rsi":55.859,"adx":19.093,"barIndex":143}
2026-04-13T12:30:09.415880269Z [inf]  2026-04-13T12:30:06.493Z 📊 FEATURE_5M | {"close":81.97,"ema8":82.002,"ema18":81.9509,"rsi":52.164,"adx":18.494,"barIndex":144}
2026-04-13T12:35:09.614995212Z [inf]  2026-04-13T12:35:03.814Z 📊 FEATURE_5M | {"close":82.08,"ema8":82.0194,"ema18":81.9645,"rsi":57.689,"adx":18.73,"barIndex":145}
2026-04-13T12:40:10.113866461Z [inf]  2026-04-13T12:40:03.296Z 📊 FEATURE_5M | {"close":82.06,"ema8":82.0284,"ema18":81.9746,"rsi":56.413,"adx":18.949,"barIndex":146}
2026-04-13T12:45:11.137839604Z [inf]  2026-04-13T12:45:03.792Z 📊 FEATURE_5M | {"close":82.14,"ema8":82.0532,"ema18":81.992,"rsi":60.205,"adx":19.717,"barIndex":147}
2026-04-13T12:50:11.478629821Z [inf]  2026-04-13T12:50:03.312Z 📊 FEATURE_5M | {"close":82.31,"ema8":82.1103,"ema18":82.0255,"rsi":66.811,"adx":21.663,"barIndex":148}
2026-04-13T12:50:11.478632816Z [inf]  2026-04-13T12:50:03.554Z 🟢 BULL_REGIME_ON | {"source":"ray_bullish_trend_change","bullRegimeId":2,"ts":"2026-04-13T12:50:01Z"}
2026-04-13T12:50:11.478635783Z [inf]  2026-04-13T12:50:03.554Z 🟢 RAY_BULLISH_TREND_CHANGE | {"price":82.31,"ts":"2026-04-13T12:50:01Z"}
2026-04-13T12:50:11.478642660Z [inf]  2026-04-13T12:50:03.554Z 🚀 TREND_CHANGE_LAUNCH_ARMED | {"armedBar":148,"expiresBar":150,"rayPrice":82.31,"rayTime":"2026-04-13T12:50:01Z"}
2026-04-13T12:55:11.791540115Z [inf]  2026-04-13T12:55:03.432Z 📊 FEATURE_5M | {"close":82.76,"ema8":82.2546,"ema18":82.1028,"rsi":77.472,"adx":24.762,"barIndex":149}
2026-04-13T12:55:11.791549393Z [inf]  2026-04-13T12:55:03.432Z 🧠 BREAKOUT_MEMORY_ARMED | {"armedBar":149,"expiresBar":153,"triggerPrice":82.76,"reclaimPrice":82.2546,"breakoutHigh":82.77}
2026-04-13T12:55:11.791554256Z [inf]  2026-04-13T12:55:03.432Z 🚫 LAUNCH_ENTRY_BLOCKED | {"allow":false,"source":"deferred_trend_change_launch","reasons":["launch_chase_too_high"],"extFromEma8":0.6144337216398946,"extFromEma18":0.8004599112332382,"launchChasePct":0.6144337216398946,"armedBar":148,"expiresBar":150}
2026-04-13T13:00:23.606814643Z [inf]  2026-04-13T13:00:13.732Z 📊 FEATURE_5M | {"close":82.54,"ema8":82.3181,"ema18":82.1488,"rsi":66.265,"adx":27.683,"barIndex":150}
2026-04-13T13:00:23.606817627Z [inf]  2026-04-13T13:00:13.732Z 🧠 BREAKOUT_MEMORY_ARMED | {"armedBar":150,"expiresBar":154,"triggerPrice":82.54,"reclaimPrice":82.3181,"breakoutHigh":82.79}
2026-04-13T13:00:23.606820543Z [inf]  2026-04-13T13:00:13.732Z 🚀 TREND_CHANGE_LAUNCH_CLEARED | {"reason":"consumed_on_entry"}
2026-04-13T13:00:23.606823740Z [inf]  2026-04-13T13:00:13.732Z 🧠 BREAKOUT_MEMORY_CLEARED | {"reason":"consumed_on_entry"}
2026-04-13T13:00:23.606826629Z [inf]  2026-04-13T13:00:13.733Z 📥 ENTER | {"brain":"BrainRAY_Continuation_v2.2b","mode":"bullish_trend_change_launch_long","price":82.54,"stop":81.87968000000001,"decision":{"allow":true,"source":"deferred_trend_change_launch","mode":"bullish_trend_change_launch_long","entryPrice":82.54,"extFromEma8":0.2695640448455505,"extFromEma18":0.47620902557312095,"launchChasePct":0.2695640448455505,"armedBar":148,"expiresBar":150}}
2026-04-13T13:00:23.606830670Z [inf]  2026-04-13T13:00:13.733Z 📦 SIGNAL_PREVIEW | {"secret":"eyJhbGciOiJIUzI1NiJ9.eyJzaWduYWxzX3NvdXJjZV9pZCI6MTUzMTM5fQ.Srf5-FSdAd7Pw3quIqIGiYAdE2cznVvSAETQD1uet8I","bot_uuid":"d67d6a33-8073-4acf-a8a9-9182b1665acc","max_lag":"300","timestamp":"2026-04-13T13:00:13.733Z","trigger_price":"82.54","tv_exchange":"BINANCE","tv_instrument":"SOLUSDT","action":"enter_long","meta":{"mode":"bullish_trend_change_launch_long","setup_type":"bullish_trend_change_launch_long","brain":"BrainRAY_Continuation_v2.2b"}}
2026-04-13T13:00:23.606833618Z [inf]  2026-04-13T13:00:14.105Z ✅ 3COMMAS_RESP | {"action":"enter_long","status":200,"ok":true,"body":""}
2026-04-13T13:05:05.426361845Z [inf]  2026-04-13T13:05:03.712Z 📊 FEATURE_5M | {"close":82.65,"ema8":82.3918,"ema18":82.2016,"rsi":68.703,"adx":30.395,"barIndex":151}
2026-04-13T13:05:05.426366141Z [inf]  2026-04-13T13:05:03.712Z 🧠 BREAKOUT_MEMORY_ARMED | {"armedBar":151,"expiresBar":155,"triggerPrice":82.65,"reclaimPrice":82.3918,"breakoutHigh":82.69}
2026-04-13T13:10:16.084758647Z [inf]  2026-04-13T13:10:06.909Z 📊 FEATURE_5M | {"close":82.51,"ema8":82.4181,"ema18":82.234,"rsi":62.511,"adx":31.435,"barIndex":152}
2026-04-13T13:10:16.084762694Z [inf]  2026-04-13T13:10:06.909Z 🧠 BREAKOUT_MEMORY_ARMED | {"armedBar":152,"expiresBar":156,"triggerPrice":82.51,"reclaimPrice":82.4181,"breakoutHigh":82.68}
2026-04-13T13:15:16.141193123Z [inf]  2026-04-13T13:15:06.420Z 📊 FEATURE_5M | {"close":82.68,"ema8":82.4763,"ema18":82.281,"rsi":66.464,"adx":32.439,"barIndex":153}
2026-04-13T13:15:16.141198523Z [inf]  2026-04-13T13:15:06.420Z 🧠 BREAKOUT_MEMORY_ARMED | {"armedBar":153,"expiresBar":157,"triggerPrice":82.68,"reclaimPrice":82.4763,"breakoutHigh":82.69}
2026-04-13T13:20:06.460327447Z [inf]  2026-04-13T13:20:02.938Z 📊 FEATURE_5M | {"close":82.57,"ema8":82.4971,"ema18":82.3114,"rsi":61.915,"adx":33.265,"barIndex":154}
2026-04-13T13:20:06.460334783Z [inf]  2026-04-13T13:20:02.938Z 🧠 BREAKOUT_MEMORY_ARMED | {"armedBar":154,"expiresBar":158,"triggerPrice":82.57,"reclaimPrice":82.4971,"breakoutHigh":82.67}
2026-04-13T13:25:07.936209389Z [inf]  2026-04-13T13:25:03.073Z 📊 FEATURE_5M | {"close":82.55,"ema8":82.5089,"ema18":82.3365,"rsi":61.096,"adx":33.602,"barIndex":155}
2026-04-13T13:25:07.936215456Z [inf]  2026-04-13T13:25:03.073Z 🧠 BREAKOUT_MEMORY_ARMED | {"armedBar":155,"expiresBar":159,"triggerPrice":82.55,"reclaimPrice":82.5089,"breakoutHigh":82.58}
2026-04-13T13:30:18.635095255Z [inf]  2026-04-13T13:30:13.374Z 📊 FEATURE_5M | {"close":82.61,"ema8":82.5313,"ema18":82.3653,"rsi":62.69,"adx":34.442,"barIndex":156}
2026-04-13T13:30:18.635104306Z [inf]  2026-04-13T13:30:13.374Z 🧠 BREAKOUT_MEMORY_ARMED | {"armedBar":156,"expiresBar":160,"triggerPrice":82.61,"reclaimPrice":82.5313,"breakoutHigh":82.7}
2026-04-13T13:35:09.247723146Z [inf]  2026-04-13T13:35:06.043Z 📊 FEATURE_5M | {"close":82.5,"ema8":82.5244,"ema18":82.3795,"rsi":57.999,"adx":34.797,"barIndex":157}
2026-04-13T13:40:09.553865111Z [inf]  2026-04-13T13:40:05.793Z 🧠 BREAKOUT_MEMORY_CLEARED | {"reason":"lost_reclaim"}
2026-04-13T13:40:09.553870399Z [inf]  2026-04-13T13:40:05.794Z 📊 FEATURE_5M | {"close":82.39,"ema8":82.4945,"ema18":82.3806,"rsi":53.673,"adx":33.961,"barIndex":158}
2026-04-13T13:45:20.305658404Z [inf]  2026-04-13T13:45:10.405Z 📊 FEATURE_5M | {"close":82.59,"ema8":82.5157,"ema18":82.4026,"rsi":59.576,"adx":34.398,"barIndex":159}
2026-04-13T13:45:20.305664449Z [inf]  2026-04-13T13:45:10.405Z 🧠 BREAKOUT_MEMORY_ARMED | {"armedBar":159,"expiresBar":163,"triggerPrice":82.59,"reclaimPrice":82.5157,"breakoutHigh":82.8}
2026-04-13T13:49:10.447395261Z [inf]  2026-04-13T13:49:03.371Z 🎯 DYNAMIC_TP_TIER_1_ARMED | {"pnlPct":0.6542,"peakPnlPct":0.6542}
2026-04-13T13:49:10.447398964Z [inf]  2026-04-13T13:49:03.371Z 🛡️ BREAKEVEN_ARMED | {"pnlPct":0.6542,"stopPrice":82.5813}
2026-04-13T13:50:10.469446861Z [inf]  2026-04-13T13:50:07.159Z 🎯 DYNAMIC_TP_TIER_2_ARMED | {"pnlPct":1.2236,"peakPnlPct":1.2236}
2026-04-13T13:50:10.979110632Z [inf]  2026-04-13T13:50:10.971Z 📊 FEATURE_5M | {"close":83.55,"ema8":82.7456,"ema18":82.5234,"rsi":75.629,"adx":36.507,"barIndex":160}
2026-04-13T13:50:10.979120804Z [inf]  2026-04-13T13:50:10.971Z 🧠 BREAKOUT_MEMORY_ARMED | {"armedBar":160,"expiresBar":164,"triggerPrice":83.55,"reclaimPrice":82.7456,"breakoutHigh":83.55}
2026-04-13T13:51:11.102095174Z [inf]  2026-04-13T13:51:03.747Z 📤 EXIT | {"reason":"dynamic_tp_tier2_giveback","exitClass":"cycle_exit","price":83.35,"pnlPct":0.9813,"entryPrice":82.54,"entryMode":"bullish_trend_change_launch_long","heldSec":3050}
2026-04-13T13:51:11.102102690Z [inf]  2026-04-13T13:51:03.748Z 📦 SIGNAL_PREVIEW | {"secret":"eyJhbGciOiJIUzI1NiJ9.eyJzaWduYWxzX3NvdXJjZV9pZCI6MTUzMTM5fQ.Srf5-FSdAd7Pw3quIqIGiYAdE2cznVvSAETQD1uet8I","bot_uuid":"d67d6a33-8073-4acf-a8a9-9182b1665acc","max_lag":"300","timestamp":"2026-04-13T13:51:03.748Z","trigger_price":"83.35","tv_exchange":"BINANCE","tv_instrument":"SOLUSDT","action":"exit_long","meta":{"reason":"dynamic_tp_tier2_giveback","brain":"BrainRAY_Continuation_v2.2b","entry_mode":"bullish_trend_change_launch_long"}}
2026-04-13T13:51:11.102109734Z [inf]  2026-04-13T13:51:03.751Z 🔁 TP_EXIT_WAIT_REENTRY | {"reason":"dynamic_tp_tier2_giveback","bullRegimeId":2,"reentryCountInRegime":0,"eligibleFromBar":161,"eligibleUntilBar":166,"peakBeforeExit":83.55,"anchorPrice":82.7456}
2026-04-13T13:51:11.102119931Z [inf]  2026-04-13T13:51:04.307Z ✅ 3COMMAS_RESP | {"action":"exit_long","status":200,"ok":true,"body":""}
2026-04-13T13:55:11.363406926Z [inf]  2026-04-13T13:55:07.005Z 📊 FEATURE_5M | {"close":83.34,"ema8":82.8777,"ema18":82.6094,"rsi":69.159,"adx":38.537,"barIndex":161}
2026-04-13T13:55:11.363414103Z [inf]  2026-04-13T13:55:07.005Z 🧠 BREAKOUT_MEMORY_ARMED | {"armedBar":161,"expiresBar":165,"triggerPrice":83.34,"reclaimPrice":82.8777,"breakoutHigh":83.6}
2026-04-13T13:55:11.363418492Z [inf]  2026-04-13T13:55:07.005Z 🔁 REENTRY_ELIGIBLE | {"bullRegimeId":2,"barIndex":161,"resetFromPeakPct":-0.2513464991023265,"anchorPrice":82.8777}
2026-04-13T14:00:22.111749071Z [inf]  2026-04-13T14:00:14.248Z 📊 FEATURE_5M | {"close":83.6,"ema8":83.0382,"ema18":82.7136,"rsi":72.317,"adx":40.522,"barIndex":162}
2026-04-13T14:00:22.111755030Z [inf]  2026-04-13T14:00:14.248Z 🧠 BREAKOUT_MEMORY_ARMED | {"armedBar":162,"expiresBar":166,"triggerPrice":83.6,"reclaimPrice":83.0382,"breakoutHigh":83.67}
2026-04-13T14:05:12.640380474Z [inf]  2026-04-13T14:05:04.665Z 📊 FEATURE_5M | {"close":83.4,"ema8":83.1186,"ema18":82.7859,"rsi":66.663,"adx":42.506,"barIndex":163}
2026-04-13T14:05:12.640385060Z [inf]  2026-04-13T14:05:04.665Z 🧠 BREAKOUT_MEMORY_ARMED | {"armedBar":163,"expiresBar":167,"triggerPrice":83.4,"reclaimPrice":83.1186,"breakoutHigh":83.77}
2026-04-13T14:10:13.574994067Z [inf]  2026-04-13T14:10:05.202Z 📊 FEATURE_5M | {"close":83.14,"ema8":83.1233,"ema18":82.8232,"rsi":60.086,"adx":43.068,"barIndex":164}
2026-04-13T14:10:13.574997641Z [inf]  2026-04-13T14:10:05.202Z 🧠 BREAKOUT_MEMORY_ARMED | {"armedBar":164,"expiresBar":168,"triggerPrice":83.14,"reclaimPrice":83.1233,"breakoutHigh":83.42}
2026-04-13T14:10:13.575000834Z [inf]  2026-04-13T14:10:05.202Z 🔁 REENTRY_ELIGIBLE | {"bullRegimeId":2,"barIndex":164,"resetFromPeakPct":-0.49072411729502885,"anchorPrice":83.1233}
2026-04-13T14:15:14.125837340Z [inf]  2026-04-13T14:15:05.444Z 📊 FEATURE_5M | {"close":83.17,"ema8":83.1337,"ema18":82.8597,"rsi":60.569,"adx":43.462,"barIndex":165}
2026-04-13T14:15:14.125845286Z [inf]  2026-04-13T14:15:05.444Z 🧠 BREAKOUT_MEMORY_ARMED | {"armedBar":165,"expiresBar":169,"triggerPrice":83.17,"reclaimPrice":83.1337,"breakoutHigh":83.29}
2026-04-13T14:15:14.125851018Z [inf]  2026-04-13T14:15:05.444Z 🔁 REENTRY_ELIGIBLE | {"bullRegimeId":2,"barIndex":165,"resetFromPeakPct":-0.45481747456612265,"anchorPrice":83.1337}
2026-04-13T14:20:14.500295719Z [inf]  2026-04-13T14:20:05.452Z 🧠 BREAKOUT_MEMORY_CLEARED | {"reason":"lost_reclaim"}
2026-04-13T14:20:14.500304477Z [inf]  2026-04-13T14:20:05.453Z 📊 FEATURE_5M | {"close":83.04,"ema8":83.1129,"ema18":82.8787,"rsi":57.329,"adx":42.784,"barIndex":166}
2026-04-13T14:20:14.500308984Z [inf]  2026-04-13T14:20:05.453Z 🔁 REENTRY_ELIGIBLE | {"bullRegimeId":2,"barIndex":166,"resetFromPeakPct":-0.6104129263913716,"anchorPrice":83.1129}
2026-04-13T14:25:04.948827096Z [inf]  2026-04-13T14:25:04.085Z 🔁 REENTRY_DISABLED | {"reason":"expired"}
2026-04-13T14:25:04.948834879Z [inf]  2026-04-13T14:25:04.085Z 📊 FEATURE_5M | {"close":83.04,"ema8":83.0967,"ema18":82.8956,"rsi":57.329,"adx":41.286,"barIndex":167}
2026-04-13T14:30:15.591928007Z [inf]  2026-04-13T14:30:11.432Z 📊 FEATURE_5M | {"close":83,"ema8":83.0752,"ema18":82.9066,"rsi":56.255,"adx":39.895,"barIndex":168}
2026-04-13T14:35:05.983278036Z [inf]  2026-04-13T14:35:04.492Z 📊 FEATURE_5M | {"close":83.2,"ema8":83.1029,"ema18":82.9375,"rsi":60.263,"adx":39.223,"barIndex":169}
2026-04-13T14:35:05.983286243Z [inf]  2026-04-13T14:35:04.492Z 🧠 BREAKOUT_MEMORY_ARMED | {"armedBar":169,"expiresBar":173,"triggerPrice":83.2,"reclaimPrice":83.1029,"breakoutHigh":83.28}
2026-04-13T14:40:06.546954162Z [inf]  2026-04-13T14:40:04.421Z 📊 FEATURE_5M | {"close":83.33,"ema8":83.1534,"ema18":82.9788,"rsi":62.658,"adx":38.751,"barIndex":170}
2026-04-13T14:40:06.546963802Z [inf]  2026-04-13T14:40:04.421Z 🧠 BREAKOUT_MEMORY_ARMED | {"armedBar":170,"expiresBar":174,"triggerPrice":83.33,"reclaimPrice":83.1534,"breakoutHigh":83.33}
2026-04-13T14:45:16.926097604Z [inf]  2026-04-13T14:45:09.100Z 📊 FEATURE_5M | {"close":83.46,"ema8":83.2215,"ema18":83.0295,"rsi":64.934,"adx":38.796,"barIndex":171}
2026-04-13T14:45:16.926105489Z [inf]  2026-04-13T14:45:09.100Z 🧠 BREAKOUT_MEMORY_ARMED | {"armedBar":171,"expiresBar":175,"triggerPrice":83.46,"reclaimPrice":83.2215,"breakoutHigh":83.5}
2026-04-13T14:50:07.621749834Z [inf]  2026-04-13T14:50:04.153Z 📊 FEATURE_5M | {"close":83.28,"ema8":83.2345,"ema18":83.0558,"rsi":59.524,"adx":39.146,"barIndex":172}
2026-04-13T14:50:07.621761499Z [inf]  2026-04-13T14:50:04.153Z 🧠 BREAKOUT_MEMORY_ARMED | {"armedBar":172,"expiresBar":176,"triggerPrice":83.28,"reclaimPrice":83.2345,"breakoutHigh":83.62}
2026-04-13T14:55:08.458069142Z [inf]  2026-04-13T14:55:04.000Z 📊 FEATURE_5M | {"close":83.42,"ema8":83.2757,"ema18":83.0942,"rsi":62.165,"adx":38.972,"barIndex":173}
2026-04-13T14:55:08.458076105Z [inf]  2026-04-13T14:55:04.000Z 🧠 BREAKOUT_MEMORY_ARMED | {"armedBar":173,"expiresBar":177,"triggerPrice":83.42,"reclaimPrice":83.2757,"breakoutHigh":83.42}
2026-04-13T15:00:19.986284973Z [inf]  2026-04-13T15:00:14.566Z 📊 FEATURE_5M | {"close":83.77,"ema8":83.3856,"ema18":83.1653,"rsi":67.817,"adx":39.729,"barIndex":174}
2026-04-13T15:00:19.986295187Z [inf]  2026-04-13T15:00:14.566Z 🧠 BREAKOUT_MEMORY_ARMED | {"armedBar":174,"expiresBar":178,"triggerPrice":83.77,"reclaimPrice":83.3856,"breakoutHigh":83.81}
2026-04-13T15:05:10.608278628Z [inf]  2026-04-13T15:05:04.287Z 📊 FEATURE_5M | {"close":83.3,"ema8":83.3666,"ema18":83.1795,"rsi":55.769,"adx":39.973,"barIndex":175}
2026-04-13T15:05:10.608318634Z [inf]  2026-04-13T15:05:04.287Z 🧠 BREAKOUT_MEMORY_CLEARED | {"reason":"lost_reclaim"}
2026-04-13T15:10:11.433111431Z [inf]  2026-04-13T15:10:04.656Z 📊 FEATURE_5M | {"close":83.27,"ema8":83.3451,"ema18":83.189,"rsi":55.096,"adx":39.588,"barIndex":176}
2026-04-13T15:15:12.215445093Z [inf]  2026-04-13T15:15:06.006Z 📊 FEATURE_5M | {"close":83.2,"ema8":83.3129,"ema18":83.1902,"rsi":53.475,"adx":39.121,"barIndex":177}
2026-04-13T15:20:12.973225102Z [inf]  2026-04-13T15:20:04.048Z 📊 FEATURE_5M | {"close":83.04,"ema8":83.2522,"ema18":83.1744,"rsi":49.863,"adx":38.026,"barIndex":178}
2026-04-13T15:25:13.274688827Z [inf]  2026-04-13T15:25:03.485Z 📊 FEATURE_5M | {"close":82.98,"ema8":83.1917,"ema18":83.1539,"rsi":48.539,"adx":36.847,"barIndex":179}
2026-04-13T15:30:13.967043667Z [inf]  2026-04-13T15:30:12.056Z 📊 FEATURE_5M | {"close":82.9,"ema8":83.1269,"ema18":83.1272,"rsi":46.757,"adx":34.831,"barIndex":180}
2026-04-13T15:35:05.099351010Z [inf]  2026-04-13T15:35:04.449Z 📊 FEATURE_5M | {"close":82.5,"ema8":82.9876,"ema18":83.0612,"rsi":39.037,"adx":33.202,"barIndex":181}
2026-04-13T15:40:05.719050276Z [inf]  2026-04-13T15:40:04.297Z 📊 FEATURE_5M | {"close":82.46,"ema8":82.8703,"ema18":82.9979,"rsi":38.355,"adx":31.957,"barIndex":182}
2026-04-13T15:45:16.454441549Z [inf]  2026-04-13T15:45:07.386Z 📊 FEATURE_5M | {"close":82.49,"ema8":82.7858,"ema18":82.9444,"rsi":39.213,"adx":30.8,"barIndex":183}
2026-04-13T15:50:07.130052002Z [inf]  2026-04-13T15:50:04.124Z 📊 FEATURE_5M | {"close":82.47,"ema8":82.7156,"ema18":82.8945,"rsi":38.825,"adx":29.385,"barIndex":184}
2026-04-13T15:55:07.944779373Z [inf]  2026-04-13T15:55:03.294Z 📊 FEATURE_5M | {"close":82.49,"ema8":82.6655,"ema18":82.8519,"rsi":39.47,"adx":28.19,"barIndex":185}
2026-04-13T16:00:18.392915390Z [inf]  2026-04-13T16:00:14.370Z 📊 FEATURE_5M | {"close":82.65,"ema8":82.6621,"ema18":82.8307,"rsi":44.508,"adx":26.344,"barIndex":186}
2026-04-13T16:05:09.022412576Z [inf]  2026-04-13T16:05:04.383Z 📊 FEATURE_5M | {"close":82.57,"ema8":82.6416,"ema18":82.8032,"rsi":42.599,"adx":24.527,"barIndex":187}
2026-04-13T16:10:14.058904238Z [inf]  2026-04-13T16:10:05.473Z 📊 FEATURE_5M | {"close":82.82,"ema8":82.6812,"ema18":82.805,"rsi":49.84,"adx":23.578,"barIndex":188}
2026-04-13T16:15:10.682181147Z [inf]  2026-04-13T16:15:05.450Z 📊 FEATURE_5M | {"close":82.94,"ema8":82.7387,"ema18":82.8192,"rsi":52.911,"adx":22.169,"barIndex":189}
2026-04-13T16:20:10.811260668Z [inf]  2026-04-13T16:20:04.318Z 📊 FEATURE_5M | {"close":83.08,"ema8":82.8146,"ema18":82.8466,"rsi":56.274,"adx":21.204,"barIndex":190}
2026-04-13T16:25:11.452167043Z [inf]  2026-04-13T16:25:03.697Z 📊 FEATURE_5M | {"close":83.19,"ema8":82.898,"ema18":82.8828,"rsi":58.766,"adx":20.827,"barIndex":191}
2026-04-13T16:25:11.452171104Z [inf]  2026-04-13T16:25:03.697Z 🧠 BREAKOUT_MEMORY_ARMED | {"armedBar":191,"expiresBar":195,"triggerPrice":83.19,"reclaimPrice":82.898,"breakoutHigh":83.29}
2026-04-13T16:30:11.867980662Z [inf]  2026-04-13T16:30:07.557Z 📊 FEATURE_5M | {"close":83.36,"ema8":83.0007,"ema18":82.933,"rsi":62.339,"adx":20.855,"barIndex":192}
2026-04-13T16:30:11.867987142Z [inf]  2026-04-13T16:30:07.557Z 🧠 BREAKOUT_MEMORY_ARMED | {"armedBar":192,"expiresBar":196,"triggerPrice":83.36,"reclaimPrice":83.0007,"breakoutHigh":83.4}
2026-04-13T16:35:12.386907260Z [inf]  2026-04-13T16:35:04.964Z 📊 FEATURE_5M | {"close":83.4,"ema8":83.0894,"ema18":82.9822,"rsi":63.148,"adx":21.209,"barIndex":193}
2026-04-13T16:35:12.386910286Z [inf]  2026-04-13T16:35:04.964Z 🧠 BREAKOUT_MEMORY_ARMED | {"armedBar":193,"expiresBar":197,"triggerPrice":83.4,"reclaimPrice":83.0894,"breakoutHigh":83.5}
2026-04-13T16:40:13.183567484Z [inf]  2026-04-13T16:40:05.426Z 📊 FEATURE_5M | {"close":83.4,"ema8":83.1584,"ema18":83.0262,"rsi":63.148,"adx":21.667,"barIndex":194}
2026-04-13T16:40:13.183572727Z [inf]  2026-04-13T16:40:05.426Z 🧠 BREAKOUT_MEMORY_ARMED | {"armedBar":194,"expiresBar":198,"triggerPrice":83.4,"reclaimPrice":83.1584,"breakoutHigh":83.54}
2026-04-13T16:45:13.310735931Z [inf]  2026-04-13T16:45:09.046Z 📊 FEATURE_5M | {"close":83.44,"ema8":83.221,"ema18":83.0697,"rsi":64.044,"adx":21.974,"barIndex":195}
2026-04-13T16:45:13.310745739Z [inf]  2026-04-13T16:45:09.046Z 🧠 BREAKOUT_MEMORY_ARMED | {"armedBar":195,"expiresBar":199,"triggerPrice":83.44,"reclaimPrice":83.221,"breakoutHigh":83.53}
2026-04-13T16:50:04.184678680Z [inf]  2026-04-13T16:50:04.108Z 📊 FEATURE_5M | {"close":83.39,"ema8":83.2586,"ema18":83.1034,"rsi":62.014,"adx":22.572,"barIndex":196}
2026-04-13T16:50:04.184686740Z [inf]  2026-04-13T16:50:04.108Z 🧠 BREAKOUT_MEMORY_ARMED | {"armedBar":196,"expiresBar":200,"triggerPrice":83.39,"reclaimPrice":83.2586,"breakoutHigh":83.62}
2026-04-13T16:55:04.636884206Z [inf]  2026-04-13T16:55:03.253Z 📊 FEATURE_5M | {"close":83.17,"ema8":83.2389,"ema18":83.1104,"rsi":53.919,"adx":21.774,"barIndex":197}
2026-04-13T17:00:15.037803405Z [inf]  2026-04-13T17:00:11.952Z 🧠 BREAKOUT_MEMORY_ARMED | {"armedBar":198,"expiresBar":202,"triggerPrice":83.35,"reclaimPrice":83.2636,"breakoutHigh":83.4}
2026-04-13T17:00:15.037824389Z [inf]  2026-04-13T17:00:11.952Z 📊 FEATURE_5M | {"close":83.35,"ema8":83.2636,"ema18":83.1357,"rsi":58.673,"adx":21.033,"barIndex":198}
2026-04-13T17:05:06.341517446Z [inf]  2026-04-13T17:05:04.215Z 📊 FEATURE_5M | {"close":83.29,"ema8":83.2694,"ema18":83.1519,"rsi":56.577,"adx":20.345,"barIndex":199}
2026-04-13T17:05:06.341521176Z [inf]  2026-04-13T17:05:04.215Z 🧠 BREAKOUT_MEMORY_ARMED | {"armedBar":199,"expiresBar":203,"triggerPrice":83.29,"reclaimPrice":83.2694,"breakoutHigh":83.38}
2026-04-13T17:10:06.853428418Z [inf]  2026-04-13T17:10:04.354Z 📊 FEATURE_5M | {"close":83.35,"ema8":83.2873,"ema18":83.1728,"rsi":58.185,"adx":19.53,"barIndex":200}
2026-04-13T17:10:06.853437390Z [inf]  2026-04-13T17:10:04.354Z 🧠 BREAKOUT_MEMORY_ARMED | {"armedBar":200,"expiresBar":204,"triggerPrice":83.35,"reclaimPrice":83.2873,"breakoutHigh":83.36}
2026-04-13T17:15:07.371686213Z [inf]  2026-04-13T17:15:05.969Z 📊 FEATURE_5M | {"close":83.29,"ema8":83.2879,"ema18":83.1851,"rsi":55.954,"adx":19.383,"barIndex":201}
2026-04-13T17:15:07.371693245Z [inf]  2026-04-13T17:15:05.969Z 🧠 BREAKOUT_MEMORY_ARMED | {"armedBar":201,"expiresBar":205,"triggerPrice":83.29,"reclaimPrice":83.2879,"breakoutHigh":83.49}
2026-04-13T17:20:08.380652380Z [inf]  2026-04-13T17:20:05.282Z 📊 FEATURE_5M | {"close":83.47,"ema8":83.3284,"ema18":83.2151,"rsi":60.81,"adx":19.056,"barIndex":202}
2026-04-13T17:20:08.380684765Z [inf]  2026-04-13T17:20:05.282Z 🧠 BREAKOUT_MEMORY_ARMED | {"armedBar":202,"expiresBar":206,"triggerPrice":83.47,"reclaimPrice":83.3284,"breakoutHigh":83.48}
2026-04-13T17:25:09.119980269Z [inf]  2026-04-13T17:25:03.609Z 📊 FEATURE_5M | {"close":83.31,"ema8":83.3243,"ema18":83.2251,"rsi":55.005,"adx":18.752,"barIndex":203}
2026-04-13T17:30:10.007776488Z [inf]  2026-04-13T17:30:07.929Z 📊 FEATURE_5M | {"close":83.6,"ema8":83.3856,"ema18":83.2645,"rsi":62.072,"adx":19.138,"barIndex":204}
2026-04-13T17:30:10.007780421Z [inf]  2026-04-13T17:30:07.930Z 🧠 BREAKOUT_MEMORY_ARMED | {"armedBar":204,"expiresBar":208,"triggerPrice":83.6,"reclaimPrice":83.3856,"breakoutHigh":83.61}
2026-04-13T17:35:10.701501146Z [inf]  2026-04-13T17:35:03.933Z 📊 FEATURE_5M | {"close":83.66,"ema8":83.4466,"ema18":83.3062,"rsi":63.354,"adx":20.377,"barIndex":205}
2026-04-13T17:35:10.701505400Z [inf]  2026-04-13T17:35:03.933Z 🧠 BREAKOUT_MEMORY_ARMED | {"armedBar":205,"expiresBar":209,"triggerPrice":83.66,"reclaimPrice":83.4466,"breakoutHigh":83.84}
2026-04-13T17:40:11.434546562Z [inf]  2026-04-13T17:40:03.915Z 📊 FEATURE_5M | {"close":83.52,"ema8":83.4629,"ema18":83.3287,"rsi":58.393,"adx":20.774,"barIndex":206}
2026-04-13T17:40:11.434551471Z [inf]  2026-04-13T17:40:03.915Z 🧠 BREAKOUT_MEMORY_ARMED | {"armedBar":206,"expiresBar":210,"triggerPrice":83.52,"reclaimPrice":83.4629,"breakoutHigh":83.67}
2026-04-13T17:45:12.190251521Z [inf]  2026-04-13T17:45:09.852Z 📊 FEATURE_5M | {"close":83.48,"ema8":83.4667,"ema18":83.3446,"rsi":57.019,"adx":20.815,"barIndex":207}
2026-04-13T17:45:12.190255616Z [inf]  2026-04-13T17:45:09.852Z 🧠 BREAKOUT_MEMORY_ARMED | {"armedBar":207,"expiresBar":211,"triggerPrice":83.48,"reclaimPrice":83.4667,"breakoutHigh":83.55}
2026-04-13T17:50:12.666478800Z [inf]  2026-04-13T17:50:03.129Z 🧠 BREAKOUT_MEMORY_CLEARED | {"reason":"lost_reclaim"}
2026-04-13T17:50:12.666481969Z [inf]  2026-04-13T17:50:03.129Z 📊 FEATURE_5M | {"close":83.33,"ema8":83.4363,"ema18":83.3431,"rsi":52.072,"adx":20.05,"barIndex":208}
2026-04-13T17:55:13.223926026Z [inf]  2026-04-13T17:55:03.770Z 📊 FEATURE_5M | {"close":83.12,"ema8":83.366,"ema18":83.3196,"rsi":46.047,"adx":19.368,"barIndex":209}
2026-04-13T18:05:04.511081773Z [inf]  2026-04-13T18:05:03.839Z 📊 FEATURE_5M | {"close":83.07,"ema8":83.2456,"ema18":83.2679,"rsi":44.887,"adx":18.405,"barIndex":211}
2026-04-13T18:10:04.644708143Z [inf]  2026-04-13T18:10:04.433Z 📊 FEATURE_5M | {"close":83.07,"ema8":83.2066,"ema18":83.2471,"rsi":44.887,"adx":17.824,"barIndex":212}
2026-04-13T18:15:15.087162776Z [inf]  2026-04-13T18:15:05.987Z 📊 FEATURE_5M | {"close":83.09,"ema8":83.1807,"ema18":83.2306,"rsi":45.651,"adx":17.618,"barIndex":213}
2026-04-13T18:20:05.524899104Z [inf]  2026-04-13T18:20:05.004Z 📊 FEATURE_5M | {"close":83.03,"ema8":83.1472,"ema18":83.2094,"rsi":43.695,"adx":17.361,"barIndex":214}
2026-04-13T18:25:06.435808406Z [inf]  2026-04-13T18:25:03.568Z 📊 FEATURE_5M | {"close":82.71,"ema8":83.05,"ema18":83.1569,"rsi":35.062,"adx":18.171,"barIndex":215}
2026-04-13T18:30:16.962626132Z [inf]  2026-04-13T18:30:11.050Z 📊 FEATURE_5M | {"close":82.79,"ema8":82.9923,"ema18":83.1183,"rsi":38.342,"adx":19.319,"barIndex":216}
2026-04-13T18:35:07.260280479Z [inf]  2026-04-13T18:35:04.867Z 📊 FEATURE_5M | {"close":82.99,"ema8":82.9918,"ema18":83.1048,"rsi":45.722,"adx":19.064,"barIndex":217}
2026-04-13T18:40:07.596155133Z [inf]  2026-04-13T18:40:03.584Z 📊 FEATURE_5M | {"close":82.98,"ema8":82.9891,"ema18":83.0916,"rsi":45.429,"adx":18.545,"barIndex":218}
2026-04-13T18:45:08.116499931Z [inf]  2026-04-13T18:45:05.453Z 📊 FEATURE_5M | {"close":83.07,"ema8":83.0071,"ema18":83.0893,"rsi":48.618,"adx":17.367,"barIndex":219}
2026-04-13T18:50:08.741994923Z [inf]  2026-04-13T18:50:05.144Z 📊 FEATURE_5M | {"close":83.14,"ema8":83.0366,"ema18":83.0947,"rsi":51.016,"adx":16.185,"barIndex":220}
2026-04-13T18:55:10.015586436Z [inf]  2026-04-13T18:55:03.868Z 📊 FEATURE_5M | {"close":83.21,"ema8":83.0752,"ema18":83.1068,"rsi":53.36,"adx":15.087,"barIndex":221}
2026-04-13T19:00:10.198782764Z [inf]  2026-04-13T19:00:10.089Z 📊 FEATURE_5M | {"close":83.22,"ema8":83.1074,"ema18":83.1187,"rsi":53.701,"adx":14.397,"barIndex":222}
2026-04-13T19:05:10.916805089Z [inf]  2026-04-13T19:05:08.326Z 📊 FEATURE_5M | {"close":83.16,"ema8":83.1191,"ema18":83.1231,"rsi":51.279,"adx":13.453,"barIndex":223}
2026-04-13T19:10:11.300026728Z [inf]  2026-04-13T19:10:06.506Z 📊 FEATURE_5M | {"close":83.11,"ema8":83.117,"ema18":83.1217,"rsi":49.285,"adx":12.576,"barIndex":224}
2026-04-13T19:15:11.723568816Z [inf]  2026-04-13T19:15:06.921Z 📊 FEATURE_5M | {"close":83.11,"ema8":83.1155,"ema18":83.1205,"rsi":49.285,"adx":11.762,"barIndex":225}
2026-04-13T19:20:12.736964413Z [inf]  2026-04-13T19:20:04.919Z 📊 FEATURE_5M | {"close":83.31,"ema8":83.1587,"ema18":83.1404,"rsi":57.037,"adx":12.348,"barIndex":226}
2026-04-13T19:25:03.276567565Z [inf]  2026-04-13T19:25:03.189Z 📊 FEATURE_5M | {"close":83.44,"ema8":83.2212,"ema18":83.172,"rsi":61.189,"adx":13.452,"barIndex":227}
2026-04-13T19:30:13.677731589Z [inf]  2026-04-13T19:30:08.829Z 📊 FEATURE_5M | {"close":83.51,"ema8":83.2854,"ema18":83.2075,"rsi":63.249,"adx":14.476,"barIndex":228}
2026-04-13T19:30:13.677754637Z [inf]  2026-04-13T19:30:08.829Z 🧠 BREAKOUT_MEMORY_ARMED | {"armedBar":228,"expiresBar":232,"triggerPrice":83.51,"reclaimPrice":83.2854,"breakoutHigh":83.55}
2026-04-13T19:35:04.234848667Z [inf]  2026-04-13T19:35:03.909Z 📊 FEATURE_5M | {"close":83.8,"ema8":83.3997,"ema18":83.2699,"rsi":70.285,"adx":16.411,"barIndex":229}
2026-04-13T19:35:04.234852874Z [inf]  2026-04-13T19:35:03.909Z 🧠 BREAKOUT_MEMORY_ARMED | {"armedBar":229,"expiresBar":233,"triggerPrice":83.8,"reclaimPrice":83.3997,"breakoutHigh":83.82}
2026-04-13T19:40:05.529913876Z [inf]  2026-04-13T19:40:04.791Z 📊 FEATURE_5M | {"close":83.79,"ema8":83.4865,"ema18":83.3246,"rsi":69.789,"adx":18.207,"barIndex":230}
2026-04-13T19:40:05.529923627Z [inf]  2026-04-13T19:40:04.792Z 🧠 BREAKOUT_MEMORY_ARMED | {"armedBar":230,"expiresBar":234,"triggerPrice":83.79,"reclaimPrice":83.4865,"breakoutHigh":83.8}
2026-04-13T19:45:15.956111305Z [inf]  2026-04-13T19:45:07.008Z 📊 FEATURE_5M | {"close":83.71,"ema8":83.5361,"ema18":83.3652,"rsi":65.788,"adx":19.909,"barIndex":231}
2026-04-13T19:45:15.956116294Z [inf]  2026-04-13T19:45:07.008Z 🧠 BREAKOUT_MEMORY_ARMED | {"armedBar":231,"expiresBar":235,"triggerPrice":83.71,"reclaimPrice":83.5361,"breakoutHigh":83.81}
2026-04-13T19:50:06.483678561Z [inf]  2026-04-13T19:50:05.469Z 🔹 RAY_BULLISH_BOS | {"price":83.88,"ts":"2026-04-13T19:50:01Z"}
2026-04-13T19:50:07.974852155Z [inf]  2026-04-13T19:50:07.965Z 📊 FEATURE_5M | {"close":83.88,"ema8":83.6126,"ema18":83.4194,"rsi":69.756,"adx":22.079,"barIndex":232}
2026-04-13T19:50:07.974857051Z [inf]  2026-04-13T19:50:07.965Z 🧠 BREAKOUT_MEMORY_ARMED | {"armedBar":232,"expiresBar":236,"triggerPrice":83.88,"reclaimPrice":83.6126,"breakoutHigh":84}
2026-04-13T19:55:08.319025904Z [inf]  2026-04-13T19:55:06.372Z 📊 FEATURE_5M | {"close":84.15,"ema8":83.732,"ema18":83.4963,"rsi":74.762,"adx":24.545,"barIndex":233}
2026-04-13T19:55:08.319037360Z [inf]  2026-04-13T19:55:06.372Z 🧠 BREAKOUT_MEMORY_ARMED | {"armedBar":233,"expiresBar":237,"triggerPrice":84.15,"reclaimPrice":83.732,"breakoutHigh":84.18}
2026-04-13T20:00:28.875963751Z [inf]  2026-04-13T20:00:21.476Z 📊 FEATURE_5M | {"close":84.09,"ema8":83.8115,"ema18":83.5588,"rsi":71.913,"adx":26.992,"barIndex":234}
2026-04-13T20:00:28.875968921Z [inf]  2026-04-13T20:00:21.476Z 🧠 BREAKOUT_MEMORY_ARMED | {"armedBar":234,"expiresBar":238,"triggerPrice":84.09,"reclaimPrice":83.8115,"breakoutHigh":84.25}
2026-04-13T20:05:10.022160651Z [inf]  2026-04-13T20:05:03.720Z 📊 FEATURE_5M | {"close":84.01,"ema8":83.8556,"ema18":83.6063,"rsi":68.183,"adx":28.758,"barIndex":235}
2026-04-13T20:05:10.022165646Z [inf]  2026-04-13T20:05:03.720Z 🧠 BREAKOUT_MEMORY_ARMED | {"armedBar":235,"expiresBar":239,"triggerPrice":84.01,"reclaimPrice":83.8556,"breakoutHigh":84.23}
2026-04-13T20:10:10.516869137Z [inf]  2026-04-13T20:10:04.364Z 📊 FEATURE_5M | {"close":84.09,"ema8":83.9077,"ema18":83.6572,"rsi":69.866,"adx":29.903,"barIndex":236}
2026-04-13T20:10:10.516874911Z [inf]  2026-04-13T20:10:04.364Z 🧠 BREAKOUT_MEMORY_ARMED | {"armedBar":236,"expiresBar":240,"triggerPrice":84.09,"reclaimPrice":83.9077,"breakoutHigh":84.16}
2026-04-13T20:15:10.626328042Z [inf]  2026-04-13T20:15:04.928Z 📊 FEATURE_5M | {"close":83.84,"ema8":83.8927,"ema18":83.6765,"rsi":59.305,"adx":29.968,"barIndex":237}
2026-04-13T20:20:11.047971047Z [inf]  2026-04-13T20:20:03.823Z 📊 FEATURE_5M | {"close":83.88,"ema8":83.8899,"ema18":83.6979,"rsi":60.338,"adx":30.029,"barIndex":238}
2026-04-13T20:25:11.423353161Z [inf]  2026-04-13T20:25:02.899Z 📊 FEATURE_5M | {"close":83.84,"ema8":83.8788,"ema18":83.7128,"rsi":58.733,"adx":30.006,"barIndex":239}
2026-04-13T20:30:12.065113071Z [inf]  2026-04-13T20:30:04.555Z 📊 FEATURE_5M | {"close":84.06,"ema8":83.9191,"ema18":83.7494,"rsi":64.351,"adx":30.483,"barIndex":240}
2026-04-13T20:30:12.065116855Z [inf]  2026-04-13T20:30:04.555Z 🧠 BREAKOUT_MEMORY_ARMED | {"armedBar":240,"expiresBar":244,"triggerPrice":84.06,"reclaimPrice":83.9191,"breakoutHigh":84.07}
2026-04-13T20:35:12.291943697Z [inf]  2026-04-13T20:35:03.112Z 📊 FEATURE_5M | {"close":84.16,"ema8":83.9726,"ema18":83.7926,"rsi":66.579,"adx":31.262,"barIndex":241}
2026-04-13T20:35:12.291948702Z [inf]  2026-04-13T20:35:03.113Z 🧠 BREAKOUT_MEMORY_ARMED | {"armedBar":241,"expiresBar":245,"triggerPrice":84.16,"reclaimPrice":83.9726,"breakoutHigh":84.16}
2026-04-13T20:40:12.562137878Z [inf]  2026-04-13T20:40:03.345Z 📊 FEATURE_5M | {"close":84.08,"ema8":83.9965,"ema18":83.8229,"rsi":63.178,"adx":32.616,"barIndex":242}
2026-04-13T20:40:12.562145892Z [inf]  2026-04-13T20:40:03.345Z 🧠 BREAKOUT_MEMORY_ARMED | {"armedBar":242,"expiresBar":246,"triggerPrice":84.08,"reclaimPrice":83.9965,"breakoutHigh":84.36}
2026-04-13T20:45:12.904262346Z [inf]  2026-04-13T20:45:04.568Z 📊 FEATURE_5M | {"close":84.14,"ema8":84.0284,"ema18":83.8562,"rsi":64.637,"adx":33.788,"barIndex":243}
2026-04-13T20:45:12.904266778Z [inf]  2026-04-13T20:45:04.568Z 🧠 BREAKOUT_MEMORY_ARMED | {"armedBar":243,"expiresBar":247,"triggerPrice":84.14,"reclaimPrice":84.0284,"breakoutHigh":84.19}
2026-04-13T20:50:13.268692486Z [inf]  2026-04-13T20:50:03.328Z 📊 FEATURE_5M | {"close":84.01,"ema8":84.0243,"ema18":83.8724,"rsi":59.167,"adx":34.349,"barIndex":244}
2026-04-13T20:55:03.860350725Z [inf]  2026-04-13T20:55:02.980Z 🧠 BREAKOUT_MEMORY_CLEARED | {"reason":"lost_reclaim"}
2026-04-13T20:55:03.860355415Z [inf]  2026-04-13T20:55:02.980Z 📊 FEATURE_5M | {"close":83.89,"ema8":83.9944,"ema18":83.8743,"rsi":54.575,"adx":33.895,"barIndex":245}
2026-04-13T21:00:14.775644023Z [inf]  2026-04-13T21:00:05.566Z 📊 FEATURE_5M | {"close":83.93,"ema8":83.9801,"ema18":83.8801,"rsi":55.806,"adx":33.243,"barIndex":246}
2026-04-13T21:05:05.657161536Z [inf]  2026-04-13T21:05:02.196Z 📊 FEATURE_5M | {"close":83.89,"ema8":83.9601,"ema18":83.8812,"rsi":54.224,"adx":32.637,"barIndex":247}
2026-04-13T21:10:06.577726725Z [inf]  2026-04-13T21:10:01.897Z 📊 FEATURE_5M | {"close":83.98,"ema8":83.9645,"ema18":83.8916,"rsi":57.167,"adx":32.372,"barIndex":248}
2026-04-13T21:10:06.577732602Z [inf]  2026-04-13T21:10:01.897Z 🧠 BREAKOUT_MEMORY_ARMED | {"armedBar":248,"expiresBar":252,"triggerPrice":83.98,"reclaimPrice":83.9645,"breakoutHigh":84.04}
2026-04-13T21:15:07.417349090Z [inf]  2026-04-13T21:15:02.867Z 📊 FEATURE_5M | {"close":84,"ema8":83.9724,"ema18":83.903,"rsi":57.816,"adx":32.543,"barIndex":249}
2026-04-13T21:15:07.417352885Z [inf]  2026-04-13T21:15:02.867Z 🧠 BREAKOUT_MEMORY_ARMED | {"armedBar":249,"expiresBar":253,"triggerPrice":84,"reclaimPrice":83.9724,"breakoutHigh":84.13}
2026-04-13T21:20:07.745657041Z [inf]  2026-04-13T21:20:02.824Z 🧠 BREAKOUT_MEMORY_CLEARED | {"reason":"lost_reclaim"}
2026-04-13T21:20:07.745662276Z [inf]  2026-04-13T21:20:02.824Z 📊 FEATURE_5M | {"close":83.88,"ema8":83.9519,"ema18":83.9006,"rsi":52.66,"adx":31.92,"barIndex":250}
2026-04-13T21:25:10.682502412Z [inf]  2026-04-13T21:25:02.042Z 📊 FEATURE_5M | {"close":83.92,"ema8":83.9448,"ema18":83.9026,"rsi":54.128,"adx":31.009,"barIndex":251}
2026-04-13T21:30:12.772526979Z [inf]  2026-04-13T21:30:04.631Z 📊 FEATURE_5M | {"close":83.88,"ema8":83.9304,"ema18":83.9002,"rsi":52.378,"adx":30.164,"barIndex":252}
2026-04-13T21:35:05.016205912Z [inf]  2026-04-13T21:35:01.890Z 📊 FEATURE_5M | {"close":84.02,"ema8":83.9503,"ema18":83.9128,"rsi":57.551,"adx":30.045,"barIndex":253}
2026-04-13T21:35:05.016211070Z [inf]  2026-04-13T21:35:01.890Z 🧠 BREAKOUT_MEMORY_ARMED | {"armedBar":253,"expiresBar":257,"triggerPrice":84.02,"reclaimPrice":83.9503,"breakoutHigh":84.04}
2026-04-13T21:40:06.275199539Z [inf]  2026-04-13T21:40:02.188Z 📊 FEATURE_5M | {"close":84.04,"ema8":83.9702,"ema18":83.9262,"rsi":58.249,"adx":29.987,"barIndex":254}
2026-04-13T21:40:06.275204491Z [inf]  2026-04-13T21:40:02.188Z 🧠 BREAKOUT_MEMORY_ARMED | {"armedBar":254,"expiresBar":258,"triggerPrice":84.04,"reclaimPrice":83.9702,"breakoutHigh":84.05}
2026-04-13T21:45:07.581185555Z [inf]  2026-04-13T21:45:03.955Z 📊 FEATURE_5M | {"close":84.01,"ema8":83.9791,"ema18":83.935,"rsi":56.742,"adx":30.388,"barIndex":255}
2026-04-13T21:45:07.581188496Z [inf]  2026-04-13T21:45:03.955Z 🧠 BREAKOUT_MEMORY_ARMED | {"armedBar":255,"expiresBar":259,"triggerPrice":84.01,"reclaimPrice":83.9791,"breakoutHigh":84.14}
2026-04-13T21:50:09.820685869Z [inf]  2026-04-13T21:50:02.898Z 📊 FEATURE_5M | {"close":83.97,"ema8":83.9771,"ema18":83.9387,"rsi":54.71,"adx":29.733,"barIndex":256}
2026-04-13T21:55:12.020892268Z [inf]  2026-04-13T21:55:07.166Z 📊 FEATURE_5M | {"close":84.02,"ema8":83.9866,"ema18":83.9473,"rsi":56.793,"adx":29.349,"barIndex":257}
2026-04-13T21:55:12.020895445Z [inf]  2026-04-13T21:55:07.166Z 🧠 BREAKOUT_MEMORY_ARMED | {"armedBar":257,"expiresBar":261,"triggerPrice":84.02,"reclaimPrice":83.9866,"breakoutHigh":84.08}
2026-04-13T22:00:14.215182624Z [inf]  2026-04-13T22:00:05.506Z 📊 FEATURE_5M | {"close":83.95,"ema8":83.9785,"ema18":83.9476,"rsi":53.111,"adx":28.993,"barIndex":258}
2026-04-13T22:05:05.660937405Z [inf]  2026-04-13T22:05:03.210Z 📊 FEATURE_5M | {"close":84.03,"ema8":83.9899,"ema18":83.9562,"rsi":56.576,"adx":28.901,"barIndex":259}
2026-04-13T22:05:05.660941688Z [inf]  2026-04-13T22:05:03.210Z 🧠 BREAKOUT_MEMORY_ARMED | {"armedBar":259,"expiresBar":263,"triggerPrice":84.03,"reclaimPrice":83.9899,"breakoutHigh":84.09}
2026-04-13T22:10:08.119434568Z [inf]  2026-04-13T22:10:03.493Z 📊 FEATURE_5M | {"close":84.23,"ema8":84.0433,"ema18":83.9851,"rsi":63.782,"adx":30.767,"barIndex":260}
2026-04-13T22:10:08.119439732Z [inf]  2026-04-13T22:10:03.494Z 🧠 BREAKOUT_MEMORY_ARMED | {"armedBar":260,"expiresBar":264,"triggerPrice":84.23,"reclaimPrice":84.0433,"breakoutHigh":84.6}
2026-04-13T22:15:10.109650798Z [inf]  2026-04-13T22:15:06.103Z 📊 FEATURE_5M | {"close":84.79,"ema8":84.2092,"ema18":84.0698,"rsi":75.861,"adx":33.349,"barIndex":261}
2026-04-13T22:15:10.109656127Z [inf]  2026-04-13T22:15:06.103Z 🧠 BREAKOUT_MEMORY_ARMED | {"armedBar":261,"expiresBar":265,"triggerPrice":84.79,"reclaimPrice":84.2092,"breakoutHigh":85.05}
2026-04-13T22:15:10.109661099Z [inf]  2026-04-13T22:15:06.407Z 🔹 RAY_BULLISH_BOS | {"price":84.79,"ts":"2026-04-13T22:15:01Z"}
2026-04-13T22:20:11.272487344Z [inf]  2026-04-13T22:20:03.209Z 📊 FEATURE_5M | {"close":85.48,"ema8":84.4916,"ema18":84.2182,"rsi":83.267,"adx":36.45,"barIndex":262}
2026-04-13T22:20:11.272491574Z [inf]  2026-04-13T22:20:03.210Z 🧠 BREAKOUT_MEMORY_ARMED | {"armedBar":262,"expiresBar":266,"triggerPrice":85.48,"reclaimPrice":84.4916,"breakoutHigh":85.72}
2026-04-13T22:25:02.934261624Z [inf]  2026-04-13T22:25:02.617Z 📊 FEATURE_5M | {"close":85.69,"ema8":84.7579,"ema18":84.3732,"rsi":84.795,"adx":39.461,"barIndex":263}
2026-04-13T22:25:02.934269571Z [inf]  2026-04-13T22:25:02.617Z 🧠 BREAKOUT_MEMORY_ARMED | {"armedBar":263,"expiresBar":267,"triggerPrice":85.69,"reclaimPrice":84.7579,"breakoutHigh":85.9}
2026-04-13T22:30:14.403936615Z [inf]  2026-04-13T22:30:07.230Z 📊 FEATURE_5M | {"close":85.67,"ema8":84.9606,"ema18":84.5097,"rsi":84.008,"adx":42.257,"barIndex":264}
2026-04-13T22:30:14.403941612Z [inf]  2026-04-13T22:30:07.230Z 🧠 BREAKOUT_MEMORY_ARMED | {"armedBar":264,"expiresBar":268,"triggerPrice":85.67,"reclaimPrice":84.9606,"breakoutHigh":85.75}
2026-04-13T22:35:06.470354699Z [inf]  2026-04-13T22:35:02.950Z 📊 FEATURE_5M | {"close":85.96,"ema8":85.1827,"ema18":84.6623,"rsi":86.033,"adx":45.079,"barIndex":265}
2026-04-13T22:35:06.470358325Z [inf]  2026-04-13T22:35:02.950Z 🧠 BREAKOUT_MEMORY_ARMED | {"armedBar":265,"expiresBar":269,"triggerPrice":85.96,"reclaimPrice":85.1827,"breakoutHigh":86.09}
2026-04-13T22:40:08.059248593Z [inf]  2026-04-13T22:40:03.004Z 📊 FEATURE_5M | {"close":85.63,"ema8":85.2821,"ema18":84.7642,"rsi":74.477,"adx":47.174,"barIndex":266}
2026-04-13T22:40:08.059251595Z [inf]  2026-04-13T22:40:03.004Z 🧠 BREAKOUT_MEMORY_ARMED | {"armedBar":266,"expiresBar":270,"triggerPrice":85.63,"reclaimPrice":85.2821,"breakoutHigh":86.04}
2026-04-13T22:45:09.628535750Z [inf]  2026-04-13T22:45:05.037Z 📊 FEATURE_5M | {"close":85.82,"ema8":85.4016,"ema18":84.8753,"rsi":76.439,"adx":49.12,"barIndex":267}
2026-04-13T22:45:09.628540965Z [inf]  2026-04-13T22:45:05.038Z 🧠 BREAKOUT_MEMORY_ARMED | {"armedBar":267,"expiresBar":271,"triggerPrice":85.82,"reclaimPrice":85.4016,"breakoutHigh":85.83}
2026-04-13T22:50:11.085683439Z [inf]  2026-04-13T22:50:02.386Z 📊 FEATURE_5M | {"close":85.81,"ema8":85.4924,"ema18":84.9737,"rsi":76.108,"adx":51.067,"barIndex":268}
2026-04-13T22:50:11.085686905Z [inf]  2026-04-13T22:50:02.386Z 🧠 BREAKOUT_MEMORY_ARMED | {"armedBar":268,"expiresBar":272,"triggerPrice":85.81,"reclaimPrice":85.4924,"breakoutHigh":85.99}
2026-04-13T22:55:03.085739915Z [inf]  2026-04-13T22:55:02.553Z 📊 FEATURE_5M | {"close":86.26,"ema8":85.663,"ema18":85.1091,"rsi":80.259,"adx":53.141,"barIndex":269}
2026-04-13T22:55:03.085744687Z [inf]  2026-04-13T22:55:02.553Z 🧠 BREAKOUT_MEMORY_ARMED | {"armedBar":269,"expiresBar":273,"triggerPrice":86.26,"reclaimPrice":85.663,"breakoutHigh":86.35}
2026-04-13T23:00:14.386955127Z [inf]  2026-04-13T23:00:10.569Z 📊 FEATURE_5M | {"close":86.22,"ema8":85.7867,"ema18":85.2261,"rsi":78.946,"adx":55.142,"barIndex":270}
2026-04-13T23:00:14.386958021Z [inf]  2026-04-13T23:00:10.569Z 🧠 BREAKOUT_MEMORY_ARMED | {"armedBar":270,"expiresBar":274,"triggerPrice":86.22,"reclaimPrice":85.7867,"breakoutHigh":86.47}
2026-04-13T23:05:06.195345162Z [inf]  2026-04-13T23:05:03.062Z 📊 FEATURE_5M | {"close":86.4,"ema8":85.923,"ema18":85.3496,"rsi":80.492,"adx":55.715,"barIndex":271}
2026-04-13T23:05:06.195349569Z [inf]  2026-04-13T23:05:03.062Z 🧠 BREAKOUT_MEMORY_ARMED | {"armedBar":271,"expiresBar":275,"triggerPrice":86.4,"reclaimPrice":85.923,"breakoutHigh":86.41}
2026-04-13T23:10:08.305945771Z [inf]  2026-04-13T23:10:03.425Z 📊 FEATURE_5M | {"close":86.38,"ema8":86.0246,"ema18":85.4581,"rsi":79.791,"adx":56.353,"barIndex":272}
2026-04-13T23:10:08.305949282Z [inf]  2026-04-13T23:10:03.425Z 🧠 BREAKOUT_MEMORY_ARMED | {"armedBar":272,"expiresBar":276,"triggerPrice":86.38,"reclaimPrice":86.0246,"breakoutHigh":86.5}
2026-04-13T23:15:40.635634653Z [inf]  2026-04-13T23:15:34.647Z 📊 FEATURE_5M | {"close":86.21,"ema8":86.0658,"ema18":85.5372,"rsi":73.897,"adx":56.354,"barIndex":273}
2026-04-13T23:15:40.635638294Z [inf]  2026-04-13T23:15:34.647Z 🧠 BREAKOUT_MEMORY_ARMED | {"armedBar":273,"expiresBar":277,"triggerPrice":86.21,"reclaimPrice":86.0658,"breakoutHigh":86.55}
2026-04-13T23:20:51.714091375Z [inf]  2026-04-13T23:20:42.533Z 📊 FEATURE_5M | {"close":86.25,"ema8":86.1067,"ema18":85.6123,"rsi":74.377,"adx":55.355,"barIndex":274}
2026-04-13T23:20:51.714100698Z [inf]  2026-04-13T23:20:42.533Z 🧠 BREAKOUT_MEMORY_ARMED | {"armedBar":274,"expiresBar":278,"triggerPrice":86.25,"reclaimPrice":86.1067,"breakoutHigh":86.33}
2026-04-13T23:25:03.209852561Z [inf]  2026-04-13T23:25:02.337Z 📊 FEATURE_5M | {"close":86.28,"ema8":86.1452,"ema18":85.6825,"rsi":74.751,"adx":54.705,"barIndex":275}
2026-04-13T23:25:03.209857509Z [inf]  2026-04-13T23:25:02.337Z 🧠 BREAKOUT_MEMORY_ARMED | {"armedBar":275,"expiresBar":279,"triggerPrice":86.28,"reclaimPrice":86.1452,"breakoutHigh":86.48}
2026-04-13T23:30:13.979038937Z [inf]  2026-04-13T23:30:05.320Z 📊 FEATURE_5M | {"close":86.59,"ema8":86.2441,"ema18":85.7781,"rsi":78.285,"adx":54.631,"barIndex":276}
2026-04-13T23:30:13.979050416Z [inf]  2026-04-13T23:30:05.320Z 🧠 BREAKOUT_MEMORY_ARMED | {"armedBar":276,"expiresBar":280,"triggerPrice":86.59,"reclaimPrice":86.2441,"breakoutHigh":86.81}
2026-04-13T23:35:03.898160074Z [inf]  2026-04-13T23:35:03.123Z 📊 FEATURE_5M | {"close":86.53,"ema8":86.3076,"ema18":85.8572,"rsi":76.066,"adx":54.561,"barIndex":277}
2026-04-13T23:35:03.898166497Z [inf]  2026-04-13T23:35:03.123Z 🧠 BREAKOUT_MEMORY_ARMED | {"armedBar":277,"expiresBar":281,"triggerPrice":86.53,"reclaimPrice":86.3076,"breakoutHigh":86.79}
2026-04-13T23:40:05.175553743Z [inf]  2026-04-13T23:40:02.856Z 📊 FEATURE_5M | {"close":86.5,"ema8":86.3504,"ema18":85.9249,"rsi":74.923,"adx":54.497,"barIndex":278}
2026-04-13T23:40:05.175559452Z [inf]  2026-04-13T23:40:02.856Z 🧠 BREAKOUT_MEMORY_ARMED | {"armedBar":278,"expiresBar":282,"triggerPrice":86.5,"reclaimPrice":86.3504,"breakoutHigh":86.67}
2026-04-13T23:45:05.832762929Z [inf]  2026-04-13T23:45:04.208Z 📊 FEATURE_5M | {"close":86.43,"ema8":86.3681,"ema18":85.9781,"rsi":72.195,"adx":53.945,"barIndex":279}
2026-04-13T23:45:05.832770498Z [inf]  2026-04-13T23:45:04.208Z 🧠 BREAKOUT_MEMORY_ARMED | {"armedBar":279,"expiresBar":283,"triggerPrice":86.43,"reclaimPrice":86.3681,"breakoutHigh":86.54}
2026-04-13T23:50:06.492059968Z [inf]  2026-04-13T23:50:03.544Z 🧠 BREAKOUT_MEMORY_CLEARED | {"reason":"lost_reclaim"}
2026-04-13T23:50:06.492063298Z [inf]  2026-04-13T23:50:03.544Z 📊 FEATURE_5M | {"close":86.25,"ema8":86.3418,"ema18":86.0067,"rsi":65.585,"adx":52.652,"barIndex":280}
2026-04-13T23:55:07.336808066Z [inf]  2026-04-13T23:55:02.850Z 📊 FEATURE_5M | {"close":86.55,"ema8":86.3881,"ema18":86.0639,"rsi":70.443,"adx":51.639,"barIndex":281}
2026-04-13T23:55:07.336813436Z [inf]  2026-04-13T23:55:02.850Z 🧠 BREAKOUT_MEMORY_ARMED | {"armedBar":281,"expiresBar":285,"triggerPrice":86.55,"reclaimPrice":86.3881,"breakoutHigh":86.57}
2026-04-14T00:00:18.127858665Z [inf]  2026-04-14T00:00:10.115Z 📊 FEATURE_5M | {"close":86.51,"ema8":86.4152,"ema18":86.1108,"rsi":69.043,"adx":50.993,"barIndex":282}
2026-04-14T00:00:18.127865375Z [inf]  2026-04-14T00:00:10.115Z 🧠 BREAKOUT_MEMORY_ARMED | {"armedBar":282,"expiresBar":286,"triggerPrice":86.51,"reclaimPrice":86.4152,"breakoutHigh":86.7}
2026-04-14T00:05:08.762032750Z [inf]  2026-04-14T00:05:03.205Z 📊 FEATURE_5M | {"close":86.47,"ema8":86.4274,"ema18":86.1486,"rsi":67.597,"adx":50.013,"barIndex":283}
2026-04-14T00:05:08.762036278Z [inf]  2026-04-14T00:05:03.205Z 🧠 BREAKOUT_MEMORY_ARMED | {"armedBar":283,"expiresBar":287,"triggerPrice":86.47,"reclaimPrice":86.4274,"breakoutHigh":86.65}
2026-04-14T00:10:10.173163800Z [inf]  2026-04-14T00:10:03.404Z 📊 FEATURE_5M | {"close":86.35,"ema8":86.4102,"ema18":86.1698,"rsi":63.313,"adx":48.619,"barIndex":284}
2026-04-14T00:15:10.609137550Z [inf]  2026-04-14T00:15:04.692Z 📊 FEATURE_5M | {"close":86.56,"ema8":86.4435,"ema18":86.2109,"rsi":67.227,"adx":47.007,"barIndex":285}
2026-04-14T00:15:10.609148085Z [inf]  2026-04-14T00:15:04.692Z 🧠 BREAKOUT_MEMORY_ARMED | {"armedBar":285,"expiresBar":289,"triggerPrice":86.56,"reclaimPrice":86.4435,"breakoutHigh":86.59}
2026-04-14T00:20:10.938874746Z [inf]  2026-04-14T00:20:03.240Z 📊 FEATURE_5M | {"close":86.49,"ema8":86.4538,"ema18":86.2403,"rsi":64.747,"adx":45.982,"barIndex":286}
2026-04-14T00:20:10.938882503Z [inf]  2026-04-14T00:20:03.240Z 🧠 BREAKOUT_MEMORY_ARMED | {"armedBar":286,"expiresBar":290,"triggerPrice":86.49,"reclaimPrice":86.4538,"breakoutHigh":86.75}
2026-04-14T00:25:11.752844173Z [inf]  2026-04-14T00:25:03.156Z 🧠 BREAKOUT_MEMORY_CLEARED | {"reason":"lost_reclaim"}
2026-04-14T00:25:11.752847371Z [inf]  2026-04-14T00:25:03.156Z 📊 FEATURE_5M | {"close":86.32,"ema8":86.4241,"ema18":86.2487,"rsi":59.05,"adx":43.924,"barIndex":287}
2026-04-14T00:30:12.861179078Z [inf]  2026-04-14T00:30:05.681Z 📊 FEATURE_5M | {"close":86.2,"ema8":86.3743,"ema18":86.2436,"rsi":55.348,"adx":41.434,"barIndex":288}
2026-04-14T00:35:13.875715711Z [inf]  2026-04-14T00:35:03.879Z 📊 FEATURE_5M | {"close":86.08,"ema8":86.3089,"ema18":86.2263,"rsi":51.847,"adx":38.74,"barIndex":289}
2026-04-14T00:40:04.814212905Z [inf]  2026-04-14T00:40:02.770Z 📊 FEATURE_5M | {"close":86.25,"ema8":86.2958,"ema18":86.2288,"rsi":56.085,"adx":36.895,"barIndex":290}
2026-04-14T00:45:06.153101779Z [inf]  2026-04-14T00:45:05.613Z 📊 FEATURE_5M | {"close":86.19,"ema8":86.2723,"ema18":86.2247,"rsi":54.269,"adx":35.182,"barIndex":291}
2026-04-14T00:50:08.752643021Z [inf]  2026-04-14T00:50:02.598Z 📊 FEATURE_5M | {"close":85.91,"ema8":86.1918,"ema18":86.1916,"rsi":46.677,"adx":32.896,"barIndex":292}
2026-04-14T00:55:10.960627498Z [inf]  2026-04-14T00:55:02.641Z 📊 FEATURE_5M | {"close":85.82,"ema8":86.1092,"ema18":86.1525,"rsi":44.52,"adx":32.304,"barIndex":293}
