2026-04-15T02:09:08.404967141Z [inf]  2026-04-15T02:09:08.180Z ✅ brain listening | {"port":8080,"path":"/webhook","symbol":"BINANCE:SOLUSDT","tf":"5","brain":"BrainRAY_Continuation_v2.4"}
2026-04-15T02:09:08.870703742Z [inf]  Starting Container
2026-04-15T02:10:08.238284471Z [inf]  2026-04-15T02:10:02.864Z 📊 FEATURE_5M | {"close":83.81,"ema8":83.8521,"ema18":83.8194,"rsi":50.464,"adx":8.519,"barIndex":1}
2026-04-15T02:15:08.323254582Z [inf]  2026-04-15T02:15:04.539Z 📊 FEATURE_5M | {"close":83.85,"ema8":83.8516,"ema18":83.8226,"rsi":52.267,"adx":8.068,"barIndex":2}
2026-04-15T02:20:08.199234341Z [inf]  2026-04-15T02:20:03.417Z 📊 FEATURE_5M | {"close":83.79,"ema8":83.8379,"ema18":83.8192,"rsi":49.365,"adx":7.743,"barIndex":3}
2026-04-15T02:25:08.765476996Z [inf]  2026-04-15T02:25:03.789Z 📊 FEATURE_5M | {"close":83.75,"ema8":83.8184,"ema18":83.8119,"rsi":47.472,"adx":7.706,"barIndex":4}
2026-04-15T02:30:08.678470587Z [inf]  2026-04-15T02:30:06.043Z 📊 FEATURE_5M | {"close":83.65,"ema8":83.781,"ema18":83.7948,"rsi":43.031,"adx":8.411,"barIndex":5}
2026-04-15T02:35:10.426818281Z [inf]  2026-04-15T02:35:03.211Z 📊 FEATURE_5M | {"close":83.31,"ema8":83.6763,"ema18":83.7438,"rsi":32.051,"adx":10.868,"barIndex":6}
2026-04-15T02:35:10.426821975Z [inf]  2026-04-15T02:35:03.288Z 🔴 RAY_BEARISH_TREND_CHANGE | {"price":83.31,"ts":"2026-04-15T02:35:01Z"}
2026-04-15T02:35:10.426825669Z [inf]  2026-04-15T02:35:03.585Z 🟢 BULL_REGIME_ON | {"source":"ray_bullish_trend_continuation","bullRegimeId":1,"ts":"2026-04-15T02:35:01Z"}
2026-04-15T02:35:10.426829515Z [inf]  2026-04-15T02:35:03.585Z 🟩 RAY_BULLISH_TREND_CONTINUATION | {"price":83.31,"ts":"2026-04-15T02:35:01Z"}
2026-04-15T02:35:10.426833965Z [inf]  2026-04-15T02:35:03.586Z 🚫 ENTRY_BLOCKED | {"allow":false,"source":"ray_bullish_trend_continuation","reasons":["ema8_below_ema18","close_below_ema8","rsi_too_low","adx_too_low","no_breakout_memory","ema_bull_invalid"],"extFromEma8":-0.43775836168663695,"extFromEma18":-0.5180084973454642,"contChasePct":-0.43775836168663695,"memChasePct":0}
2026-04-15T02:40:12.284865140Z [inf]  2026-04-15T02:40:03.240Z 📊 FEATURE_5M | {"close":83.22,"ema8":83.5749,"ema18":83.6887,"rsi":29.878,"adx":13.681,"barIndex":7}
2026-04-15T02:45:12.574576186Z [inf]  2026-04-15T02:45:03.213Z 📊 FEATURE_5M | {"close":83.29,"ema8":83.5116,"ema18":83.6467,"rsi":33.646,"adx":16.294,"barIndex":8}
2026-04-15T02:50:13.113883614Z [inf]  2026-04-15T02:50:04.793Z 📊 FEATURE_5M | {"close":83.16,"ema8":83.4335,"ema18":83.5955,"rsi":30.381,"adx":18.719,"barIndex":9}
2026-04-15T02:55:03.365627810Z [inf]  2026-04-15T02:55:02.490Z 📊 FEATURE_5M | {"close":83.28,"ema8":83.3994,"ema18":83.5623,"rsi":36.507,"adx":20.972,"barIndex":10}
2026-04-15T03:00:13.697155005Z [inf]  2026-04-15T03:00:08.226Z 📊 FEATURE_5M | {"close":83.4,"ema8":83.3995,"ema18":83.5452,"rsi":42.002,"adx":21.463,"barIndex":11}
2026-04-15T03:05:03.781304450Z [inf]  2026-04-15T03:05:02.887Z 📊 FEATURE_5M | {"close":83.34,"ema8":83.3863,"ema18":83.5236,"rsi":40.132,"adx":21.92,"barIndex":12}
2026-04-15T03:10:03.667666980Z [inf]  2026-04-15T03:10:02.346Z 📊 FEATURE_5M | {"close":83.37,"ema8":83.3827,"ema18":83.5074,"rsi":41.534,"adx":22.343,"barIndex":13}
2026-04-15T03:15:14.278761600Z [inf]  2026-04-15T03:15:04.436Z 📊 FEATURE_5M | {"close":83.36,"ema8":83.3776,"ema18":83.4919,"rsi":41.188,"adx":22.737,"barIndex":14}
2026-04-15T03:20:04.124329142Z [inf]  2026-04-15T03:20:02.876Z 📊 FEATURE_5M | {"close":83.38,"ema8":83.3782,"ema18":83.4801,"rsi":42.225,"adx":23.236,"barIndex":15}
2026-04-15T03:25:04.544638676Z [inf]  2026-04-15T03:25:02.207Z 📊 FEATURE_5M | {"close":83.49,"ema8":83.403,"ema18":83.4812,"rsi":47.69,"adx":22.179,"barIndex":16}
2026-04-15T03:30:14.625843529Z [inf]  2026-04-15T03:30:06.157Z 📊 FEATURE_5M | {"close":83.41,"ema8":83.4046,"ema18":83.4737,"rsi":44.4,"adx":21.198,"barIndex":17}
2026-04-15T03:35:05.117715893Z [inf]  2026-04-15T03:35:02.627Z 📊 FEATURE_5M | {"close":83.41,"ema8":83.4058,"ema18":83.467,"rsi":44.4,"adx":20.374,"barIndex":18}
2026-04-15T03:40:05.283480630Z [inf]  2026-04-15T03:40:03.830Z 📊 FEATURE_5M | {"close":83.38,"ema8":83.4,"ema18":83.4578,"rsi":43.107,"adx":20.352,"barIndex":19}
2026-04-15T03:45:15.678849313Z [inf]  2026-04-15T03:45:08.789Z 📊 FEATURE_5M | {"close":83.32,"ema8":83.3823,"ema18":83.4433,"rsi":40.563,"adx":20.331,"barIndex":20}
2026-04-15T03:50:05.769845761Z [inf]  2026-04-15T03:50:02.678Z 📊 FEATURE_5M | {"close":83.39,"ema8":83.384,"ema18":83.4377,"rsi":44.666,"adx":20.065,"barIndex":21}
2026-04-15T03:55:06.028648078Z [inf]  2026-04-15T03:55:02.462Z 📊 FEATURE_5M | {"close":83.41,"ema8":83.3898,"ema18":83.4348,"rsi":45.817,"adx":19.331,"barIndex":22}
2026-04-15T04:00:16.446418041Z [inf]  2026-04-15T04:00:08.566Z 📊 FEATURE_5M | {"close":83.45,"ema8":83.4031,"ema18":83.4364,"rsi":48.141,"adx":17.974,"barIndex":23}
2026-04-15T04:05:06.356019846Z [inf]  2026-04-15T04:05:02.236Z 📊 FEATURE_5M | {"close":83.62,"ema8":83.4513,"ema18":83.4557,"rsi":56.649,"adx":18.016,"barIndex":24}
2026-04-15T04:10:06.970462897Z [inf]  2026-04-15T04:10:03.292Z 📊 FEATURE_5M | {"close":83.55,"ema8":83.4733,"ema18":83.4656,"rsi":52.807,"adx":18.056,"barIndex":25}
2026-04-15T04:10:06.970467448Z [inf]  2026-04-15T04:10:03.292Z 🧠 BREAKOUT_MEMORY_ARMED | {"armedBar":25,"expiresBar":29,"triggerPrice":83.55,"reclaimPrice":83.4733,"breakoutHigh":83.66}
2026-04-15T04:15:06.821223766Z [inf]  2026-04-15T04:15:03.685Z 📊 FEATURE_5M | {"close":83.49,"ema8":83.477,"ema18":83.4682,"rsi":49.696,"adx":17.738,"barIndex":26}
2026-04-15T04:15:06.821229001Z [inf]  2026-04-15T04:15:03.685Z 🧠 BREAKOUT_MEMORY_ARMED | {"armedBar":26,"expiresBar":30,"triggerPrice":83.49,"reclaimPrice":83.477,"breakoutHigh":83.56}
2026-04-15T04:20:07.508470329Z [inf]  2026-04-15T04:20:03.215Z 📊 FEATURE_5M | {"close":83.47,"ema8":83.4754,"ema18":83.4684,"rsi":48.667,"adx":17.874,"barIndex":27}
2026-04-15T04:25:07.394492818Z [inf]  2026-04-15T04:25:03.042Z 📊 FEATURE_5M | {"close":83.45,"ema8":83.4698,"ema18":83.4665,"rsi":47.605,"adx":17.082,"barIndex":28}
2026-04-15T04:30:08.037091716Z [inf]  2026-04-15T04:30:04.398Z 📊 FEATURE_5M | {"close":83.41,"ema8":83.4565,"ema18":83.4605,"rsi":45.469,"adx":16.347,"barIndex":29}
2026-04-15T04:35:08.035245926Z [inf]  2026-04-15T04:35:03.006Z 📊 FEATURE_5M | {"close":83.43,"ema8":83.4506,"ema18":83.4573,"rsi":46.755,"adx":15.54,"barIndex":30}
2026-04-15T04:40:08.168908096Z [inf]  2026-04-15T04:40:02.355Z 🧠 BREAKOUT_MEMORY_CLEARED | {"reason":"expired"}
2026-04-15T04:40:08.168911765Z [inf]  2026-04-15T04:40:02.355Z 📊 FEATURE_5M | {"close":83.52,"ema8":83.466,"ema18":83.4639,"rsi":52.219,"adx":15.515,"barIndex":31}
2026-04-15T04:40:08.168914758Z [inf]  2026-04-15T04:40:02.355Z 🧠 BREAKOUT_MEMORY_ARMED | {"armedBar":31,"expiresBar":35,"triggerPrice":83.52,"reclaimPrice":83.466,"breakoutHigh":83.61}
2026-04-15T04:45:08.131128074Z [inf]  2026-04-15T04:45:05.079Z 📊 FEATURE_5M | {"close":83.53,"ema8":83.4802,"ema18":83.4709,"rsi":52.799,"adx":15.492,"barIndex":32}
2026-04-15T04:45:08.131134423Z [inf]  2026-04-15T04:45:05.079Z 🧠 BREAKOUT_MEMORY_ARMED | {"armedBar":32,"expiresBar":36,"triggerPrice":83.53,"reclaimPrice":83.4802,"breakoutHigh":83.61}
2026-04-15T04:50:08.021374649Z [inf]  2026-04-15T04:50:02.741Z 📊 FEATURE_5M | {"close":83.59,"ema8":83.5046,"ema18":83.4834,"rsi":56.23,"adx":14.835,"barIndex":33}
2026-04-15T04:50:08.021377870Z [inf]  2026-04-15T04:50:02.741Z 🧠 BREAKOUT_MEMORY_ARMED | {"armedBar":33,"expiresBar":37,"triggerPrice":83.59,"reclaimPrice":83.5046,"breakoutHigh":83.6}
2026-04-15T04:55:07.892834338Z [inf]  2026-04-15T04:55:02.712Z 📊 FEATURE_5M | {"close":83.6,"ema8":83.5258,"ema18":83.4957,"rsi":56.793,"adx":14.659,"barIndex":34}
2026-04-15T04:55:07.892839253Z [inf]  2026-04-15T04:55:02.712Z 🧠 BREAKOUT_MEMORY_ARMED | {"armedBar":34,"expiresBar":38,"triggerPrice":83.6,"reclaimPrice":83.5258,"breakoutHigh":83.65}
2026-04-15T05:00:08.815472359Z [inf]  2026-04-15T05:00:08.250Z 📊 FEATURE_5M | {"close":83.61,"ema8":83.5445,"ema18":83.5077,"rsi":57.384,"adx":14.495,"barIndex":35}
2026-04-15T05:00:08.815475691Z [inf]  2026-04-15T05:00:08.250Z 🧠 BREAKOUT_MEMORY_ARMED | {"armedBar":35,"expiresBar":39,"triggerPrice":83.61,"reclaimPrice":83.5445,"breakoutHigh":83.62}
2026-04-15T05:05:08.729847035Z [inf]  2026-04-15T05:05:03.841Z 📊 FEATURE_5M | {"close":83.69,"ema8":83.5769,"ema18":83.5269,"rsi":61.877,"adx":15.619,"barIndex":36}
2026-04-15T05:05:08.729850876Z [inf]  2026-04-15T05:05:03.841Z 🧠 BREAKOUT_MEMORY_ARMED | {"armedBar":36,"expiresBar":40,"triggerPrice":83.69,"reclaimPrice":83.5769,"breakoutHigh":83.79}
2026-04-15T05:05:08.729854173Z [inf]  2026-04-15T05:05:03.850Z 🟢 RAY_BULLISH_TREND_CHANGE | {"price":83.69,"ts":"2026-04-15T05:05:01Z"}
2026-04-15T05:05:08.729857873Z [inf]  2026-04-15T05:05:03.851Z 🚀 TREND_CHANGE_LAUNCH_ARMED | {"armedBar":36,"expiresBar":38,"rayPrice":83.69,"rayTime":"2026-04-15T05:05:01Z"}
2026-04-15T05:05:08.729862307Z [inf]  2026-04-15T05:05:03.852Z 🚀 TREND_CHANGE_LAUNCH_CLEARED | {"reason":"consumed_on_entry"}
2026-04-15T05:05:08.729867360Z [inf]  2026-04-15T05:05:03.852Z 🧠 BREAKOUT_MEMORY_CLEARED | {"reason":"consumed_on_entry"}
2026-04-15T05:05:08.729871977Z [inf]  2026-04-15T05:05:03.852Z 📥 ENTER | {"brain":"BrainRAY_Continuation_v2.4","mode":"bullish_trend_change_launch_long","price":83.69,"stop":83.02047999999999,"decision":{"allow":true,"source":"immediate_trend_change_launch","mode":"bullish_trend_change_launch_long","entryPrice":83.69,"extFromEma8":0.13532447362848213,"extFromEma18":0.19526643512449285,"launchChasePct":0.13532447362848213,"armedBar":36,"expiresBar":38,"strongOverride":false,"isDeferredLaunch":false,"minLaunchRsi":60,"minLaunchAdx":14}}
2026-04-15T05:05:08.729877891Z [inf]  2026-04-15T05:05:03.853Z 📦 SIGNAL_PREVIEW | {"secret":"eyJhbGciOiJIUzI1NiJ9.eyJzaWduYWxzX3NvdXJjZV9pZCI6MTUzMTM5fQ.Srf5-FSdAd7Pw3quIqIGiYAdE2cznVvSAETQD1uet8I","bot_uuid":"d67d6a33-8073-4acf-a8a9-9182b1665acc","max_lag":"300","timestamp":"2026-04-15T05:05:03.853Z","trigger_price":"83.69","tv_exchange":"BINANCE","tv_instrument":"SOLUSDT","action":"enter_long","meta":{"mode":"bullish_trend_change_launch_long","setup_type":"bullish_trend_change_launch_long","brain":"BrainRAY_Continuation_v2.4"}}
2026-04-15T05:05:08.768972847Z [inf]  2026-04-15T05:05:08.767Z ✅ 3COMMAS_RESP | {"action":"enter_long","status":200,"ok":true,"body":""}
2026-04-15T05:10:09.410659911Z [inf]  2026-04-15T05:10:03.805Z 📊 FEATURE_5M | {"close":83.54,"ema8":83.5687,"ema18":83.5283,"rsi":51.017,"adx":15.694,"barIndex":37}
2026-04-15T05:15:09.279544703Z [inf]  2026-04-15T05:15:05.379Z 📊 FEATURE_5M | {"close":83.51,"ema8":83.5556,"ema18":83.5264,"rsi":49.159,"adx":15.561,"barIndex":38}
2026-04-15T05:20:09.664491981Z [inf]  2026-04-15T05:20:03.239Z 📊 FEATURE_5M | {"close":83.51,"ema8":83.5455,"ema18":83.5246,"rsi":49.159,"adx":15.438,"barIndex":39}
2026-04-15T05:25:09.554188805Z [inf]  2026-04-15T05:25:02.796Z 📊 FEATURE_5M | {"close":83.39,"ema8":83.5109,"ema18":83.5105,"rsi":42.053,"adx":14.766,"barIndex":40}
2026-04-15T05:30:10.059331980Z [inf]  2026-04-15T05:30:06.193Z 📊 FEATURE_5M | {"close":83.35,"ema8":83.4752,"ema18":83.4936,"rsi":39.978,"adx":14.537,"barIndex":41}
2026-04-15T05:30:10.059335680Z [inf]  2026-04-15T05:30:06.471Z 🟩 RAY_BULLISH_TREND_CONTINUATION | {"price":83.35,"ts":"2026-04-15T05:30:01Z"}
2026-04-15T05:30:10.059339616Z [inf]  2026-04-15T05:30:06.471Z 🚫 ENTRY_BLOCKED | {"allow":false,"source":"ray_bullish_trend_continuation","reasons":["already_in_position"]}
2026-04-15T05:35:09.931850583Z [inf]  2026-04-15T05:35:03.578Z 📊 FEATURE_5M | {"close":83.2,"ema8":83.414,"ema18":83.4627,"rsi":33.337,"adx":15.392,"barIndex":42}
2026-04-15T05:40:11.030871409Z [inf]  2026-04-15T05:40:02.943Z 🔴 RAY_BEARISH_TREND_CHANGE | {"price":83.09,"ts":"2026-04-15T05:40:01Z"}
2026-04-15T05:40:11.030875888Z [inf]  2026-04-15T05:40:02.943Z 📤 EXIT | {"reason":"ray_bearish_trend_change","exitClass":"regime_break","price":83.09,"pnlPct":-0.7169,"entryPrice":83.69,"entryMode":"bullish_trend_change_launch_long","heldSec":2097}
2026-04-15T05:40:11.030879781Z [inf]  2026-04-15T05:40:02.943Z 📦 SIGNAL_PREVIEW | {"secret":"eyJhbGciOiJIUzI1NiJ9.eyJzaWduYWxzX3NvdXJjZV9pZCI6MTUzMTM5fQ.Srf5-FSdAd7Pw3quIqIGiYAdE2cznVvSAETQD1uet8I","bot_uuid":"d67d6a33-8073-4acf-a8a9-9182b1665acc","max_lag":"300","timestamp":"2026-04-15T05:40:02.943Z","trigger_price":"83.09","tv_exchange":"BINANCE","tv_instrument":"SOLUSDT","action":"exit_long","meta":{"reason":"ray_bearish_trend_change","brain":"BrainRAY_Continuation_v2.4","entry_mode":"bullish_trend_change_launch_long"}}
2026-04-15T05:40:11.030883839Z [inf]  2026-04-15T05:40:02.944Z 🔴 BULL_REGIME_OFF | {"reason":"ray_bearish_trend_change","ts":"2026-04-15T05:40:01Z","bullRegimeId":1}
2026-04-15T05:40:11.030887709Z [inf]  2026-04-15T05:40:03.006Z 📊 FEATURE_5M | {"close":83.09,"ema8":83.342,"ema18":83.4234,"rsi":29.47,"adx":16.414,"barIndex":43}
2026-04-15T05:40:11.030894790Z [inf]  2026-04-15T05:40:03.165Z ✅ 3COMMAS_RESP | {"action":"exit_long","status":200,"ok":true,"body":""}
2026-04-15T05:45:11.159797245Z [inf]  2026-04-15T05:45:04.296Z 📊 FEATURE_5M | {"close":83.04,"ema8":83.2749,"ema18":83.3831,"rsi":27.887,"adx":17.981,"barIndex":44}
2026-04-15T05:50:11.142506428Z [inf]  2026-04-15T05:50:02.918Z 📊 FEATURE_5M | {"close":83.04,"ema8":83.2227,"ema18":83.347,"rsi":27.887,"adx":18.919,"barIndex":45}
2026-04-15T05:55:11.061979191Z [inf]  2026-04-15T05:55:02.847Z 📊 FEATURE_5M | {"close":83,"ema8":83.1732,"ema18":83.3104,"rsi":26.563,"adx":19.951,"barIndex":46}
2026-04-15T06:00:11.008347097Z [inf]  2026-04-15T06:00:09.492Z 📊 FEATURE_5M | {"close":83.14,"ema8":83.1658,"ema18":83.2925,"rsi":37.71,"adx":20.281,"barIndex":47}
2026-04-15T06:05:10.957711452Z [inf]  2026-04-15T06:05:04.392Z 📊 FEATURE_5M | {"close":82.95,"ema8":83.1179,"ema18":83.2564,"rsi":30.863,"adx":20.945,"barIndex":48}
2026-04-15T06:10:11.014899439Z [inf]  2026-04-15T06:10:02.916Z 📊 FEATURE_5M | {"close":82.96,"ema8":83.0828,"ema18":83.2252,"rsi":31.567,"adx":21.562,"barIndex":49}
2026-04-15T06:15:10.975383486Z [inf]  2026-04-15T06:15:05.635Z 📊 FEATURE_5M | {"close":82.99,"ema8":83.0622,"ema18":83.2005,"rsi":33.748,"adx":22.017,"barIndex":50}
2026-04-15T06:20:10.993436643Z [inf]  2026-04-15T06:20:03.207Z 📊 FEATURE_5M | {"close":82.99,"ema8":83.0461,"ema18":83.1783,"rsi":33.748,"adx":22.44,"barIndex":51}
2026-04-15T06:25:10.996708929Z [inf]  2026-04-15T06:25:03.576Z 📊 FEATURE_5M | {"close":82.97,"ema8":83.0292,"ema18":83.1564,"rsi":32.936,"adx":23.118,"barIndex":52}
2026-04-15T06:30:10.888612831Z [inf]  2026-04-15T06:30:05.581Z 📊 FEATURE_5M | {"close":82.97,"ema8":83.0161,"ema18":83.1368,"rsi":32.936,"adx":23.747,"barIndex":53}
2026-04-15T06:35:11.850147823Z [inf]  2026-04-15T06:35:03.185Z 📊 FEATURE_5M | {"close":82.98,"ema8":83.008,"ema18":83.1203,"rsi":33.859,"adx":23.631,"barIndex":54}
2026-04-15T06:40:11.827819972Z [inf]  2026-04-15T06:40:03.550Z 📊 FEATURE_5M | {"close":82.97,"ema8":82.9996,"ema18":83.1045,"rsi":33.365,"adx":23.936,"barIndex":55}
2026-04-15T06:45:11.798284110Z [inf]  2026-04-15T06:45:04.229Z 📊 FEATURE_5M | {"close":83.07,"ema8":83.0152,"ema18":83.1008,"rsi":42.414,"adx":23.67,"barIndex":56}
2026-04-15T06:50:11.804421308Z [inf]  2026-04-15T06:50:03.825Z 📊 FEATURE_5M | {"close":83.1,"ema8":83.0341,"ema18":83.1007,"rsi":44.834,"adx":22.782,"barIndex":57}
2026-04-15T06:55:11.775841398Z [inf]  2026-04-15T06:55:04.229Z 📊 FEATURE_5M | {"close":83.03,"ema8":83.0332,"ema18":83.0933,"rsi":40.551,"adx":22.249,"barIndex":58}
2026-04-15T07:00:11.673812184Z [inf]  2026-04-15T07:00:09.956Z 📊 FEATURE_5M | {"close":83.01,"ema8":83.028,"ema18":83.0845,"rsi":39.393,"adx":23.02,"barIndex":59}
2026-04-15T07:05:12.715292741Z [inf]  2026-04-15T07:05:03.875Z 📊 FEATURE_5M | {"close":83.02,"ema8":83.0262,"ema18":83.0777,"rsi":40.311,"adx":23.604,"barIndex":60}
2026-04-15T07:10:12.657758575Z [inf]  2026-04-15T07:10:03.442Z 📊 FEATURE_5M | {"close":83.02,"ema8":83.0249,"ema18":83.0717,"rsi":40.311,"adx":24.219,"barIndex":61}
2026-04-15T07:15:13.207037606Z [inf]  2026-04-15T07:15:06.556Z 📊 FEATURE_5M | {"close":83.09,"ema8":83.0393,"ema18":83.0736,"rsi":46.845,"adx":22.514,"barIndex":62}
2026-04-15T07:20:13.122351632Z [inf]  2026-04-15T07:20:05.091Z 📊 FEATURE_5M | {"close":82.78,"ema8":82.9817,"ema18":83.0427,"rsi":30.777,"adx":23.11,"barIndex":63}
2026-04-15T07:25:03.714151033Z [inf]  2026-04-15T07:25:02.629Z 📊 FEATURE_5M | {"close":82.75,"ema8":82.9302,"ema18":83.0119,"rsi":29.715,"adx":23.757,"barIndex":64}
2026-04-15T07:30:13.648312251Z [inf]  2026-04-15T07:30:08.104Z 📊 FEATURE_5M | {"close":82.82,"ema8":82.9057,"ema18":82.9917,"rsi":35.324,"adx":24.358,"barIndex":65}
2026-04-15T07:35:13.542344651Z [inf]  2026-04-15T07:35:04.305Z 📊 FEATURE_5M | {"close":82.78,"ema8":82.8778,"ema18":82.9694,"rsi":33.67,"adx":24.916,"barIndex":66}
2026-04-15T07:40:03.499267713Z [inf]  2026-04-15T07:40:03.248Z 📊 FEATURE_5M | {"close":82.8,"ema8":82.8605,"ema18":82.9516,"rsi":35.301,"adx":24.905,"barIndex":67}
2026-04-15T07:45:13.361366492Z [inf]  2026-04-15T07:45:04.759Z 📊 FEATURE_5M | {"close":82.8,"ema8":82.8471,"ema18":82.9356,"rsi":35.301,"adx":24.894,"barIndex":68}
2026-04-15T07:50:04.711198195Z [inf]  2026-04-15T07:50:03.599Z 📊 FEATURE_5M | {"close":82.93,"ema8":82.8655,"ema18":82.935,"rsi":45.418,"adx":25.61,"barIndex":69}
2026-04-15T07:55:04.291356856Z [inf]  2026-04-15T07:55:03.295Z 📊 FEATURE_5M | {"close":82.99,"ema8":82.8932,"ema18":82.9408,"rsi":49.354,"adx":25.327,"barIndex":70}
2026-04-15T08:00:24.447139994Z [inf]  2026-04-15T08:00:16.284Z 📊 FEATURE_5M | {"close":82.92,"ema8":82.8991,"ema18":82.9386,"rsi":45.254,"adx":25.256,"barIndex":71}
2026-04-15T08:05:14.684777401Z [inf]  2026-04-15T08:05:07.882Z 📊 FEATURE_5M | {"close":82.92,"ema8":82.9038,"ema18":82.9367,"rsi":45.254,"adx":25.881,"barIndex":72}
2026-04-15T08:10:14.531130998Z [inf]  2026-04-15T08:10:07.841Z 📊 FEATURE_5M | {"close":82.85,"ema8":82.8918,"ema18":82.9275,"rsi":41.277,"adx":25.749,"barIndex":73}
2026-04-15T08:15:14.943732513Z [inf]  2026-04-15T08:15:07.983Z 📊 FEATURE_5M | {"close":82.95,"ema8":82.9047,"ema18":82.9299,"rsi":48.271,"adx":25.627,"barIndex":74}
2026-04-15T08:20:04.789365306Z [inf]  2026-04-15T08:20:03.039Z 📊 FEATURE_5M | {"close":82.94,"ema8":82.9126,"ema18":82.931,"rsi":47.66,"adx":25.3,"barIndex":75}
2026-04-15T08:25:05.296223988Z [inf]  2026-04-15T08:25:02.912Z 📊 FEATURE_5M | {"close":83.06,"ema8":82.9453,"ema18":82.9445,"rsi":55.021,"adx":24.184,"barIndex":76}
2026-04-15T08:30:15.526783909Z [inf]  2026-04-15T08:30:06.538Z 📊 FEATURE_5M | {"close":83.12,"ema8":82.9842,"ema18":82.963,"rsi":58.187,"adx":22.511,"barIndex":77}
2026-04-15T08:35:05.691739449Z [inf]  2026-04-15T08:35:03.875Z 🚫 LAUNCH_ENTRY_BLOCKED | {"allow":false,"source":"immediate_trend_change_launch","reasons":["launch_rsi_too_low"],"extFromEma8":0.3203019369952337,"extFromEma18":0.34593734556369243,"launchChasePct":0.3203019369952337,"armedBar":77,"expiresBar":79,"strongOverrideCandidate":false,"isDeferredLaunch":false,"minLaunchRsi":60,"minLaunchAdx":14}
2026-04-15T08:35:05.691747644Z [inf]  2026-04-15T08:35:03.882Z 📊 FEATURE_5M | {"close":83.25,"ema8":83.0432,"ema18":82.9932,"rsi":64.087,"adx":21.856,"barIndex":78}
2026-04-15T08:35:05.691753166Z [inf]  2026-04-15T08:35:03.882Z 🧠 BREAKOUT_MEMORY_ARMED | {"armedBar":78,"expiresBar":82,"triggerPrice":83.25,"reclaimPrice":83.0432,"breakoutHigh":83.26}
2026-04-15T08:35:05.691757452Z [inf]  2026-04-15T08:35:03.882Z 🚫 LAUNCH_ENTRY_BLOCKED | {"allow":false,"source":"deferred_trend_change_launch","reasons":["launch_rsi_too_low"],"extFromEma8":0.2490270124465353,"extFromEma18":0.3094229406746557,"launchChasePct":0.2490270124465353,"armedBar":77,"expiresBar":79,"strongOverrideCandidate":false,"isDeferredLaunch":true,"minLaunchRsi":68,"minLaunchAdx":18}
2026-04-15T08:35:05.691810558Z [inf]  2026-04-15T08:35:03.874Z 🟢 BULL_REGIME_ON | {"source":"ray_bullish_trend_change","bullRegimeId":2,"ts":"2026-04-15T08:35:01Z"}
2026-04-15T08:35:05.691813399Z [inf]  2026-04-15T08:35:03.874Z 🟢 RAY_BULLISH_TREND_CHANGE | {"price":83.25,"ts":"2026-04-15T08:35:01Z"}
2026-04-15T08:35:05.691817078Z [inf]  2026-04-15T08:35:03.874Z 🚀 TREND_CHANGE_LAUNCH_ARMED | {"armedBar":77,"expiresBar":79,"rayPrice":83.25,"rayTime":"2026-04-15T08:35:01Z"}
2026-04-15T08:40:06.254739547Z [inf]  2026-04-15T08:40:03.647Z 📊 FEATURE_5M | {"close":83.13,"ema8":83.0625,"ema18":83.0076,"rsi":56.204,"adx":21.456,"barIndex":79}
2026-04-15T08:40:06.254742892Z [inf]  2026-04-15T08:40:03.647Z 🧠 BREAKOUT_MEMORY_ARMED | {"armedBar":79,"expiresBar":83,"triggerPrice":83.13,"reclaimPrice":83.0625,"breakoutHigh":83.29}
2026-04-15T08:40:06.254746092Z [inf]  2026-04-15T08:40:03.647Z 🚫 LAUNCH_ENTRY_BLOCKED | {"allow":false,"source":"deferred_trend_change_launch","reasons":["launch_rsi_too_low"],"extFromEma8":0.08126410835213899,"extFromEma18":0.14745637748832513,"launchChasePct":0.08126410835213899,"armedBar":77,"expiresBar":79,"strongOverrideCandidate":false,"isDeferredLaunch":true,"minLaunchRsi":68,"minLaunchAdx":18}
2026-04-15T08:45:06.564988738Z [inf]  2026-04-15T08:45:04.470Z 📊 FEATURE_5M | {"close":83.17,"ema8":83.0864,"ema18":83.0247,"rsi":58.056,"adx":20.889,"barIndex":80}
2026-04-15T08:45:06.564992618Z [inf]  2026-04-15T08:45:04.470Z 🧠 BREAKOUT_MEMORY_ARMED | {"armedBar":80,"expiresBar":84,"triggerPrice":83.17,"reclaimPrice":83.0864,"breakoutHigh":83.19}
2026-04-15T08:45:06.565011330Z [inf]  2026-04-15T08:45:04.470Z 🚀 TREND_CHANGE_LAUNCH_CLEARED | {"reason":"expired"}
2026-04-15T08:50:06.829834088Z [inf]  2026-04-15T08:50:03.123Z 📊 FEATURE_5M | {"close":83.07,"ema8":83.0828,"ema18":83.0295,"rsi":52.122,"adx":19.531,"barIndex":81}
2026-04-15T08:55:07.176240584Z [inf]  2026-04-15T08:55:03.414Z 📊 FEATURE_5M | {"close":83.24,"ema8":83.1177,"ema18":83.0516,"rsi":59.669,"adx":18.897,"barIndex":82}
2026-04-15T08:55:07.176244769Z [inf]  2026-04-15T08:55:03.414Z 🧠 BREAKOUT_MEMORY_ARMED | {"armedBar":82,"expiresBar":86,"triggerPrice":83.24,"reclaimPrice":83.1177,"breakoutHigh":83.25}
2026-04-15T09:00:17.411386244Z [inf]  2026-04-15T09:00:13.381Z 📊 FEATURE_5M | {"close":83.14,"ema8":83.1227,"ema18":83.0609,"rsi":54.251,"adx":18.383,"barIndex":83}
2026-04-15T09:00:17.411389383Z [inf]  2026-04-15T09:00:13.381Z 🧠 BREAKOUT_MEMORY_ARMED | {"armedBar":83,"expiresBar":87,"triggerPrice":83.14,"reclaimPrice":83.1227,"breakoutHigh":83.26}
2026-04-15T09:05:07.661748301Z [inf]  2026-04-15T09:05:03.647Z 🧠 BREAKOUT_MEMORY_CLEARED | {"reason":"lost_reclaim"}
2026-04-15T09:05:07.661751327Z [inf]  2026-04-15T09:05:03.647Z 📊 FEATURE_5M | {"close":83.02,"ema8":83.0998,"ema18":83.0566,"rsi":48.555,"adx":17.218,"barIndex":84}
2026-04-15T09:10:07.552150047Z [inf]  2026-04-15T09:10:03.452Z 📊 FEATURE_5M | {"close":83.03,"ema8":83.0843,"ema18":83.0538,"rsi":49.035,"adx":16.302,"barIndex":85}
2026-04-15T09:15:08.147283401Z [inf]  2026-04-15T09:15:05.412Z 📊 FEATURE_5M | {"close":83.12,"ema8":83.0923,"ema18":83.0608,"rsi":53.264,"adx":16.418,"barIndex":86}
2026-04-15T09:15:08.147286550Z [inf]  2026-04-15T09:15:05.412Z 🧠 BREAKOUT_MEMORY_ARMED | {"armedBar":86,"expiresBar":90,"triggerPrice":83.12,"reclaimPrice":83.0923,"breakoutHigh":83.18}
2026-04-15T09:20:08.022292684Z [inf]  2026-04-15T09:20:04.365Z 📊 FEATURE_5M | {"close":83.19,"ema8":83.114,"ema18":83.0744,"rsi":56.301,"adx":16.429,"barIndex":87}
2026-04-15T09:20:08.022298785Z [inf]  2026-04-15T09:20:04.365Z 🧠 BREAKOUT_MEMORY_ARMED | {"armedBar":87,"expiresBar":91,"triggerPrice":83.19,"reclaimPrice":83.114,"breakoutHigh":83.19}
2026-04-15T09:25:08.431514790Z [inf]  2026-04-15T09:25:02.625Z 📊 FEATURE_5M | {"close":83.07,"ema8":83.1042,"ema18":83.0739,"rsi":50.27,"adx":16.722,"barIndex":88}
2026-04-15T09:30:08.360834547Z [inf]  2026-04-15T09:30:06.171Z 🧠 BREAKOUT_MEMORY_CLEARED | {"reason":"lost_reclaim"}
2026-04-15T09:30:08.360837152Z [inf]  2026-04-15T09:30:06.171Z 📊 FEATURE_5M | {"close":83,"ema8":83.081,"ema18":83.0661,"rsi":47.1,"adx":17.64,"barIndex":89}
2026-04-15T09:35:09.528993087Z [inf]  2026-04-15T09:35:04.378Z 📊 FEATURE_5M | {"close":83.03,"ema8":83.0697,"ema18":83.0623,"rsi":48.596,"adx":18.491,"barIndex":90}
2026-04-15T09:40:09.743658278Z [inf]  2026-04-15T09:40:04.638Z 📊 FEATURE_5M | {"close":83.01,"ema8":83.0564,"ema18":83.0568,"rsi":47.629,"adx":19.162,"barIndex":91}
2026-04-15T09:45:10.148571194Z [inf]  2026-04-15T09:45:05.325Z 📊 FEATURE_5M | {"close":83.11,"ema8":83.0683,"ema18":83.0624,"rsi":52.697,"adx":19.785,"barIndex":92}
2026-04-15T09:45:10.148574652Z [inf]  2026-04-15T09:45:05.325Z 🧠 BREAKOUT_MEMORY_ARMED | {"armedBar":92,"expiresBar":96,"triggerPrice":83.11,"reclaimPrice":83.0683,"breakoutHigh":83.14}
2026-04-15T09:50:10.535583984Z [inf]  2026-04-15T09:50:04.853Z 📊 FEATURE_5M | {"close":83.14,"ema8":83.0843,"ema18":83.0706,"rsi":54.132,"adx":20.096,"barIndex":93}
2026-04-15T09:50:10.535587974Z [inf]  2026-04-15T09:50:04.853Z 🧠 BREAKOUT_MEMORY_ARMED | {"armedBar":93,"expiresBar":97,"triggerPrice":83.14,"reclaimPrice":83.0843,"breakoutHigh":83.16}
2026-04-15T09:55:10.630414857Z [inf]  2026-04-15T09:55:03.770Z 📊 FEATURE_5M | {"close":83.13,"ema8":83.0944,"ema18":83.0768,"rsi":53.549,"adx":20.247,"barIndex":94}
2026-04-15T09:55:10.630418701Z [inf]  2026-04-15T09:55:03.770Z 🧠 BREAKOUT_MEMORY_ARMED | {"armedBar":94,"expiresBar":98,"triggerPrice":83.13,"reclaimPrice":83.0944,"breakoutHigh":83.17}
2026-04-15T10:00:11.425729639Z [inf]  2026-04-15T10:00:06.825Z 📊 FEATURE_5M | {"close":83.16,"ema8":83.109,"ema18":83.0856,"rsi":55.11,"adx":19.84,"barIndex":95}
2026-04-15T10:00:11.425734575Z [inf]  2026-04-15T10:00:06.825Z 🧠 BREAKOUT_MEMORY_ARMED | {"armedBar":95,"expiresBar":99,"triggerPrice":83.16,"reclaimPrice":83.109,"breakoutHigh":83.21}
2026-04-15T10:05:11.868270311Z [inf]  2026-04-15T10:05:03.905Z 📊 FEATURE_5M | {"close":83.16,"ema8":83.1203,"ema18":83.0934,"rsi":55.11,"adx":18.825,"barIndex":96}
2026-04-15T10:05:11.868273782Z [inf]  2026-04-15T10:05:03.905Z 🧠 BREAKOUT_MEMORY_ARMED | {"armedBar":96,"expiresBar":100,"triggerPrice":83.16,"reclaimPrice":83.1203,"breakoutHigh":83.26}
2026-04-15T10:10:11.733049765Z [inf]  2026-04-15T10:10:04.288Z 📊 FEATURE_5M | {"close":83.37,"ema8":83.1758,"ema18":83.1225,"rsi":64.734,"adx":18.594,"barIndex":97}
2026-04-15T10:10:11.733052862Z [inf]  2026-04-15T10:10:04.288Z 🧠 BREAKOUT_MEMORY_ARMED | {"armedBar":97,"expiresBar":101,"triggerPrice":83.37,"reclaimPrice":83.1758,"breakoutHigh":83.41}
2026-04-15T10:10:11.733055589Z [inf]  2026-04-15T10:10:04.500Z 🔹 RAY_BULLISH_BOS | {"price":83.37,"ts":"2026-04-15T10:10:02Z"}
2026-04-15T10:15:12.183582635Z [inf]  2026-04-15T10:15:06.540Z 📊 FEATURE_5M | {"close":83.12,"ema8":83.1634,"ema18":83.1223,"rsi":50.778,"adx":17.721,"barIndex":98}
2026-04-15T10:20:12.039623133Z [inf]  2026-04-15T10:20:03.110Z 📊 FEATURE_5M | {"close":83.12,"ema8":83.1538,"ema18":83.122,"rsi":50.778,"adx":17.341,"barIndex":99}
2026-04-15T10:25:12.410878682Z [inf]  2026-04-15T10:25:03.616Z 📊 FEATURE_5M | {"close":83.12,"ema8":83.1463,"ema18":83.1218,"rsi":50.778,"adx":16.888,"barIndex":100}
2026-04-15T10:30:12.446144929Z [inf]  2026-04-15T10:30:05.634Z 🧠 BREAKOUT_MEMORY_CLEARED | {"reason":"lost_reclaim"}
2026-04-15T10:30:12.446148414Z [inf]  2026-04-15T10:30:05.634Z 📊 FEATURE_5M | {"close":83.06,"ema8":83.1271,"ema18":83.1153,"rsi":47.695,"adx":16.159,"barIndex":101}
2026-04-15T10:35:12.626302657Z [inf]  2026-04-15T10:35:03.171Z 📊 FEATURE_5M | {"close":82.99,"ema8":83.0966,"ema18":83.1021,"rsi":44.315,"adx":16.438,"barIndex":102}
2026-04-15T10:40:13.014033501Z [inf]  2026-04-15T10:40:03.160Z 📊 FEATURE_5M | {"close":83.02,"ema8":83.0796,"ema18":83.0935,"rsi":46.079,"adx":16.697,"barIndex":103}
2026-04-15T10:45:13.428474360Z [inf]  2026-04-15T10:45:06.483Z 📊 FEATURE_5M | {"close":83.28,"ema8":83.1241,"ema18":83.1131,"rsi":58.381,"adx":16.076,"barIndex":104}
2026-04-15T10:45:13.428478208Z [inf]  2026-04-15T10:45:06.483Z 🧠 BREAKOUT_MEMORY_ARMED | {"armedBar":104,"expiresBar":108,"triggerPrice":83.28,"reclaimPrice":83.1241,"breakoutHigh":83.29}
2026-04-15T10:50:03.622544657Z [inf]  2026-04-15T10:50:03.092Z 📊 FEATURE_5M | {"close":83.38,"ema8":83.181,"ema18":83.1412,"rsi":61.974,"adx":17.453,"barIndex":105}
2026-04-15T10:50:03.622549555Z [inf]  2026-04-15T10:50:03.092Z 🧠 BREAKOUT_MEMORY_ARMED | {"armedBar":105,"expiresBar":109,"triggerPrice":83.38,"reclaimPrice":83.181,"breakoutHigh":83.66}
2026-04-15T10:55:13.732191255Z [inf]  2026-04-15T10:55:03.850Z 📊 FEATURE_5M | {"close":83.37,"ema8":83.223,"ema18":83.1653,"rsi":61.403,"adx":18.567,"barIndex":106}
2026-04-15T10:55:13.732194165Z [inf]  2026-04-15T10:55:03.850Z 🧠 BREAKOUT_MEMORY_ARMED | {"armedBar":106,"expiresBar":110,"triggerPrice":83.37,"reclaimPrice":83.223,"breakoutHigh":83.4}
2026-04-15T11:00:13.733134633Z [inf]  2026-04-15T11:00:11.067Z 📊 FEATURE_5M | {"close":83.15,"ema8":83.2068,"ema18":83.1637,"rsi":50.402,"adx":18.007,"barIndex":107}
2026-04-15T11:05:13.719357002Z [inf]  2026-04-15T11:05:05.739Z 📊 FEATURE_5M | {"close":83.22,"ema8":83.2097,"ema18":83.1696,"rsi":53.271,"adx":17.487,"barIndex":108}
2026-04-15T11:05:13.719384576Z [inf]  2026-04-15T11:05:05.739Z 🧠 BREAKOUT_MEMORY_ARMED | {"armedBar":108,"expiresBar":112,"triggerPrice":83.22,"reclaimPrice":83.2097,"breakoutHigh":83.24}
2026-04-15T11:10:03.574337351Z [inf]  2026-04-15T11:10:03.292Z 🧠 BREAKOUT_MEMORY_CLEARED | {"reason":"lost_reclaim"}
2026-04-15T11:10:03.574343158Z [inf]  2026-04-15T11:10:03.292Z 📊 FEATURE_5M | {"close":83.2,"ema8":83.2076,"ema18":83.1728,"rsi":52.34,"adx":17.115,"barIndex":109}
2026-04-15T11:15:14.064521296Z [inf]  2026-04-15T11:15:05.739Z 📊 FEATURE_5M | {"close":83.28,"ema8":83.2237,"ema18":83.1841,"rsi":55.678,"adx":17.496,"barIndex":110}
2026-04-15T11:15:14.064525078Z [inf]  2026-04-15T11:15:05.739Z 🧠 BREAKOUT_MEMORY_ARMED | {"armedBar":110,"expiresBar":114,"triggerPrice":83.28,"reclaimPrice":83.2237,"breakoutHigh":83.4}
2026-04-15T11:20:13.925282001Z [inf]  2026-04-15T11:20:04.869Z 📊 FEATURE_5M | {"close":83.24,"ema8":83.2273,"ema18":83.19,"rsi":53.654,"adx":17.849,"barIndex":111}
2026-04-15T11:20:13.925290067Z [inf]  2026-04-15T11:20:04.869Z 🧠 BREAKOUT_MEMORY_ARMED | {"armedBar":111,"expiresBar":115,"triggerPrice":83.24,"reclaimPrice":83.2273,"breakoutHigh":83.28}
2026-04-15T11:25:04.431110592Z [inf]  2026-04-15T11:25:03.223Z 📊 FEATURE_5M | {"close":83.29,"ema8":83.2412,"ema18":83.2005,"rsi":55.816,"adx":18.382,"barIndex":112}
2026-04-15T11:25:04.431113761Z [inf]  2026-04-15T11:25:03.223Z 🧠 BREAKOUT_MEMORY_ARMED | {"armedBar":112,"expiresBar":116,"triggerPrice":83.29,"reclaimPrice":83.2412,"breakoutHigh":83.32}
2026-04-15T11:30:24.291718064Z [inf]  2026-04-15T11:30:17.970Z 📊 FEATURE_5M | {"close":83.21,"ema8":83.2343,"ema18":83.2015,"rsi":51.664,"adx":18.702,"barIndex":113}
2026-04-15T11:35:04.973003357Z [inf]  2026-04-15T11:35:03.078Z 📊 FEATURE_5M | {"close":83.31,"ema8":83.2511,"ema18":83.2129,"rsi":56.064,"adx":19.221,"barIndex":114}
2026-04-15T11:35:04.973009346Z [inf]  2026-04-15T11:35:03.078Z 🧠 BREAKOUT_MEMORY_ARMED | {"armedBar":114,"expiresBar":118,"triggerPrice":83.31,"reclaimPrice":83.2511,"breakoutHigh":83.36}
2026-04-15T11:40:05.271627014Z [inf]  2026-04-15T11:40:03.486Z 📊 FEATURE_5M | {"close":83.38,"ema8":83.2798,"ema18":83.2305,"rsi":58.885,"adx":19.924,"barIndex":115}
2026-04-15T11:40:05.271631929Z [inf]  2026-04-15T11:40:03.486Z 🧠 BREAKOUT_MEMORY_ARMED | {"armedBar":115,"expiresBar":119,"triggerPrice":83.38,"reclaimPrice":83.2798,"breakoutHigh":83.4}
2026-04-15T11:45:06.349662150Z [inf]  2026-04-15T11:45:04.206Z 📊 FEATURE_5M | {"close":83.41,"ema8":83.3087,"ema18":83.2494,"rsi":60.069,"adx":20.633,"barIndex":116}
2026-04-15T11:45:06.349666893Z [inf]  2026-04-15T11:45:04.207Z 🧠 BREAKOUT_MEMORY_ARMED | {"armedBar":116,"expiresBar":120,"triggerPrice":83.41,"reclaimPrice":83.3087,"breakoutHigh":83.41}
2026-04-15T11:50:06.456040563Z [inf]  2026-04-15T11:50:05.109Z 📊 FEATURE_5M | {"close":83.49,"ema8":83.349,"ema18":83.2747,"rsi":63.118,"adx":22.512,"barIndex":117}
2026-04-15T11:50:06.456043514Z [inf]  2026-04-15T11:50:05.109Z 🧠 BREAKOUT_MEMORY_ARMED | {"armedBar":117,"expiresBar":121,"triggerPrice":83.49,"reclaimPrice":83.349,"breakoutHigh":83.68}
2026-04-15T11:55:06.606900904Z [inf]  2026-04-15T11:55:02.927Z 📊 FEATURE_5M | {"close":83.58,"ema8":83.4003,"ema18":83.3069,"rsi":66.241,"adx":24.257,"barIndex":118}
2026-04-15T11:55:06.606904149Z [inf]  2026-04-15T11:55:02.927Z 🧠 BREAKOUT_MEMORY_ARMED | {"armedBar":118,"expiresBar":122,"triggerPrice":83.58,"reclaimPrice":83.4003,"breakoutHigh":83.68}
2026-04-15T12:00:16.718497604Z [inf]  2026-04-15T12:00:12.496Z 📊 FEATURE_5M | {"close":83.61,"ema8":83.4469,"ema18":83.3388,"rsi":67.236,"adx":25.878,"barIndex":119}
2026-04-15T12:00:16.718500878Z [inf]  2026-04-15T12:00:12.496Z 🧠 BREAKOUT_MEMORY_ARMED | {"armedBar":119,"expiresBar":123,"triggerPrice":83.61,"reclaimPrice":83.4469,"breakoutHigh":83.62}
2026-04-15T12:05:06.746795252Z [inf]  2026-04-15T12:05:03.498Z 📊 FEATURE_5M | {"close":83.55,"ema8":83.4698,"ema18":83.361,"rsi":63.22,"adx":26.822,"barIndex":120}
2026-04-15T12:05:06.746799554Z [inf]  2026-04-15T12:05:03.498Z 🧠 BREAKOUT_MEMORY_ARMED | {"armedBar":120,"expiresBar":124,"triggerPrice":83.55,"reclaimPrice":83.4698,"breakoutHigh":83.64}
2026-04-15T12:10:06.613987699Z [inf]  2026-04-15T12:10:03.711Z 📊 FEATURE_5M | {"close":83.49,"ema8":83.4743,"ema18":83.3746,"rsi":59.398,"adx":26.768,"barIndex":121}
2026-04-15T12:10:06.613993433Z [inf]  2026-04-15T12:10:03.711Z 🧠 BREAKOUT_MEMORY_ARMED | {"armedBar":121,"expiresBar":125,"triggerPrice":83.49,"reclaimPrice":83.4743,"breakoutHigh":83.57}
2026-04-15T12:15:07.173515274Z [inf]  2026-04-15T12:15:05.177Z 📊 FEATURE_5M | {"close":83.5,"ema8":83.48,"ema18":83.3878,"rsi":59.834,"adx":26.717,"barIndex":122}
2026-04-15T12:15:07.173518289Z [inf]  2026-04-15T12:15:05.179Z 🧠 BREAKOUT_MEMORY_ARMED | {"armedBar":122,"expiresBar":126,"triggerPrice":83.5,"reclaimPrice":83.48,"breakoutHigh":83.55}
2026-04-15T12:20:07.032191398Z [inf]  2026-04-15T12:20:03.451Z 📊 FEATURE_5M | {"close":83.52,"ema8":83.4889,"ema18":83.4017,"rsi":60.742,"adx":26.158,"barIndex":123}
2026-04-15T12:20:07.032195083Z [inf]  2026-04-15T12:20:03.451Z 🧠 BREAKOUT_MEMORY_ARMED | {"armedBar":123,"expiresBar":127,"triggerPrice":83.52,"reclaimPrice":83.4889,"breakoutHigh":83.55}
2026-04-15T12:25:07.577389354Z [inf]  2026-04-15T12:25:03.952Z 📊 FEATURE_5M | {"close":83.52,"ema8":83.4958,"ema18":83.4142,"rsi":60.742,"adx":25.909,"barIndex":124}
2026-04-15T12:25:07.577393689Z [inf]  2026-04-15T12:25:03.952Z 🧠 BREAKOUT_MEMORY_ARMED | {"armedBar":124,"expiresBar":128,"triggerPrice":83.52,"reclaimPrice":83.4958,"breakoutHigh":83.59}
2026-04-15T12:30:17.439450128Z [inf]  2026-04-15T12:30:07.656Z 📊 FEATURE_5M | {"close":83.49,"ema8":83.4945,"ema18":83.4221,"rsi":58.444,"adx":25.159,"barIndex":125}
2026-04-15T12:35:08.372784534Z [inf]  2026-04-15T12:35:03.455Z 📊 FEATURE_5M | {"close":83.53,"ema8":83.5024,"ema18":83.4335,"rsi":60.585,"adx":24.685,"barIndex":126}
2026-04-15T12:35:08.372787626Z [inf]  2026-04-15T12:35:03.455Z 🧠 BREAKOUT_MEMORY_ARMED | {"armedBar":126,"expiresBar":130,"triggerPrice":83.53,"reclaimPrice":83.5024,"breakoutHigh":83.59}
2026-04-15T12:40:08.456369216Z [inf]  2026-04-15T12:40:03.754Z 🔹 RAY_BULLISH_BOS | {"price":83.85,"ts":"2026-04-15T12:40:01Z"}
2026-04-15T12:40:08.456374332Z [inf]  2026-04-15T12:40:03.843Z 📊 FEATURE_5M | {"close":83.85,"ema8":83.5796,"ema18":83.4773,"rsi":72.7,"adx":25.818,"barIndex":127}
2026-04-15T12:40:08.456378877Z [inf]  2026-04-15T12:40:03.843Z 🧠 BREAKOUT_MEMORY_ARMED | {"armedBar":127,"expiresBar":131,"triggerPrice":83.85,"reclaimPrice":83.5796,"breakoutHigh":83.87}
2026-04-15T12:45:08.636521003Z [inf]  2026-04-15T12:45:05.195Z 📊 FEATURE_5M | {"close":83.79,"ema8":83.6264,"ema18":83.5102,"rsi":68.451,"adx":26.958,"barIndex":128}
2026-04-15T12:45:08.636526766Z [inf]  2026-04-15T12:45:05.195Z 🧠 BREAKOUT_MEMORY_ARMED | {"armedBar":128,"expiresBar":132,"triggerPrice":83.79,"reclaimPrice":83.6264,"breakoutHigh":83.89}
2026-04-15T12:50:08.916963775Z [inf]  2026-04-15T12:50:03.387Z 📊 FEATURE_5M | {"close":83.79,"ema8":83.6628,"ema18":83.5397,"rsi":68.451,"adx":28.015,"barIndex":129}
2026-04-15T12:50:08.916967645Z [inf]  2026-04-15T12:50:03.387Z 🧠 BREAKOUT_MEMORY_ARMED | {"armedBar":129,"expiresBar":133,"triggerPrice":83.79,"reclaimPrice":83.6628,"breakoutHigh":83.81}
2026-04-15T12:55:08.926214440Z [inf]  2026-04-15T12:55:02.618Z 📊 FEATURE_5M | {"close":83.77,"ema8":83.6866,"ema18":83.5639,"rsi":66.939,"adx":28.998,"barIndex":130}
2026-04-15T12:55:08.926220685Z [inf]  2026-04-15T12:55:02.618Z 🧠 BREAKOUT_MEMORY_ARMED | {"armedBar":130,"expiresBar":134,"triggerPrice":83.77,"reclaimPrice":83.6866,"breakoutHigh":83.81}
2026-04-15T13:00:09.177137677Z [inf]  2026-04-15T13:00:07.703Z 🧠 BREAKOUT_MEMORY_ARMED | {"armedBar":131,"expiresBar":135,"triggerPrice":83.72,"reclaimPrice":83.694,"breakoutHigh":83.79}
2026-04-15T13:00:09.177178916Z [inf]  2026-04-15T13:00:07.703Z 📊 FEATURE_5M | {"close":83.72,"ema8":83.694,"ema18":83.5804,"rsi":63.181,"adx":29.782,"barIndex":131}
2026-04-15T13:05:09.242064160Z [inf]  2026-04-15T13:05:04.114Z 🧠 BREAKOUT_MEMORY_CLEARED | {"reason":"lost_reclaim"}
2026-04-15T13:05:09.242068662Z [inf]  2026-04-15T13:05:04.114Z 📊 FEATURE_5M | {"close":83.55,"ema8":83.662,"ema18":83.5772,"rsi":52.408,"adx":28.382,"barIndex":132}
2026-04-15T13:10:09.081967962Z [inf]  2026-04-15T13:10:04.111Z 📊 FEATURE_5M | {"close":83.66,"ema8":83.6616,"ema18":83.5859,"rsi":57.462,"adx":27.294,"barIndex":133}
2026-04-15T13:15:09.590338377Z [inf]  2026-04-15T13:15:04.382Z 📊 FEATURE_5M | {"close":83.63,"ema8":83.6545,"ema18":83.5905,"rsi":55.724,"adx":26.285,"barIndex":134}
2026-04-15T13:20:09.433262437Z [inf]  2026-04-15T13:20:03.359Z 📊 FEATURE_5M | {"close":83.6,"ema8":83.6424,"ema18":83.5915,"rsi":53.966,"adx":25.347,"barIndex":135}
2026-04-15T13:25:09.945247143Z [inf]  2026-04-15T13:25:03.659Z 📊 FEATURE_5M | {"close":83.59,"ema8":83.6308,"ema18":83.5914,"rsi":53.362,"adx":23.953,"barIndex":136}
2026-04-15T13:30:19.807470357Z [inf]  2026-04-15T13:30:19.016Z 📊 FEATURE_5M | {"close":83.73,"ema8":83.6528,"ema18":83.606,"rsi":60.098,"adx":23.886,"barIndex":137}
2026-04-15T13:30:19.807475542Z [inf]  2026-04-15T13:30:19.017Z 🧠 BREAKOUT_MEMORY_ARMED | {"armedBar":137,"expiresBar":141,"triggerPrice":83.73,"reclaimPrice":83.6528,"breakoutHigh":83.81}
2026-04-15T13:35:11.073301409Z [inf]  2026-04-15T13:35:04.877Z 🧠 BREAKOUT_MEMORY_CLEARED | {"reason":"lost_reclaim"}
2026-04-15T13:35:11.073305107Z [inf]  2026-04-15T13:35:04.878Z 📊 FEATURE_5M | {"close":83.51,"ema8":83.6211,"ema18":83.5959,"rsi":48.294,"adx":22.405,"barIndex":138}
2026-04-15T13:40:10.972906043Z [inf]  2026-04-15T13:40:08.640Z 📊 FEATURE_5M | {"close":83.6,"ema8":83.6164,"ema18":83.5963,"rsi":52.412,"adx":21.101,"barIndex":139}
2026-04-15T13:45:10.991554660Z [inf]  2026-04-15T13:45:08.982Z 📊 FEATURE_5M | {"close":83.28,"ema8":83.5416,"ema18":83.563,"rsi":40.163,"adx":20.922,"barIndex":140}
2026-04-15T13:50:10.946551738Z [inf]  2026-04-15T13:50:05.932Z 📊 FEATURE_5M | {"close":83.38,"ema8":83.5057,"ema18":83.5437,"rsi":44.526,"adx":20.757,"barIndex":141}
2026-04-15T13:55:10.884751406Z [inf]  2026-04-15T13:55:04.564Z 📊 FEATURE_5M | {"close":83.35,"ema8":83.4711,"ema18":83.5233,"rsi":43.502,"adx":20.248,"barIndex":142}
2026-04-15T14:00:10.923810329Z [inf]  2026-04-15T14:00:10.837Z 📊 FEATURE_5M | {"close":83.63,"ema8":83.5064,"ema18":83.5346,"rsi":54.116,"adx":19.441,"barIndex":143}
2026-04-15T14:05:10.919111596Z [inf]  2026-04-15T14:05:05.555Z 📊 FEATURE_5M | {"close":83.61,"ema8":83.5294,"ema18":83.5425,"rsi":53.345,"adx":18.692,"barIndex":144}
2026-04-15T14:10:10.791122626Z [inf]  2026-04-15T14:10:05.541Z 📊 FEATURE_5M | {"close":83.49,"ema8":83.5207,"ema18":83.537,"rsi":48.848,"adx":17.395,"barIndex":145}
2026-04-15T14:15:11.359715105Z [inf]  2026-04-15T14:15:09.161Z 📊 FEATURE_5M | {"close":83.7,"ema8":83.5605,"ema18":83.5541,"rsi":55.86,"adx":16.474,"barIndex":146}
2026-04-15T14:15:11.359719689Z [inf]  2026-04-15T14:15:09.161Z 🧠 BREAKOUT_MEMORY_ARMED | {"armedBar":146,"expiresBar":150,"triggerPrice":83.7,"reclaimPrice":83.5605,"breakoutHigh":83.7}
2026-04-15T14:20:12.049329665Z [inf]  2026-04-15T14:20:04.753Z 📊 FEATURE_5M | {"close":84.04,"ema8":83.6671,"ema18":83.6053,"rsi":64.375,"adx":18.322,"barIndex":147}
2026-04-15T14:20:12.049335264Z [inf]  2026-04-15T14:20:04.753Z 🧠 BREAKOUT_MEMORY_ARMED | {"armedBar":147,"expiresBar":151,"triggerPrice":84.04,"reclaimPrice":83.6671,"breakoutHigh":84.31}
2026-04-15T14:20:12.049340440Z [inf]  2026-04-15T14:20:05.059Z 🔹 RAY_BULLISH_BOS | {"price":84.04,"ts":"2026-04-15T14:20:01Z"}
2026-04-15T14:25:11.904315600Z [inf]  2026-04-15T14:25:04.717Z 📊 FEATURE_5M | {"close":84.4,"ema8":83.8299,"ema18":83.6889,"rsi":70.798,"adx":20.358,"barIndex":148}
2026-04-15T14:25:11.904321954Z [inf]  2026-04-15T14:25:04.717Z 🧠 BREAKOUT_MEMORY_ARMED | {"armedBar":148,"expiresBar":152,"triggerPrice":84.4,"reclaimPrice":83.8299,"breakoutHigh":84.43}
2026-04-15T14:30:12.533434629Z [inf]  2026-04-15T14:30:07.890Z 📊 FEATURE_5M | {"close":84.25,"ema8":83.9233,"ema18":83.748,"rsi":65.499,"adx":22.4,"barIndex":149}
2026-04-15T14:30:12.533442969Z [inf]  2026-04-15T14:30:07.890Z 🧠 BREAKOUT_MEMORY_ARMED | {"armedBar":149,"expiresBar":153,"triggerPrice":84.25,"reclaimPrice":83.9233,"breakoutHigh":84.49}
2026-04-15T14:35:12.530257026Z [inf]  2026-04-15T14:35:04.592Z 📊 FEATURE_5M | {"close":84.13,"ema8":83.9692,"ema18":83.7882,"rsi":61.531,"adx":23.2,"barIndex":150}
2026-04-15T14:35:12.530260683Z [inf]  2026-04-15T14:35:04.592Z 🧠 BREAKOUT_MEMORY_ARMED | {"armedBar":150,"expiresBar":154,"triggerPrice":84.13,"reclaimPrice":83.9692,"breakoutHigh":84.35}
2026-04-15T14:40:12.563028342Z [inf]  2026-04-15T14:40:06.441Z 📊 FEATURE_5M | {"close":83.89,"ema8":83.9516,"ema18":83.7989,"rsi":54.429,"adx":22.628,"barIndex":151}
2026-04-15T14:45:12.731055398Z [inf]  2026-04-15T14:45:07.537Z 📊 FEATURE_5M | {"close":83.9,"ema8":83.9402,"ema18":83.8096,"rsi":54.664,"adx":21.89,"barIndex":152}
2026-04-15T14:50:12.777142680Z [inf]  2026-04-15T14:50:04.766Z 📊 FEATURE_5M | {"close":84.26,"ema8":84.0112,"ema18":83.857,"rsi":62.212,"adx":22.32,"barIndex":153}
2026-04-15T14:50:12.777148552Z [inf]  2026-04-15T14:50:04.766Z 🧠 BREAKOUT_MEMORY_ARMED | {"armedBar":153,"expiresBar":157,"triggerPrice":84.26,"reclaimPrice":84.0112,"breakoutHigh":84.3}
2026-04-15T14:55:12.725812030Z [inf]  2026-04-15T14:55:05.216Z 📊 FEATURE_5M | {"close":84.32,"ema8":84.0798,"ema18":83.9057,"rsi":63.309,"adx":22.898,"barIndex":154}
2026-04-15T14:55:12.725815423Z [inf]  2026-04-15T14:55:05.216Z 🧠 BREAKOUT_MEMORY_ARMED | {"armedBar":154,"expiresBar":158,"triggerPrice":84.32,"reclaimPrice":84.0798,"breakoutHigh":84.36}
2026-04-15T15:00:22.884087860Z [inf]  2026-04-15T15:00:16.791Z 📊 FEATURE_5M | {"close":84.3,"ema8":84.1288,"ema18":83.9472,"rsi":62.656,"adx":23.671,"barIndex":155}
2026-04-15T15:00:22.884092823Z [inf]  2026-04-15T15:00:16.792Z 🧠 BREAKOUT_MEMORY_ARMED | {"armedBar":155,"expiresBar":159,"triggerPrice":84.3,"reclaimPrice":84.1288,"breakoutHigh":84.44}
2026-04-15T15:05:12.788474067Z [inf]  2026-04-15T15:05:04.139Z 🧠 BREAKOUT_MEMORY_ARMED | {"armedBar":156,"expiresBar":160,"triggerPrice":84.24,"reclaimPrice":84.1535,"breakoutHigh":84.47}
2026-04-15T15:05:12.788484532Z [inf]  2026-04-15T15:05:04.139Z 📊 FEATURE_5M | {"close":84.24,"ema8":84.1535,"ema18":83.978,"rsi":60.637,"adx":24.389,"barIndex":156}
2026-04-15T15:10:12.632314787Z [inf]  2026-04-15T15:10:04.724Z 🧠 BREAKOUT_MEMORY_CLEARED | {"reason":"lost_reclaim"}
2026-04-15T15:10:12.632318421Z [inf]  2026-04-15T15:10:04.724Z 📊 FEATURE_5M | {"close":84,"ema8":84.1194,"ema18":83.9804,"rsi":53.244,"adx":23.466,"barIndex":157}
2026-04-15T15:15:13.202555557Z [inf]  2026-04-15T15:15:06.847Z 📊 FEATURE_5M | {"close":84.31,"ema8":84.1617,"ema18":84.0151,"rsi":60.024,"adx":22.978,"barIndex":158}
2026-04-15T15:15:13.202559557Z [inf]  2026-04-15T15:15:06.847Z 🧠 BREAKOUT_MEMORY_ARMED | {"armedBar":158,"expiresBar":162,"triggerPrice":84.31,"reclaimPrice":84.1617,"breakoutHigh":84.37}
2026-04-15T15:20:13.064911563Z [inf]  2026-04-15T15:20:04.347Z 📊 FEATURE_5M | {"close":84.12,"ema8":84.1525,"ema18":84.0261,"rsi":54.781,"adx":22.524,"barIndex":159}
2026-04-15T15:25:13.555133629Z [inf]  2026-04-15T15:25:04.844Z 🧠 BREAKOUT_MEMORY_CLEARED | {"reason":"lost_reclaim"}
2026-04-15T15:25:13.555137024Z [inf]  2026-04-15T15:25:04.844Z 📊 FEATURE_5M | {"close":84.04,"ema8":84.1275,"ema18":84.0276,"rsi":52.694,"adx":21.431,"barIndex":160}
2026-04-15T15:30:13.392249364Z [inf]  2026-04-15T15:30:11.030Z 📊 FEATURE_5M | {"close":83.98,"ema8":84.0947,"ema18":84.0226,"rsi":51.121,"adx":19.981,"barIndex":161}
2026-04-15T15:35:04.275082542Z [inf]  2026-04-15T15:35:04.107Z 📊 FEATURE_5M | {"close":83.61,"ema8":83.987,"ema18":83.9791,"rsi":42.663,"adx":19.984,"barIndex":162}
2026-04-15T15:40:14.399330855Z [inf]  2026-04-15T15:40:04.652Z 📊 FEATURE_5M | {"close":83.83,"ema8":83.9521,"ema18":83.9634,"rsi":48.155,"adx":19.987,"barIndex":163}
2026-04-15T15:45:14.726968188Z [inf]  2026-04-15T15:45:05.636Z 📊 FEATURE_5M | {"close":83.74,"ema8":83.905,"ema18":83.9399,"rsi":46.205,"adx":19.833,"barIndex":164}
2026-04-15T15:50:06.003553538Z [inf]  2026-04-15T15:50:04.191Z 📊 FEATURE_5M | {"close":83.96,"ema8":83.9172,"ema18":83.942,"rsi":51.387,"adx":18.888,"barIndex":165}
2026-04-15T15:55:07.058375707Z [inf]  2026-04-15T15:55:04.950Z 📊 FEATURE_5M | {"close":83.97,"ema8":83.9289,"ema18":83.945,"rsi":51.616,"adx":18.011,"barIndex":166}
2026-04-15T16:00:17.040136015Z [inf]  2026-04-15T16:00:11.966Z 📊 FEATURE_5M | {"close":84,"ema8":83.9447,"ema18":83.9508,"rsi":52.338,"adx":17.667,"barIndex":167}
2026-04-15T16:05:07.006969784Z [inf]  2026-04-15T16:05:04.978Z 📊 FEATURE_5M | {"close":84.22,"ema8":84.0059,"ema18":83.9791,"rsi":57.367,"adx":16.487,"barIndex":168}
2026-04-15T16:05:07.006973687Z [inf]  2026-04-15T16:05:04.978Z 🧠 BREAKOUT_MEMORY_ARMED | {"armedBar":168,"expiresBar":172,"triggerPrice":84.22,"reclaimPrice":84.0059,"breakoutHigh":84.24}
2026-04-15T16:10:06.849124552Z [inf]  2026-04-15T16:10:04.620Z 📊 FEATURE_5M | {"close":84.29,"ema8":84.069,"ema18":84.0118,"rsi":58.855,"adx":15.656,"barIndex":169}
2026-04-15T16:10:06.849127828Z [inf]  2026-04-15T16:10:04.620Z 🧠 BREAKOUT_MEMORY_ARMED | {"armedBar":169,"expiresBar":173,"triggerPrice":84.29,"reclaimPrice":84.069,"breakoutHigh":84.3}
2026-04-15T16:15:17.402150910Z [inf]  2026-04-15T16:15:08.141Z 📊 FEATURE_5M | {"close":84.47,"ema8":84.1581,"ema18":84.0601,"rsi":62.48,"adx":15.62,"barIndex":170}
2026-04-15T16:15:17.402156146Z [inf]  2026-04-15T16:15:08.141Z 🧠 BREAKOUT_MEMORY_ARMED | {"armedBar":170,"expiresBar":174,"triggerPrice":84.47,"reclaimPrice":84.1581,"breakoutHigh":84.48}
2026-04-15T16:20:07.231398884Z [inf]  2026-04-15T16:20:04.701Z 🔹 RAY_BULLISH_BOS | {"price":84.61,"ts":"2026-04-15T16:20:01Z"}
2026-04-15T16:20:07.231402262Z [inf]  2026-04-15T16:20:05.025Z 📊 FEATURE_5M | {"close":84.61,"ema8":84.2585,"ema18":84.1179,"rsi":65.059,"adx":16.186,"barIndex":171}
2026-04-15T16:20:07.231405678Z [inf]  2026-04-15T16:20:05.025Z 🧠 BREAKOUT_MEMORY_ARMED | {"armedBar":171,"expiresBar":175,"triggerPrice":84.61,"reclaimPrice":84.2585,"breakoutHigh":84.65}
2026-04-15T16:25:07.713023061Z [inf]  2026-04-15T16:25:03.806Z 📊 FEATURE_5M | {"close":84.58,"ema8":84.33,"ema18":84.1666,"rsi":64.043,"adx":16.713,"barIndex":172}
2026-04-15T16:25:07.713027007Z [inf]  2026-04-15T16:25:03.806Z 🧠 BREAKOUT_MEMORY_ARMED | {"armedBar":172,"expiresBar":176,"triggerPrice":84.58,"reclaimPrice":84.33,"breakoutHigh":84.65}
2026-04-15T16:30:17.626976313Z [inf]  2026-04-15T16:30:08.285Z 📊 FEATURE_5M | {"close":84.53,"ema8":84.3744,"ema18":84.2048,"rsi":62.298,"adx":17.38,"barIndex":173}
2026-04-15T16:30:17.626985390Z [inf]  2026-04-15T16:30:08.285Z 🧠 BREAKOUT_MEMORY_ARMED | {"armedBar":173,"expiresBar":177,"triggerPrice":84.53,"reclaimPrice":84.3744,"breakoutHigh":84.7}
2026-04-15T16:35:08.550906874Z [inf]  2026-04-15T16:35:04.117Z 📊 FEATURE_5M | {"close":84.52,"ema8":84.4068,"ema18":84.238,"rsi":61.934,"adx":17.298,"barIndex":174}
2026-04-15T16:35:08.550914661Z [inf]  2026-04-15T16:35:04.117Z 🧠 BREAKOUT_MEMORY_ARMED | {"armedBar":174,"expiresBar":178,"triggerPrice":84.52,"reclaimPrice":84.4068,"breakoutHigh":84.57}
2026-04-15T16:40:08.784164924Z [inf]  2026-04-15T16:40:04.202Z 📊 FEATURE_5M | {"close":84.42,"ema8":84.4097,"ema18":84.2572,"rsi":58.271,"adx":17.685,"barIndex":175}
2026-04-15T16:40:08.784168235Z [inf]  2026-04-15T16:40:04.202Z 🧠 BREAKOUT_MEMORY_ARMED | {"armedBar":175,"expiresBar":179,"triggerPrice":84.42,"reclaimPrice":84.4097,"breakoutHigh":84.69}
2026-04-15T16:45:09.023319829Z [inf]  2026-04-15T16:45:06.080Z 📊 FEATURE_5M | {"close":84.36,"ema8":84.3987,"ema18":84.268,"rsi":56.126,"adx":16.975,"barIndex":176}
2026-04-15T16:50:09.031765034Z [inf]  2026-04-15T16:50:05.343Z 📊 FEATURE_5M | {"close":84.48,"ema8":84.4167,"ema18":84.2903,"rsi":59.349,"adx":16.265,"barIndex":177}
2026-04-15T16:50:09.031767848Z [inf]  2026-04-15T16:50:05.344Z 🧠 BREAKOUT_MEMORY_ARMED | {"armedBar":177,"expiresBar":181,"triggerPrice":84.48,"reclaimPrice":84.4167,"breakoutHigh":84.48}
2026-04-15T16:55:09.184167448Z [inf]  2026-04-15T16:55:04.951Z 📊 FEATURE_5M | {"close":84.45,"ema8":84.4241,"ema18":84.3071,"rsi":58.198,"adx":15.875,"barIndex":178}
2026-04-15T16:55:09.184174075Z [inf]  2026-04-15T16:55:04.951Z 🧠 BREAKOUT_MEMORY_ARMED | {"armedBar":178,"expiresBar":182,"triggerPrice":84.45,"reclaimPrice":84.4241,"breakoutHigh":84.54}
2026-04-15T17:00:19.332646125Z [inf]  2026-04-15T17:00:16.599Z 📊 FEATURE_5M | {"close":84.54,"ema8":84.4499,"ema18":84.3316,"rsi":60.663,"adx":15.984,"barIndex":179}
2026-04-15T17:00:19.332649562Z [inf]  2026-04-15T17:00:16.600Z 🧠 BREAKOUT_MEMORY_ARMED | {"armedBar":179,"expiresBar":183,"triggerPrice":84.54,"reclaimPrice":84.4499,"breakoutHigh":84.65}
2026-04-15T18:15:09.771976568Z [inf]  2026-04-15T18:15:05.692Z 📊 FEATURE_5M | {"close":84.9,"ema8":84.7765,"ema18":84.683,"rsi":59.708,"adx":21.487,"barIndex":194}
2026-04-15T18:15:09.771980549Z [inf]  2026-04-15T18:15:05.692Z 🧠 BREAKOUT_MEMORY_ARMED | {"armedBar":194,"expiresBar":198,"triggerPrice":84.9,"reclaimPrice":84.7765,"breakoutHigh":84.97}
2026-04-15T18:25:09.626755299Z [inf]  2026-04-15T18:25:05.028Z 📊 FEATURE_5M | {"close":84.9,"ema8":84.834,"ema18":84.731,"rsi":59.004,"adx":22.899,"barIndex":196}
2026-04-15T18:25:09.626759207Z [inf]  2026-04-15T18:25:05.028Z 🧠 BREAKOUT_MEMORY_ARMED | {"armedBar":196,"expiresBar":200,"triggerPrice":84.9,"reclaimPrice":84.834,"breakoutHigh":84.97}
2026-04-15T18:30:09.937986289Z [inf]  2026-04-15T18:30:07.176Z 📊 FEATURE_5M | {"close":84.8,"ema8":84.8264,"ema18":84.7382,"rsi":55.246,"adx":22.802,"barIndex":197}
2026-04-15T18:35:10.047612589Z [inf]  2026-04-15T18:35:04.367Z 📊 FEATURE_5M | {"close":84.93,"ema8":84.8494,"ema18":84.7584,"rsi":58.91,"adx":22.918,"barIndex":198}
2026-04-15T18:35:10.047615623Z [inf]  2026-04-15T18:35:04.367Z 🧠 BREAKOUT_MEMORY_ARMED | {"armedBar":198,"expiresBar":202,"triggerPrice":84.93,"reclaimPrice":84.8494,"breakoutHigh":84.99}
2026-04-15T18:40:10.115422705Z [inf]  2026-04-15T18:40:03.015Z 📊 FEATURE_5M | {"close":84.92,"ema8":84.8651,"ema18":84.7754,"rsi":58.513,"adx":23.026,"barIndex":199}
2026-04-15T18:40:10.115426093Z [inf]  2026-04-15T18:40:03.015Z 🧠 BREAKOUT_MEMORY_ARMED | {"armedBar":199,"expiresBar":203,"triggerPrice":84.92,"reclaimPrice":84.8651,"breakoutHigh":84.96}
2026-04-15T18:45:09.963458623Z [inf]  2026-04-15T18:45:05.640Z 📊 FEATURE_5M | {"close":84.96,"ema8":84.8862,"ema18":84.7949,"rsi":59.683,"adx":23.126,"barIndex":200}
2026-04-15T18:45:09.963461129Z [inf]  2026-04-15T18:45:05.640Z 🧠 BREAKOUT_MEMORY_ARMED | {"armedBar":200,"expiresBar":204,"triggerPrice":84.96,"reclaimPrice":84.8862,"breakoutHigh":84.96}
2026-04-15T18:50:11.020636924Z [inf]  2026-04-15T18:50:05.362Z 📊 FEATURE_5M | {"close":84.98,"ema8":84.907,"ema18":84.8143,"rsi":60.286,"adx":23.364,"barIndex":201}
2026-04-15T18:50:11.020642159Z [inf]  2026-04-15T18:50:05.362Z 🧠 BREAKOUT_MEMORY_ARMED | {"armedBar":201,"expiresBar":205,"triggerPrice":84.98,"reclaimPrice":84.907,"breakoutHigh":84.99}
2026-04-15T18:55:11.770879244Z [inf]  2026-04-15T18:55:03.334Z 📊 FEATURE_5M | {"close":85.03,"ema8":84.9344,"ema18":84.837,"rsi":61.823,"adx":23.873,"barIndex":202}
2026-04-15T18:55:11.770884017Z [inf]  2026-04-15T18:55:03.335Z 🧠 BREAKOUT_MEMORY_ARMED | {"armedBar":202,"expiresBar":206,"triggerPrice":85.03,"reclaimPrice":84.9344,"breakoutHigh":85.05}
2026-04-15T19:00:11.690917044Z [inf]  2026-04-15T19:00:10.664Z 📊 FEATURE_5M | {"close":85.03,"ema8":84.9556,"ema18":84.8574,"rsi":61.823,"adx":24.393,"barIndex":203}
2026-04-15T19:00:11.690921515Z [inf]  2026-04-15T19:00:10.664Z 🧠 BREAKOUT_MEMORY_ARMED | {"armedBar":203,"expiresBar":207,"triggerPrice":85.03,"reclaimPrice":84.9556,"breakoutHigh":85.06}
2026-04-15T19:05:12.295751004Z [inf]  2026-04-15T19:05:04.965Z 🧠 BREAKOUT_MEMORY_ARMED | {"armedBar":204,"expiresBar":208,"triggerPrice":85.04,"reclaimPrice":84.9744,"breakoutHigh":85.13}
2026-04-15T19:05:12.295838002Z [inf]  2026-04-15T19:05:04.965Z 📊 FEATURE_5M | {"close":85.04,"ema8":84.9744,"ema18":84.8766,"rsi":62.163,"adx":25.212,"barIndex":204}
2026-04-15T19:10:12.124448782Z [inf]  2026-04-15T19:10:03.790Z 📊 FEATURE_5M | {"close":85.16,"ema8":85.0156,"ema18":84.9064,"rsi":66.065,"adx":26.447,"barIndex":205}
2026-04-15T19:10:12.124453269Z [inf]  2026-04-15T19:10:03.790Z 🧠 BREAKOUT_MEMORY_ARMED | {"armedBar":205,"expiresBar":209,"triggerPrice":85.16,"reclaimPrice":85.0156,"breakoutHigh":85.24}
2026-04-15T19:10:12.124456048Z [inf]  2026-04-15T19:10:03.833Z 🔹 RAY_BULLISH_BOS | {"price":85.16,"ts":"2026-04-15T19:10:01Z"}
2026-04-15T19:15:12.570007743Z [inf]  2026-04-15T19:15:05.871Z 🧠 BREAKOUT_MEMORY_ARMED | {"armedBar":206,"expiresBar":210,"triggerPrice":85.08,"reclaimPrice":85.0299,"breakoutHigh":85.21}
2026-04-15T19:15:12.570061683Z [inf]  2026-04-15T19:15:05.871Z 📊 FEATURE_5M | {"close":85.08,"ema8":85.0299,"ema18":84.9247,"rsi":61.511,"adx":27.392,"barIndex":206}
2026-04-15T19:20:12.420739308Z [inf]  2026-04-15T19:20:05.923Z 📊 FEATURE_5M | {"close":85.08,"ema8":85.0411,"ema18":84.941,"rsi":61.511,"adx":27.959,"barIndex":207}
2026-04-15T19:20:12.420744183Z [inf]  2026-04-15T19:20:05.923Z 🧠 BREAKOUT_MEMORY_ARMED | {"armedBar":207,"expiresBar":211,"triggerPrice":85.08,"reclaimPrice":85.0411,"breakoutHigh":85.16}
2026-04-15T19:25:12.797126460Z [inf]  2026-04-15T19:25:03.227Z 📊 FEATURE_5M | {"close":85.11,"ema8":85.0564,"ema18":84.9588,"rsi":62.631,"adx":28.378,"barIndex":208}
2026-04-15T19:25:12.797129619Z [inf]  2026-04-15T19:25:03.227Z 🧠 BREAKOUT_MEMORY_ARMED | {"armedBar":208,"expiresBar":212,"triggerPrice":85.11,"reclaimPrice":85.0564,"breakoutHigh":85.13}
2026-04-15T19:30:12.647043101Z [inf]  2026-04-15T19:30:08.939Z 📊 FEATURE_5M | {"close":85.16,"ema8":85.0794,"ema18":84.98,"rsi":64.487,"adx":29.178,"barIndex":209}
2026-04-15T19:30:12.647047704Z [inf]  2026-04-15T19:30:08.939Z 🧠 BREAKOUT_MEMORY_ARMED | {"armedBar":209,"expiresBar":213,"triggerPrice":85.16,"reclaimPrice":85.0794,"breakoutHigh":85.21}
2026-04-15T19:35:13.199724209Z [inf]  2026-04-15T19:35:04.348Z 📊 FEATURE_5M | {"close":85.39,"ema8":85.1484,"ema18":85.0232,"rsi":71.498,"adx":30.74,"barIndex":210}
2026-04-15T19:35:13.199727187Z [inf]  2026-04-15T19:35:04.348Z 🧠 BREAKOUT_MEMORY_ARMED | {"armedBar":210,"expiresBar":214,"triggerPrice":85.39,"reclaimPrice":85.1484,"breakoutHigh":85.41}
2026-04-15T19:40:13.066969772Z [inf]  2026-04-15T19:40:05.591Z 📊 FEATURE_5M | {"close":85.53,"ema8":85.2332,"ema18":85.0765,"rsi":74.764,"adx":33.239,"barIndex":211}
2026-04-15T19:40:13.066974086Z [inf]  2026-04-15T19:40:05.591Z 🧠 BREAKOUT_MEMORY_ARMED | {"armedBar":211,"expiresBar":215,"triggerPrice":85.53,"reclaimPrice":85.2332,"breakoutHigh":85.83}
2026-04-15T19:45:12.923116767Z [inf]  2026-04-15T19:45:09.217Z 📊 FEATURE_5M | {"close":85.55,"ema8":85.3036,"ema18":85.1263,"rsi":75.201,"adx":35.56,"barIndex":212}
2026-04-15T19:45:12.923121014Z [inf]  2026-04-15T19:45:09.217Z 🧠 BREAKOUT_MEMORY_ARMED | {"armedBar":212,"expiresBar":216,"triggerPrice":85.55,"reclaimPrice":85.3036,"breakoutHigh":85.66}
2026-04-15T19:50:13.594161600Z [inf]  2026-04-15T19:50:04.926Z 📊 FEATURE_5M | {"close":85.48,"ema8":85.3428,"ema18":85.1636,"rsi":70.592,"adx":37.715,"barIndex":213}
2026-04-15T19:50:13.594165353Z [inf]  2026-04-15T19:50:04.926Z 🧠 BREAKOUT_MEMORY_ARMED | {"armedBar":213,"expiresBar":217,"triggerPrice":85.48,"reclaimPrice":85.3428,"breakoutHigh":85.64}
2026-04-15T19:55:13.470088578Z [inf]  2026-04-15T19:55:06.659Z 📊 FEATURE_5M | {"close":85.5,"ema8":85.3777,"ema18":85.199,"rsi":71.136,"adx":39.716,"barIndex":214}
2026-04-15T19:55:13.470093081Z [inf]  2026-04-15T19:55:06.659Z 🧠 BREAKOUT_MEMORY_ARMED | {"armedBar":214,"expiresBar":218,"triggerPrice":85.5,"reclaimPrice":85.3777,"breakoutHigh":85.62}
2026-04-15T20:00:24.151980867Z [inf]  2026-04-15T20:00:17.593Z 📊 FEATURE_5M | {"close":85.51,"ema8":85.4071,"ema18":85.2317,"rsi":71.421,"adx":41.462,"barIndex":215}
2026-04-15T20:00:24.151984373Z [inf]  2026-04-15T20:00:17.593Z 🧠 BREAKOUT_MEMORY_ARMED | {"armedBar":215,"expiresBar":219,"triggerPrice":85.51,"reclaimPrice":85.4071,"breakoutHigh":85.58}
2026-04-15T20:05:04.014024981Z [inf]  2026-04-15T20:05:03.231Z 🧠 BREAKOUT_MEMORY_CLEARED | {"reason":"lost_reclaim"}
2026-04-15T20:05:04.014029378Z [inf]  2026-04-15T20:05:03.231Z 📊 FEATURE_5M | {"close":85.24,"ema8":85.37,"ema18":85.2326,"rsi":55.496,"adx":41.088,"barIndex":216}
2026-04-15T20:10:04.439011769Z [inf]  2026-04-15T20:10:03.735Z 📊 FEATURE_5M | {"close":85.08,"ema8":85.3055,"ema18":85.2165,"rsi":48.583,"adx":38.986,"barIndex":217}
2026-04-15T20:15:14.434962351Z [inf]  2026-04-15T20:15:05.553Z 📊 FEATURE_5M | {"close":84.98,"ema8":85.2332,"ema18":85.1916,"rsi":44.825,"adx":36.282,"barIndex":218}
2026-04-15T20:20:04.835917391Z [inf]  2026-04-15T20:20:04.684Z 📊 FEATURE_5M | {"close":84.8,"ema8":85.1369,"ema18":85.1504,"rsi":38.979,"adx":34.415,"barIndex":219}
2026-04-15T20:25:04.668980605Z [inf]  2026-04-15T20:25:02.963Z 📊 FEATURE_5M | {"close":84.79,"ema8":85.0598,"ema18":85.1125,"rsi":38.678,"adx":32.68,"barIndex":220}
2026-04-15T20:30:15.201969747Z [inf]  2026-04-15T20:30:05.281Z 📊 FEATURE_5M | {"close":84.8,"ema8":85.0021,"ema18":85.0796,"rsi":39.185,"adx":31.369,"barIndex":221}
2026-04-15T20:35:05.036004571Z [inf]  2026-04-15T20:35:03.699Z 📊 FEATURE_5M | {"close":84.77,"ema8":84.9505,"ema18":85.047,"rsi":38.165,"adx":29.223,"barIndex":222}
2026-04-15T20:40:05.766845173Z [inf]  2026-04-15T20:40:02.855Z 📊 FEATURE_5M | {"close":84.72,"ema8":84.8993,"ema18":85.0126,"rsi":36.462,"adx":27.231,"barIndex":223}
2026-04-15T20:45:05.648990777Z [inf]  2026-04-15T20:45:03.616Z 📊 FEATURE_5M | {"close":84.76,"ema8":84.8683,"ema18":84.986,"rsi":38.814,"adx":25.481,"barIndex":224}
2026-04-15T20:50:05.526742363Z [inf]  2026-04-15T20:50:03.568Z 📊 FEATURE_5M | {"close":84.79,"ema8":84.8509,"ema18":84.9654,"rsi":40.59,"adx":23.884,"barIndex":225}
2026-04-15T20:55:06.190647763Z [inf]  2026-04-15T20:55:02.927Z 📊 FEATURE_5M | {"close":84.88,"ema8":84.8574,"ema18":84.9564,"rsi":45.684,"adx":22.462,"barIndex":226}
2026-04-15T21:00:06.044367145Z [inf]  2026-04-15T21:00:05.491Z 📊 FEATURE_5M | {"close":84.79,"ema8":84.8424,"ema18":84.9389,"rsi":41.822,"adx":21.389,"barIndex":227}
2026-04-15T21:05:06.617434342Z [inf]  2026-04-15T21:05:02.274Z 📊 FEATURE_5M | {"close":84.67,"ema8":84.8041,"ema18":84.9106,"rsi":37.296,"adx":20.071,"barIndex":228}
2026-04-15T21:10:06.452734028Z [inf]  2026-04-15T21:10:02.077Z 📊 FEATURE_5M | {"close":84.5,"ema8":84.7365,"ema18":84.8673,"rsi":32.01,"adx":19.95,"barIndex":229}
2026-04-15T21:15:06.894478915Z [inf]  2026-04-15T21:15:03.148Z 📊 FEATURE_5M | {"close":84.37,"ema8":84.6551,"ema18":84.815,"rsi":28.664,"adx":20.34,"barIndex":230}
