2026-04-12T03:02:17.958222717Z [inf]  2026-04-12T03:02:17.178Z ✅ brain listening | {"port":8080,"path":"/webhook","symbol":"BINANCE:SOLUSDT","tf":"5","brain":"BrainRAY_Continuation_v2.0"}
2026-04-12T03:02:18.168634980Z [inf]  Starting Container
2026-04-12T10:35:07.060009579Z [inf]  2026-04-12T10:35:05.998Z 📊 FEATURE_5M | {"close":82.28,"ema8":82.2589,"ema18":82.2499,"rsi":52.097,"adx":19.334,"barIndex":91}
2026-04-12T10:40:08.222939360Z [inf]  2026-04-12T10:40:02.997Z 📊 FEATURE_5M | {"close":82.24,"ema8":82.2547,"ema18":82.2489,"rsi":48.916,"adx":18.182,"barIndex":92}
2026-04-12T10:45:09.149355258Z [inf]  2026-04-12T10:45:03.969Z 📊 FEATURE_5M | {"close":82.26,"ema8":82.2559,"ema18":82.2501,"rsi":50.542,"adx":17.112,"barIndex":93}
2026-04-12T10:50:10.097856402Z [inf]  2026-04-12T10:50:01.999Z 📊 FEATURE_5M | {"close":82.22,"ema8":82.2479,"ema18":82.2469,"rsi":47.299,"adx":16.353,"barIndex":94}
2026-04-12T10:55:11.068755871Z [inf]  2026-04-12T10:55:02.170Z 📊 FEATURE_5M | {"close":81.99,"ema8":82.1906,"ema18":82.2199,"rsi":33.849,"adx":18.171,"barIndex":95}
2026-04-12T11:00:12.197383070Z [inf]  2026-04-12T11:00:04.664Z 📊 FEATURE_5M | {"close":82.04,"ema8":82.1571,"ema18":82.2009,"rsi":37.978,"adx":20.061,"barIndex":96}
2026-04-12T11:05:02.884596442Z [inf]  2026-04-12T11:05:02.471Z 📊 FEATURE_5M | {"close":81.95,"ema8":82.1111,"ema18":82.1745,"rsi":33.879,"adx":21.815,"barIndex":97}
2026-04-12T11:10:04.226332777Z [inf]  2026-04-12T11:10:02.831Z 📊 FEATURE_5M | {"close":82.11,"ema8":82.1109,"ema18":82.1677,"rsi":45.202,"adx":22.248,"barIndex":98}
2026-04-12T11:15:04.993000030Z [inf]  2026-04-12T11:15:02.593Z 📊 FEATURE_5M | {"close":82.23,"ema8":82.1373,"ema18":82.1743,"rsi":51.861,"adx":21.154,"barIndex":99}
2026-04-12T11:20:05.876101934Z [inf]  2026-04-12T11:20:01.966Z 📊 FEATURE_5M | {"close":82.2,"ema8":82.1513,"ema18":82.177,"rsi":50.218,"adx":20.138,"barIndex":100}
2026-04-12T11:25:07.233149249Z [inf]  2026-04-12T11:25:01.843Z 📊 FEATURE_5M | {"close":82.19,"ema8":82.1599,"ema18":82.1784,"rsi":49.654,"adx":19.194,"barIndex":101}
2026-04-12T11:30:08.300560680Z [inf]  2026-04-12T11:30:02.831Z 📊 FEATURE_5M | {"close":82.31,"ema8":82.1932,"ema18":82.1922,"rsi":56.041,"adx":18.423,"barIndex":102}
2026-04-12T11:35:09.519403818Z [inf]  2026-04-12T11:35:02.969Z 📊 FEATURE_5M | {"close":82.25,"ema8":82.2058,"ema18":82.1983,"rsi":52.457,"adx":18.128,"barIndex":103}
2026-04-12T11:40:10.834628515Z [inf]  2026-04-12T11:40:04.004Z 📊 FEATURE_5M | {"close":82.25,"ema8":82.2157,"ema18":82.2037,"rsi":52.457,"adx":17.854,"barIndex":104}
2026-04-12T11:45:10.826299864Z [inf]  2026-04-12T11:45:03.701Z 📊 FEATURE_5M | {"close":82.26,"ema8":82.2255,"ema18":82.2097,"rsi":53.038,"adx":17.819,"barIndex":105}
2026-04-12T11:50:11.689513917Z [inf]  2026-04-12T11:50:01.878Z 📊 FEATURE_5M | {"close":82.23,"ema8":82.2265,"ema18":82.2118,"rsi":51.025,"adx":16.915,"barIndex":106}
2026-04-12T11:55:13.129906979Z [inf]  2026-04-12T11:55:03.125Z 📊 FEATURE_5M | {"close":82.22,"ema8":82.2251,"ema18":82.2127,"rsi":50.339,"adx":16.076,"barIndex":107}
2026-04-12T12:00:14.509404352Z [inf]  2026-04-12T12:00:06.018Z 📊 FEATURE_5M | {"close":82.22,"ema8":82.2239,"ema18":82.2134,"rsi":50.339,"adx":15.297,"barIndex":108}
2026-04-12T12:05:05.754417516Z [inf]  2026-04-12T12:05:01.958Z 📊 FEATURE_5M | {"close":82.24,"ema8":82.2275,"ema18":82.2162,"rsi":51.841,"adx":14.698,"barIndex":109}
2026-04-12T12:10:06.660621341Z [inf]  2026-04-12T12:10:01.855Z 📊 FEATURE_5M | {"close":82.21,"ema8":82.2236,"ema18":82.2156,"rsi":49.427,"adx":14.143,"barIndex":110}
2026-04-12T12:15:07.863570228Z [inf]  2026-04-12T12:15:02.423Z 📊 FEATURE_5M | {"close":82.29,"ema8":82.2384,"ema18":82.2234,"rsi":55.392,"adx":13.261,"barIndex":111}
2026-04-12T12:20:08.975967440Z [inf]  2026-04-12T12:20:04.744Z 📊 FEATURE_5M | {"close":82.32,"ema8":82.2565,"ema18":82.2336,"rsi":57.42,"adx":13.01,"barIndex":112}
2026-04-12T12:25:10.650822795Z [inf]  2026-04-12T12:25:04.159Z 🟢 BULL_REGIME_ON | {"source":"ray_bullish_trend_change","bullRegimeId":1,"ts":"2026-04-12T12:25:03Z"}
2026-04-12T12:25:10.650825911Z [inf]  2026-04-12T12:25:04.159Z 🟢 RAY_BULLISH_TREND_CHANGE | {"price":82.38,"ts":"2026-04-12T12:25:03Z"}
2026-04-12T12:25:10.650828762Z [inf]  2026-04-12T12:25:04.160Z 🚫 ENTRY_BLOCKED | {"allow":false,"source":"ray_bullish_trend_change_launch","reasons":["launch_rsi_too_low","launch_adx_too_low"],"extFromEma8":0.15014011050797546,"extFromEma18":0.1780294186318,"launchChasePct":0.15014011050797546}
2026-04-12T12:25:10.650831745Z [inf]  2026-04-12T12:25:04.223Z 📊 FEATURE_5M | {"close":82.38,"ema8":82.284,"ema18":82.249,"rsi":61.218,"adx":13.52,"barIndex":113}
2026-04-12T12:30:12.049944119Z [inf]  2026-04-12T12:30:02.609Z 📊 FEATURE_5M | {"close":82.45,"ema8":82.3209,"ema18":82.2701,"rsi":65.126,"adx":14.805,"barIndex":114}
2026-04-12T12:30:12.049948383Z [inf]  2026-04-12T12:30:02.609Z 🧠 BREAKOUT_MEMORY_ARMED | {"armedBar":114,"expiresBar":118,"triggerPrice":82.45,"reclaimPrice":82.3209,"breakoutHigh":82.47}
2026-04-12T12:35:03.261251836Z [inf]  2026-04-12T12:35:01.950Z 📊 FEATURE_5M | {"close":82.29,"ema8":82.314,"ema18":82.2722,"rsi":52.182,"adx":13.796,"barIndex":115}
2026-04-12T12:40:04.432190369Z [inf]  2026-04-12T12:40:02.403Z 📊 FEATURE_5M | {"close":82.42,"ema8":82.3376,"ema18":82.2878,"rsi":59.266,"adx":12.859,"barIndex":116}
2026-04-12T12:45:05.651922400Z [inf]  2026-04-12T12:45:02.573Z 📊 FEATURE_5M | {"close":82.42,"ema8":82.3559,"ema18":82.3017,"rsi":59.266,"adx":12.222,"barIndex":117}
2026-04-12T12:50:06.644064328Z [inf]  2026-04-12T12:50:01.827Z 📊 FEATURE_5M | {"close":82.36,"ema8":82.3568,"ema18":82.3078,"rsi":54.912,"adx":11.631,"barIndex":118}
2026-04-12T12:55:07.892991979Z [inf]  2026-04-12T12:55:03.669Z 🟩 RAY_BULLISH_TREND_CONTINUATION | {"price":82.12,"ts":"2026-04-12T12:55:03Z"}
2026-04-12T12:55:07.892997087Z [inf]  2026-04-12T12:55:03.673Z 🚫 ENTRY_BLOCKED | {"allow":false,"source":"ray_bullish_trend_continuation","reasons":["adx_too_low","below_memory_reclaim_floor"],"extFromEma8":-0.2875293843374224,"extFromEma18":-0.22816792576158731,"contChasePct":-0.2875293843374224,"memChasePct":-0.4243967503334477}
2026-04-12T12:55:07.893001745Z [inf]  2026-04-12T12:55:03.689Z 🧠 BREAKOUT_MEMORY_CLEARED | {"reason":"expired"}
2026-04-12T12:55:07.893006214Z [inf]  2026-04-12T12:55:03.690Z 📊 FEATURE_5M | {"close":82.12,"ema8":82.3042,"ema18":82.2881,"rsi":41.711,"adx":14.026,"barIndex":119}
2026-04-12T13:00:09.077797565Z [inf]  2026-04-12T13:00:05.578Z 📊 FEATURE_5M | {"close":82.02,"ema8":82.241,"ema18":82.2599,"rsi":37.649,"adx":16.251,"barIndex":120}
2026-04-12T13:05:09.886839399Z [inf]  2026-04-12T13:05:02.256Z 📊 FEATURE_5M | {"close":82.08,"ema8":82.2052,"ema18":82.2409,"rsi":41.34,"adx":18.613,"barIndex":121}
2026-04-12T13:10:11.252173202Z [inf]  2026-04-12T13:10:02.060Z 📊 FEATURE_5M | {"close":82.13,"ema8":82.1885,"ema18":82.2292,"rsi":44.299,"adx":19.314,"barIndex":122}
2026-04-12T13:15:12.521911325Z [inf]  2026-04-12T13:15:03.829Z 📊 FEATURE_5M | {"close":81.96,"ema8":82.1377,"ema18":82.2009,"rsi":37.393,"adx":20.417,"barIndex":123}
2026-04-12T13:15:12.521915127Z [inf]  2026-04-12T13:15:03.843Z 🟩 RAY_BULLISH_TREND_CONTINUATION | {"price":81.96,"ts":"2026-04-12T13:15:03Z"}
2026-04-12T13:15:12.521918880Z [inf]  2026-04-12T13:15:03.844Z 🚫 ENTRY_BLOCKED | {"allow":false,"source":"ray_bullish_trend_continuation","reasons":["ema8_below_ema18","close_below_ema8","rsi_too_low","no_breakout_memory","ema_bull_invalid"],"extFromEma8":-0.21634401742440015,"extFromEma18":-0.2930624847173334,"contChasePct":-0.21634401742440015,"memChasePct":0}
2026-04-12T13:20:03.720431204Z [inf]  2026-04-12T13:20:01.914Z 📊 FEATURE_5M | {"close":82,"ema8":82.1071,"ema18":82.1798,"rsi":39.772,"adx":21.441,"barIndex":124}
2026-04-12T13:25:05.206499129Z [inf]  2026-04-12T13:25:01.877Z 📊 FEATURE_5M | {"close":82.03,"ema8":82.09,"ema18":82.164,"rsi":41.565,"adx":22.391,"barIndex":125}
2026-04-12T13:30:06.105607954Z [inf]  2026-04-12T13:30:04.953Z 📊 FEATURE_5M | {"close":81.96,"ema8":82.0611,"ema18":82.1425,"rsi":38.672,"adx":23.274,"barIndex":126}
2026-04-12T13:35:07.016505993Z [inf]  2026-04-12T13:35:01.805Z 🟩 RAY_BULLISH_TREND_CONTINUATION | {"price":82.03,"ts":"2026-04-12T13:35:01Z"}
2026-04-12T13:35:07.016509519Z [inf]  2026-04-12T13:35:01.805Z 🚫 ENTRY_BLOCKED | {"allow":false,"source":"ray_bullish_trend_continuation","reasons":["ema8_below_ema18","close_below_ema8","rsi_too_low","no_breakout_memory","ema_bull_invalid"],"extFromEma8":-0.037898590196810696,"extFromEma18":-0.13695711720485396,"contChasePct":-0.037898590196810696,"memChasePct":0}
2026-04-12T13:35:07.016514413Z [inf]  2026-04-12T13:35:01.882Z 📊 FEATURE_5M | {"close":82.03,"ema8":82.0542,"ema18":82.1307,"rsi":42.949,"adx":25.028,"barIndex":127}
2026-04-12T13:40:08.077763872Z [inf]  2026-04-12T13:40:03.713Z 📊 FEATURE_5M | {"close":81.95,"ema8":82.031,"ema18":82.1117,"rsi":39.554,"adx":26.089,"barIndex":128}
2026-04-12T13:45:09.386099835Z [inf]  2026-04-12T13:45:02.255Z 📊 FEATURE_5M | {"close":82.01,"ema8":82.0264,"ema18":82.101,"rsi":43.182,"adx":27.171,"barIndex":129}
2026-04-12T13:50:10.238404203Z [inf]  2026-04-12T13:50:01.746Z 📊 FEATURE_5M | {"close":82,"ema8":82.0205,"ema18":82.0903,"rsi":42.722,"adx":28.276,"barIndex":130}
2026-04-12T13:55:11.084151076Z [inf]  2026-04-12T13:55:02.913Z 🟩 RAY_BULLISH_TREND_CONTINUATION | {"price":81.89,"ts":"2026-04-12T13:55:02Z"}
2026-04-12T13:55:11.084160490Z [inf]  2026-04-12T13:55:02.913Z 🚫 ENTRY_BLOCKED | {"allow":false,"source":"ray_bullish_trend_continuation","reasons":["ema8_below_ema18","close_below_ema8","rsi_too_low","no_breakout_memory","ema_bull_invalid"],"extFromEma8":-0.15910656482220645,"extFromEma18":-0.24399959556731868,"contChasePct":-0.15910656482220645,"memChasePct":0}
2026-04-12T13:55:11.084165282Z [inf]  2026-04-12T13:55:02.940Z 📊 FEATURE_5M | {"close":81.89,"ema8":81.9915,"ema18":82.0692,"rsi":37.932,"adx":29.354,"barIndex":131}
2026-04-12T13:55:11.084201916Z [inf]  2026-04-12T13:55:02.891Z 🔴 RAY_BEARISH_TREND_CHANGE | {"price":81.89,"ts":"2026-04-12T13:55:02Z"}
2026-04-12T13:55:11.084204966Z [inf]  2026-04-12T13:55:02.891Z 🔴 BULL_REGIME_OFF | {"reason":"ray_bearish_trend_change","ts":"2026-04-12T13:55:02Z","bullRegimeId":1}
2026-04-12T13:55:11.084208214Z [inf]  2026-04-12T13:55:02.913Z 🟢 BULL_REGIME_ON | {"source":"ray_bullish_trend_continuation","bullRegimeId":2,"ts":"2026-04-12T13:55:02Z"}
2026-04-12T14:00:12.392713975Z [inf]  2026-04-12T14:00:04.633Z 📊 FEATURE_5M | {"close":81.89,"ema8":81.9689,"ema18":82.0504,"rsi":37.932,"adx":30.355,"barIndex":132}
2026-04-12T14:05:04.074214593Z [inf]  2026-04-12T14:05:02.101Z 📊 FEATURE_5M | {"close":81.97,"ema8":81.9692,"ema18":82.0419,"rsi":43.294,"adx":30.09,"barIndex":133}
2026-04-12T14:10:04.854987793Z [inf]  2026-04-12T14:10:01.926Z 📊 FEATURE_5M | {"close":82.05,"ema8":81.9871,"ema18":82.0428,"rsi":48.121,"adx":29.481,"barIndex":134}
2026-04-12T14:15:05.863971058Z [inf]  2026-04-12T14:15:02.391Z 📊 FEATURE_5M | {"close":81.98,"ema8":81.9856,"ema18":82.0362,"rsi":44.548,"adx":29.559,"barIndex":135}
2026-04-12T14:20:06.698358151Z [inf]  2026-04-12T14:20:01.792Z 📊 FEATURE_5M | {"close":82.02,"ema8":81.9932,"ema18":82.0345,"rsi":46.971,"adx":29.631,"barIndex":136}
2026-04-12T14:25:07.598357365Z [inf]  2026-04-12T14:25:02.740Z 📊 FEATURE_5M | {"close":82.04,"ema8":82.0036,"ema18":82.035,"rsi":48.19,"adx":28.822,"barIndex":137}
2026-04-12T14:30:08.633290408Z [inf]  2026-04-12T14:30:05.893Z 📊 FEATURE_5M | {"close":81.96,"ema8":81.9939,"ema18":82.0271,"rsi":43.848,"adx":28.39,"barIndex":138}
2026-04-12T14:35:09.257198668Z [inf]  2026-04-12T14:35:02.284Z 📊 FEATURE_5M | {"close":81.74,"ema8":81.9375,"ema18":81.9969,"rsi":34.612,"adx":29.428,"barIndex":139}
2026-04-12T14:40:09.742406553Z [inf]  2026-04-12T14:40:02.136Z 📊 FEATURE_5M | {"close":81.63,"ema8":81.8692,"ema18":81.9583,"rsi":31.086,"adx":30.781,"barIndex":140}
2026-04-12T14:45:10.567808349Z [inf]  2026-04-12T14:45:02.978Z 📊 FEATURE_5M | {"close":81.39,"ema8":81.7627,"ema18":81.8985,"rsi":25.083,"adx":32.953,"barIndex":141}
2026-04-12T14:50:11.050644562Z [inf]  2026-04-12T14:50:02.054Z 📊 FEATURE_5M | {"close":81.47,"ema8":81.6976,"ema18":81.8534,"rsi":29.94,"adx":35.021,"barIndex":142}
2026-04-12T14:55:11.733931113Z [inf]  2026-04-12T14:55:01.815Z 📊 FEATURE_5M | {"close":81.51,"ema8":81.6559,"ema18":81.8172,"rsi":32.303,"adx":36.941,"barIndex":143}
2026-04-12T15:00:12.412691742Z [inf]  2026-04-12T15:00:06.161Z 📊 FEATURE_5M | {"close":81.56,"ema8":81.6346,"ema18":81.7902,"rsi":35.244,"adx":38.037,"barIndex":144}
2026-04-12T15:05:12.494247951Z [inf]  2026-04-12T15:05:02.874Z 📊 FEATURE_5M | {"close":81.65,"ema8":81.638,"ema18":81.7754,"rsi":40.273,"adx":38.719,"barIndex":145}
2026-04-12T15:10:03.056894499Z [inf]  2026-04-12T15:10:02.871Z 📊 FEATURE_5M | {"close":81.68,"ema8":81.6474,"ema18":81.7654,"rsi":41.892,"adx":38.904,"barIndex":146}
2026-04-12T15:15:03.844823984Z [inf]  2026-04-12T15:15:02.514Z 📊 FEATURE_5M | {"close":81.78,"ema8":81.6768,"ema18":81.7669,"rsi":47.048,"adx":38.037,"barIndex":147}
2026-04-12T15:20:04.754184778Z [inf]  2026-04-12T15:20:02.911Z 📊 FEATURE_5M | {"close":81.57,"ema8":81.6531,"ema18":81.7462,"rsi":39.185,"adx":38.181,"barIndex":148}
2026-04-12T15:25:05.533301531Z [inf]  2026-04-12T15:25:01.804Z 📊 FEATURE_5M | {"close":81.57,"ema8":81.6346,"ema18":81.7276,"rsi":39.185,"adx":38.315,"barIndex":149}
2026-04-12T15:30:06.219288094Z [inf]  2026-04-12T15:30:03.646Z 📊 FEATURE_5M | {"close":81.43,"ema8":81.5892,"ema18":81.6963,"rsi":34.702,"adx":38.918,"barIndex":150}
2026-04-12T15:35:07.141221102Z [inf]  2026-04-12T15:35:02.209Z 📊 FEATURE_5M | {"close":81.56,"ema8":81.5827,"ema18":81.682,"rsi":41.406,"adx":39.977,"barIndex":151}
2026-04-12T15:40:07.742273421Z [inf]  2026-04-12T15:40:01.928Z 📊 FEATURE_5M | {"close":81.56,"ema8":81.5776,"ema18":81.6691,"rsi":41.406,"adx":40.96,"barIndex":152}
2026-04-12T15:45:08.571005872Z [inf]  2026-04-12T15:45:03.417Z 📊 FEATURE_5M | {"close":81.6,"ema8":81.5826,"ema18":81.6618,"rsi":43.477,"adx":41.549,"barIndex":153}
2026-04-12T15:50:09.157928022Z [inf]  2026-04-12T15:50:02.853Z 📊 FEATURE_5M | {"close":81.58,"ema8":81.582,"ema18":81.6532,"rsi":42.665,"adx":42.096,"barIndex":154}
2026-04-12T15:55:09.772250273Z [inf]  2026-04-12T15:55:01.794Z 📊 FEATURE_5M | {"close":81.66,"ema8":81.5994,"ema18":81.6539,"rsi":46.934,"adx":41.713,"barIndex":155}
2026-04-12T16:00:10.480583053Z [inf]  2026-04-12T16:00:05.721Z 📊 FEATURE_5M | {"close":81.59,"ema8":81.5973,"ema18":81.6472,"rsi":43.857,"adx":41.456,"barIndex":156}
2026-04-12T16:05:11.061830464Z [inf]  2026-04-12T16:05:01.856Z 📊 FEATURE_5M | {"close":81.69,"ema8":81.6179,"ema18":81.6517,"rsi":49.001,"adx":40.364,"barIndex":157}
2026-04-12T16:10:11.516178663Z [inf]  2026-04-12T16:10:01.743Z 📊 FEATURE_5M | {"close":81.56,"ema8":81.605,"ema18":81.6421,"rsi":43.43,"adx":39.349,"barIndex":158}
2026-04-12T16:15:12.319515864Z [inf]  2026-04-12T16:15:03.324Z 📊 FEATURE_5M | {"close":81.74,"ema8":81.635,"ema18":81.6524,"rsi":51.63,"adx":37.776,"barIndex":159}
2026-04-12T16:20:03.852606239Z [inf]  2026-04-12T16:20:01.766Z 📊 FEATURE_5M | {"close":81.61,"ema8":81.6295,"ema18":81.6479,"rsi":46.399,"adx":36.315,"barIndex":160}
2026-04-12T16:25:14.388333765Z [inf]  2026-04-12T16:25:06.822Z 📊 FEATURE_5M | {"close":81.74,"ema8":81.654,"ema18":81.6576,"rsi":51.672,"adx":35.333,"barIndex":161}
2026-04-12T16:30:04.646872494Z [inf]  2026-04-12T16:30:02.402Z 📊 FEATURE_5M | {"close":81.76,"ema8":81.6776,"ema18":81.6684,"rsi":52.448,"adx":33.968,"barIndex":162}
2026-04-12T16:30:04.646877310Z [inf]  2026-04-12T16:30:02.402Z 🧠 BREAKOUT_MEMORY_ARMED | {"armedBar":162,"expiresBar":166,"triggerPrice":81.76,"reclaimPrice":81.6776,"breakoutHigh":81.78}
2026-04-12T16:35:05.145403773Z [inf]  2026-04-12T16:35:02.807Z 📊 FEATURE_5M | {"close":81.84,"ema8":81.7137,"ema18":81.6864,"rsi":55.521,"adx":31.962,"barIndex":163}
2026-04-12T16:35:05.145407213Z [inf]  2026-04-12T16:35:02.807Z 🧠 BREAKOUT_MEMORY_ARMED | {"armedBar":163,"expiresBar":167,"triggerPrice":81.84,"reclaimPrice":81.7137,"breakoutHigh":81.85}
2026-04-12T16:40:05.522580632Z [inf]  2026-04-12T16:40:01.951Z 📊 FEATURE_5M | {"close":81.7,"ema8":81.7106,"ema18":81.6879,"rsi":49.493,"adx":30.687,"barIndex":164}
2026-04-12T16:45:05.805003276Z [inf]  2026-04-12T16:45:02.215Z 📊 FEATURE_5M | {"close":81.74,"ema8":81.7172,"ema18":81.6934,"rsi":51.125,"adx":29.584,"barIndex":165}
2026-04-12T16:45:05.805009993Z [inf]  2026-04-12T16:45:02.215Z 🧠 BREAKOUT_MEMORY_ARMED | {"armedBar":165,"expiresBar":169,"triggerPrice":81.74,"reclaimPrice":81.7172,"breakoutHigh":81.77}
2026-04-12T16:50:06.398021501Z [inf]  2026-04-12T16:50:02.847Z 📊 FEATURE_5M | {"close":81.76,"ema8":81.7267,"ema18":81.7004,"rsi":51.962,"adx":28.115,"barIndex":166}
2026-04-12T16:50:06.398024873Z [inf]  2026-04-12T16:50:02.847Z 🧠 BREAKOUT_MEMORY_ARMED | {"armedBar":166,"expiresBar":170,"triggerPrice":81.76,"reclaimPrice":81.7267,"breakoutHigh":81.81}
2026-04-12T16:55:06.968155532Z [inf]  2026-04-12T16:55:04.713Z 📊 FEATURE_5M | {"close":81.82,"ema8":81.7474,"ema18":81.713,"rsi":54.478,"adx":26.222,"barIndex":167}
2026-04-12T16:55:06.968159831Z [inf]  2026-04-12T16:55:04.713Z 🧠 BREAKOUT_MEMORY_ARMED | {"armedBar":167,"expiresBar":171,"triggerPrice":81.82,"reclaimPrice":81.7474,"breakoutHigh":81.86}
2026-04-12T17:00:07.351297672Z [inf]  2026-04-12T17:00:03.425Z 📊 FEATURE_5M | {"close":81.88,"ema8":81.7769,"ema18":81.7305,"rsi":56.908,"adx":24.44,"barIndex":168}
2026-04-12T17:00:07.351301180Z [inf]  2026-04-12T17:00:03.425Z 🧠 BREAKOUT_MEMORY_ARMED | {"armedBar":168,"expiresBar":172,"triggerPrice":81.88,"reclaimPrice":81.7769,"breakoutHigh":81.88}
2026-04-12T17:05:07.504863823Z [inf]  2026-04-12T17:05:02.033Z 📊 FEATURE_5M | {"close":81.9,"ema8":81.8042,"ema18":81.7484,"rsi":57.719,"adx":23.466,"barIndex":169}
2026-04-12T17:05:07.504867118Z [inf]  2026-04-12T17:05:02.033Z 🧠 BREAKOUT_MEMORY_ARMED | {"armedBar":169,"expiresBar":173,"triggerPrice":81.9,"reclaimPrice":81.8042,"breakoutHigh":81.95}
2026-04-12T17:10:07.368226157Z [inf]  2026-04-12T17:10:01.948Z 📊 FEATURE_5M | {"close":81.83,"ema8":81.81,"ema18":81.757,"rsi":53.898,"adx":22.562,"barIndex":170}
2026-04-12T17:10:07.368229313Z [inf]  2026-04-12T17:10:01.948Z 🧠 BREAKOUT_MEMORY_ARMED | {"armedBar":170,"expiresBar":174,"triggerPrice":81.83,"reclaimPrice":81.81,"breakoutHigh":81.92}
2026-04-12T17:15:08.222649073Z [inf]  2026-04-12T17:15:02.459Z 📊 FEATURE_5M | {"close":81.76,"ema8":81.7989,"ema18":81.7573,"rsi":50.312,"adx":21.136,"barIndex":171}
2026-04-12T17:20:08.133701331Z [inf]  2026-04-12T17:20:03.657Z 📊 FEATURE_5M | {"close":81.83,"ema8":81.8058,"ema18":81.7649,"rsi":53.634,"adx":19.921,"barIndex":172}
2026-04-12T17:20:08.133704404Z [inf]  2026-04-12T17:20:03.657Z 🧠 BREAKOUT_MEMORY_ARMED | {"armedBar":172,"expiresBar":176,"triggerPrice":81.83,"reclaimPrice":81.8058,"breakoutHigh":81.84}
2026-04-12T17:25:08.983956622Z [inf]  2026-04-12T17:25:02.815Z 📊 FEATURE_5M | {"close":81.93,"ema8":81.8334,"ema18":81.7823,"rsi":57.959,"adx":19.698,"barIndex":173}
2026-04-12T17:25:08.983961993Z [inf]  2026-04-12T17:25:02.815Z 🧠 BREAKOUT_MEMORY_ARMED | {"armedBar":173,"expiresBar":177,"triggerPrice":81.93,"reclaimPrice":81.8334,"breakoutHigh":81.93}
2026-04-12T17:30:08.941210427Z [inf]  2026-04-12T17:30:02.680Z 📊 FEATURE_5M | {"close":81.92,"ema8":81.8526,"ema18":81.7968,"rsi":57.383,"adx":19.761,"barIndex":174}
2026-04-12T17:30:08.941214857Z [inf]  2026-04-12T17:30:02.680Z 🧠 BREAKOUT_MEMORY_ARMED | {"armedBar":174,"expiresBar":178,"triggerPrice":81.92,"reclaimPrice":81.8526,"breakoutHigh":81.96}
2026-04-12T17:35:08.845962879Z [inf]  2026-04-12T17:35:01.864Z 📊 FEATURE_5M | {"close":82,"ema8":81.8854,"ema18":81.8182,"rsi":60.746,"adx":20.472,"barIndex":175}
2026-04-12T17:35:08.845984189Z [inf]  2026-04-12T17:35:01.865Z 🧠 BREAKOUT_MEMORY_ARMED | {"armedBar":175,"expiresBar":179,"triggerPrice":82,"reclaimPrice":81.8854,"breakoutHigh":82.04}
2026-04-12T17:40:09.667275943Z [inf]  2026-04-12T17:40:02.682Z 📊 FEATURE_5M | {"close":81.95,"ema8":81.8997,"ema18":81.8321,"rsi":57.682,"adx":20.466,"barIndex":176}
2026-04-12T17:40:09.667281191Z [inf]  2026-04-12T17:40:02.682Z 🧠 BREAKOUT_MEMORY_ARMED | {"armedBar":176,"expiresBar":180,"triggerPrice":81.95,"reclaimPrice":81.8997,"breakoutHigh":82}
2026-04-12T17:45:09.657802067Z [inf]  2026-04-12T17:45:02.396Z 📊 FEATURE_5M | {"close":81.95,"ema8":81.9109,"ema18":81.8445,"rsi":57.682,"adx":20.461,"barIndex":177}
2026-04-12T17:45:09.657806925Z [inf]  2026-04-12T17:45:02.396Z 🧠 BREAKOUT_MEMORY_ARMED | {"armedBar":177,"expiresBar":181,"triggerPrice":81.95,"reclaimPrice":81.9109,"breakoutHigh":81.97}
2026-04-12T17:50:09.569566070Z [inf]  2026-04-12T17:50:05.626Z 📊 FEATURE_5M | {"close":81.91,"ema8":81.9107,"ema18":81.8514,"rsi":55.103,"adx":19.122,"barIndex":178}
2026-04-12T17:55:09.512253431Z [inf]  2026-04-12T17:55:02.521Z 📊 FEATURE_5M | {"close":82.15,"ema8":81.9639,"ema18":81.8828,"rsi":65.166,"adx":20.315,"barIndex":179}
2026-04-12T17:55:09.512258304Z [inf]  2026-04-12T17:55:02.521Z 🧠 BREAKOUT_MEMORY_ARMED | {"armedBar":179,"expiresBar":183,"triggerPrice":82.15,"reclaimPrice":81.9639,"breakoutHigh":82.3}
2026-04-12T17:55:09.512262981Z [inf]  2026-04-12T17:55:02.601Z 🟢 RAY_BULLISH_TREND_CHANGE | {"price":82.15,"ts":"2026-04-12T17:55:02Z"}
2026-04-12T17:55:09.512268029Z [inf]  2026-04-12T17:55:02.602Z 🧠 BREAKOUT_MEMORY_CLEARED | {"reason":"consumed_on_entry"}
2026-04-12T17:55:09.512272797Z [inf]  2026-04-12T17:55:02.602Z 📥 ENTER | {"brain":"BrainRAY_Continuation_v2.0","mode":"bullish_trend_change_launch_long","price":82.15,"stop":81.4928,"decision":{"allow":true,"source":"ray_bullish_trend_change_launch","mode":"bullish_trend_change_launch_long","entryPrice":82.15,"extFromEma8":0.2270511774086035,"extFromEma18":0.32632005744796533,"launchChasePct":0.2270511774086035}}
2026-04-12T17:55:09.512277947Z [inf]  2026-04-12T17:55:02.602Z 📦 SIGNAL_PREVIEW | {"secret":"eyJhbGciOiJIUzI1NiJ9.eyJzaWduYWxzX3NvdXJjZV9pZCI6MTUzMTM5fQ.Srf5-FSdAd7Pw3quIqIGiYAdE2cznVvSAETQD1uet8I","bot_uuid":"d67d6a33-8073-4acf-a8a9-9182b1665acc","max_lag":"300","timestamp":"2026-04-12T17:55:02.602Z","trigger_price":"82.15","tv_exchange":"BINANCE","tv_instrument":"SOLUSDT","action":"enter_long","meta":{"mode":"bullish_trend_change_launch_long","setup_type":"bullish_trend_change_launch_long","brain":"BrainRAY_Continuation_v2.0"}}
2026-04-12T17:55:09.512282602Z [inf]  2026-04-12T17:55:03.010Z ✅ 3COMMAS_RESP | {"action":"enter_long","status":200,"ok":true,"body":""}
2026-04-12T18:00:10.578210752Z [inf]  2026-04-12T18:00:07.259Z 📊 FEATURE_5M | {"close":82.18,"ema8":82.0119,"ema18":81.9141,"rsi":66.186,"adx":21.422,"barIndex":180}
2026-04-12T18:00:10.578214580Z [inf]  2026-04-12T18:00:07.259Z 🧠 BREAKOUT_MEMORY_ARMED | {"armedBar":180,"expiresBar":184,"triggerPrice":82.18,"reclaimPrice":82.0119,"breakoutHigh":82.2}
2026-04-12T18:05:09.338788510Z [inf]  2026-04-12T18:05:02.272Z 📊 FEATURE_5M | {"close":82.19,"ema8":82.0515,"ema18":81.9431,"rsi":66.538,"adx":22.024,"barIndex":181}
2026-04-12T18:05:09.338793414Z [inf]  2026-04-12T18:05:02.272Z 🧠 BREAKOUT_MEMORY_ARMED | {"armedBar":181,"expiresBar":185,"triggerPrice":82.19,"reclaimPrice":82.0515,"breakoutHigh":82.22}
2026-04-12T18:10:10.636550724Z [inf]  2026-04-12T18:10:01.725Z 📊 FEATURE_5M | {"close":82.14,"ema8":82.0712,"ema18":81.9639,"rsi":63.008,"adx":22.967,"barIndex":182}
2026-04-12T18:10:10.636554408Z [inf]  2026-04-12T18:10:01.725Z 🧠 BREAKOUT_MEMORY_ARMED | {"armedBar":182,"expiresBar":186,"triggerPrice":82.14,"reclaimPrice":82.0712,"breakoutHigh":82.29}
2026-04-12T18:15:10.970614578Z [inf]  2026-04-12T18:15:02.461Z 📊 FEATURE_5M | {"close":82.18,"ema8":82.0953,"ema18":81.9866,"rsi":64.625,"adx":23.842,"barIndex":183}
2026-04-12T18:15:10.970620506Z [inf]  2026-04-12T18:15:02.461Z 🧠 BREAKOUT_MEMORY_ARMED | {"armedBar":183,"expiresBar":187,"triggerPrice":82.18,"reclaimPrice":82.0953,"breakoutHigh":82.19}
2026-04-12T18:20:11.443246308Z [inf]  2026-04-12T18:20:01.848Z 📊 FEATURE_5M | {"close":82.17,"ema8":82.1119,"ema18":82.0059,"rsi":63.874,"adx":25.309,"barIndex":184}
2026-04-12T18:20:11.443263152Z [inf]  2026-04-12T18:20:01.848Z 🧠 BREAKOUT_MEMORY_ARMED | {"armedBar":184,"expiresBar":188,"triggerPrice":82.17,"reclaimPrice":82.1119,"breakoutHigh":82.32}
