cat > /workspaces/tv-webhook-brain/BrainRAY/Replay/data/BrainRAY_today.log <<'EOF'
2026-04-10T23:04:58.767162388Z [inf]  2026-04-10T23:04:56.381Z ✅ brain listening | {"port":8080,"path":"/webhook","symbol":"BINANCE:SOLUSDT","tf":"5","brain":"BrainRAY_Continuation_v2.0"}
2026-04-10T23:05:02.391927432Z [inf]  2026-04-10T23:05:01.971Z 📊 FEATURE_5M | {"close":84.79,"ema8":84.86,"ema18":84.9571,"rsi":37.527,"adx":19.035,"barIndex":1}
2026-04-10T23:10:06.632436534Z [inf]  2026-04-10T23:10:02.003Z 📊 FEATURE_5M | {"close":84.8,"ema8":84.8467,"ema18":84.9406,"rsi":38.237,"adx":19.732,"barIndex":2}
2026-04-10T23:15:09.209422209Z [inf]  2026-04-10T23:15:02.909Z 📊 FEATURE_5M | {"close":84.81,"ema8":84.8385,"ema18":84.9268,"rsi":38.985,"adx":20.5,"barIndex":3}
2026-04-10T23:20:02.073083023Z [inf]  2026-04-10T23:20:01.755Z 📊 FEATURE_5M | {"close":84.77,"ema8":84.8233,"ema18":84.9103,"rsi":37.054,"adx":21.213,"barIndex":4}
2026-04-10T23:25:06.411620988Z [inf]  2026-04-10T23:25:02.974Z 📊 FEATURE_5M | {"close":84.85,"ema8":84.8292,"ema18":84.904,"rsi":43.121,"adx":20.554,"barIndex":5}
2026-04-10T23:30:11.500554830Z [inf]  2026-04-10T23:30:03.748Z 📊 FEATURE_5M | {"close":84.87,"ema8":84.8383,"ema18":84.9004,"rsi":44.56,"adx":19.942,"barIndex":6}
2026-04-10T23:35:03.964843500Z [inf]  2026-04-10T23:35:02.032Z 📊 FEATURE_5M | {"close":84.86,"ema8":84.8431,"ema18":84.8961,"rsi":43.961,"adx":19.7,"barIndex":7}
2026-04-10T23:40:05.004606083Z [inf]  2026-04-10T23:40:01.870Z 📊 FEATURE_5M | {"close":84.81,"ema8":84.8358,"ema18":84.8871,"rsi":40.995,"adx":19.361,"barIndex":8}
2026-04-10T23:45:03.149647861Z [inf]  2026-04-10T23:45:02.857Z 📊 FEATURE_5M | {"close":84.79,"ema8":84.8256,"ema18":84.8769,"rsi":39.837,"adx":19.221,"barIndex":9}
2026-04-10T23:50:04.903133613Z [inf]  2026-04-10T23:50:02.801Z 📊 FEATURE_5M | {"close":84.8,"ema8":84.8199,"ema18":84.8688,"rsi":40.738,"adx":19.437,"barIndex":10}
2026-04-10T23:50:04.903137944Z [inf]  2026-04-10T23:50:02.812Z 🟢 BULL_REGIME_ON | {"source":"ray_bullish_trend_continuation","bullRegimeId":1,"ts":"2026-04-10T23:50:02Z"}
2026-04-10T23:50:04.903142034Z [inf]  2026-04-10T23:50:02.812Z 🟩 RAY_BULLISH_TREND_CONTINUATION | {"price":84.8,"ts":"2026-04-10T23:50:02Z"}
2026-04-10T23:50:04.903145902Z [inf]  2026-04-10T23:50:02.813Z 🚫 ENTRY_BLOCKED | {"allow":false,"source":"ray_bullish_trend_continuation","reasons":["ema8_below_ema18","close_below_ema8","rsi_too_low","no_breakout_memory","ema_bull_invalid"],"extFromEma8":-0.02346147543207067,"extFromEma18":-0.08106630469618514,"contChasePct":-0.02346147543207067,"memChasePct":0}
2026-04-10T23:55:12.519353935Z [inf]  2026-04-10T23:55:02.716Z 📊 FEATURE_5M | {"close":84.76,"ema8":84.8066,"ema18":84.8573,"rsi":38.269,"adx":19.502,"barIndex":11}
2026-04-11T00:00:07.337719933Z [inf]  2026-04-11T00:00:06.572Z 📊 FEATURE_5M | {"close":84.83,"ema8":84.8118,"ema18":84.8544,"rsi":44.598,"adx":19.562,"barIndex":12}
2026-04-11T00:05:10.497810993Z [inf]  2026-04-11T00:05:03.024Z 📊 FEATURE_5M | {"close":84.63,"ema8":84.7714,"ema18":84.8308,"rsi":33.903,"adx":20.628,"barIndex":13}
2026-04-11T00:05:10.497818729Z [inf]  2026-04-11T00:05:03.140Z 🔴 RAY_BEARISH_TREND_CHANGE | {"price":84.63,"ts":"2026-04-11T00:05:02Z"}
2026-04-11T00:05:10.497826248Z [inf]  2026-04-11T00:05:03.141Z 🔴 BULL_REGIME_OFF | {"reason":"ray_bearish_trend_change","ts":"2026-04-11T00:05:02Z","bullRegimeId":1}
2026-04-11T15:50:09.223721644Z [inf]  2026-04-11T15:50:01.881Z 📊 FEATURE_5M | {"close":84.55,"ema8":84.5784,"ema18":84.4835,"rsi":57.973,"adx":25.383,"barIndex":202}
2026-04-11T15:55:03.198160934Z [inf]  2026-04-11T15:55:03.067Z 📊 FEATURE_5M | {"close":84.64,"ema8":84.5921,"ema18":84.5,"rsi":62.234,"adx":26.394,"barIndex":203}
2026-04-11T15:55:03.198166835Z [inf]  2026-04-11T15:55:03.067Z 🧠 BREAKOUT_MEMORY_ARMED | {"armedBar":203,"expiresBar":207,"triggerPrice":84.64,"reclaimPrice":84.5921,"breakoutHigh":84.72}
2026-04-11T16:00:12.610053163Z [inf]  2026-04-11T16:00:06.337Z 📊 FEATURE_5M | {"close":84.66,"ema8":84.6072,"ema18":84.5168,"rsi":63.129,"adx":27.332,"barIndex":204}
2026-04-11T16:00:12.610101946Z [inf]  2026-04-11T16:00:06.338Z 🧠 BREAKOUT_MEMORY_ARMED | {"armedBar":204,"expiresBar":208,"triggerPrice":84.66,"reclaimPrice":84.6072,"breakoutHigh":84.69}
2026-04-11T16:05:03.320802455Z [inf]  2026-04-11T16:05:02.314Z 📊 FEATURE_5M | {"close":84.74,"ema8":84.6367,"ema18":84.5403,"rsi":66.543,"adx":28.469,"barIndex":205}
2026-04-11T16:05:03.320810565Z [inf]  2026-04-11T16:05:02.314Z 🧠 BREAKOUT_MEMORY_ARMED | {"armedBar":205,"expiresBar":209,"triggerPrice":84.74,"reclaimPrice":84.6367,"breakoutHigh":84.74}
2026-04-11T16:10:04.124693556Z [inf]  2026-04-11T16:10:01.911Z 📊 FEATURE_5M | {"close":84.65,"ema8":84.6396,"ema18":84.5519,"rsi":59.831,"adx":29.524,"barIndex":206}
2026-04-11T16:10:04.124808564Z [inf]  2026-04-11T16:10:01.911Z 🧠 BREAKOUT_MEMORY_ARMED | {"armedBar":206,"expiresBar":210,"triggerPrice":84.65,"reclaimPrice":84.6396,"breakoutHigh":84.8}
2026-04-11T16:15:08.114753507Z [inf]  2026-04-11T16:15:02.935Z 📊 FEATURE_5M | {"close":84.76,"ema8":84.6664,"ema18":84.5738,"rsi":64.539,"adx":30.505,"barIndex":207}
2026-04-11T16:15:08.114794093Z [inf]  2026-04-11T16:15:02.935Z 🧠 BREAKOUT_MEMORY_ARMED | {"armedBar":207,"expiresBar":211,"triggerPrice":84.76,"reclaimPrice":84.6664,"breakoutHigh":84.78}
2026-04-11T16:20:09.226621101Z [inf]  2026-04-11T16:20:01.880Z 📊 FEATURE_5M | {"close":84.73,"ema8":84.6805,"ema18":84.5902,"rsi":62.391,"adx":31.857,"barIndex":208}
2026-04-11T16:20:09.226627645Z [inf]  2026-04-11T16:20:01.880Z 🧠 BREAKOUT_MEMORY_ARMED | {"armedBar":208,"expiresBar":212,"triggerPrice":84.73,"reclaimPrice":84.6805,"breakoutHigh":84.86}
2026-04-11T16:25:07.492504905Z [inf]  2026-04-11T16:25:01.936Z 📊 FEATURE_5M | {"close":84.65,"ema8":84.6737,"ema18":84.5965,"rsi":56.949,"adx":31.99,"barIndex":209}
2026-04-11T16:30:06.149888566Z [inf]  2026-04-11T16:30:03.286Z 📊 FEATURE_5M | {"close":84.69,"ema8":84.6774,"ema18":84.6063,"rsi":58.88,"adx":32.113,"barIndex":210}
2026-04-11T16:30:06.149906379Z [inf]  2026-04-11T16:30:03.287Z 🧠 BREAKOUT_MEMORY_ARMED | {"armedBar":210,"expiresBar":214,"triggerPrice":84.69,"reclaimPrice":84.6774,"breakoutHigh":84.71}
2026-04-11T16:35:11.294308405Z [inf]  2026-04-11T16:35:02.886Z 📊 FEATURE_5M | {"close":84.71,"ema8":84.6846,"ema18":84.6173,"rsi":59.85,"adx":32.5,"barIndex":211}
2026-04-11T16:35:11.294314718Z [inf]  2026-04-11T16:35:02.886Z 🧠 BREAKOUT_MEMORY_ARMED | {"armedBar":211,"expiresBar":215,"triggerPrice":84.71,"reclaimPrice":84.6846,"breakoutHigh":84.75}
2026-04-11T16:40:04.929836271Z [inf]  2026-04-11T16:40:01.896Z 📊 FEATURE_5M | {"close":84.88,"ema8":84.728,"ema18":84.6449,"rsi":66.98,"adx":33.874,"barIndex":212}
2026-04-11T16:40:04.929842734Z [inf]  2026-04-11T16:40:01.898Z 🧠 BREAKOUT_MEMORY_ARMED | {"armedBar":212,"expiresBar":216,"triggerPrice":84.88,"reclaimPrice":84.728,"breakoutHigh":84.94}
2026-04-11T16:45:11.827132271Z [inf]  2026-04-11T16:45:03.525Z 📊 FEATURE_5M | {"close":85.19,"ema8":84.8307,"ema18":84.7023,"rsi":75.518,"adx":36.432,"barIndex":213}
2026-04-11T16:45:11.827140290Z [inf]  2026-04-11T16:45:03.525Z 🧠 BREAKOUT_MEMORY_ARMED | {"armedBar":213,"expiresBar":217,"triggerPrice":85.19,"reclaimPrice":84.8307,"breakoutHigh":85.4}
2026-04-11T16:45:11.827145922Z [inf]  2026-04-11T16:45:03.527Z 🔹 RAY_BULLISH_BOS | {"price":85.19,"ts":"2026-04-11T16:45:01Z"}
2026-04-11T16:50:06.562913103Z [inf]  2026-04-11T16:50:05.928Z 📊 FEATURE_5M | {"close":85.15,"ema8":84.9016,"ema18":84.7494,"rsi":72.899,"adx":38.808,"barIndex":214}
2026-04-11T16:50:06.562922848Z [inf]  2026-04-11T16:50:05.928Z 🧠 BREAKOUT_MEMORY_ARMED | {"armedBar":214,"expiresBar":218,"triggerPrice":85.15,"reclaimPrice":84.9016,"breakoutHigh":85.25}
2026-04-11T16:55:09.414514620Z [inf]  2026-04-11T16:55:01.678Z 📊 FEATURE_5M | {"close":85,"ema8":84.9235,"ema18":84.7758,"rsi":63.942,"adx":39.788,"barIndex":215}
2026-04-11T16:55:09.414523689Z [inf]  2026-04-11T16:55:01.678Z 🧠 BREAKOUT_MEMORY_ARMED | {"armedBar":215,"expiresBar":219,"triggerPrice":85,"reclaimPrice":84.9235,"breakoutHigh":85.14}
2026-04-11T17:00:12.960086514Z [inf]  2026-04-11T17:00:05.431Z 📊 FEATURE_5M | {"close":84.98,"ema8":84.9361,"ema18":84.7973,"rsi":62.834,"adx":40.697,"barIndex":216}
2026-04-11T17:00:12.960094410Z [inf]  2026-04-11T17:00:05.431Z 🧠 BREAKOUT_MEMORY_ARMED | {"armedBar":216,"expiresBar":220,"triggerPrice":84.98,"reclaimPrice":84.9361,"breakoutHigh":85.05}
2026-04-11T17:05:10.154381988Z [inf]  2026-04-11T17:05:01.863Z 📊 FEATURE_5M | {"close":84.92,"ema8":84.9325,"ema18":84.8102,"rsi":59.501,"adx":41.034,"barIndex":217}
2026-04-11T17:10:08.069809115Z [inf]  2026-04-11T17:10:05.896Z 🧠 BREAKOUT_MEMORY_CLEARED | {"reason":"lost_reclaim"}
2026-04-11T17:10:08.069858101Z [inf]  2026-04-11T17:10:05.896Z 📊 FEATURE_5M | {"close":84.81,"ema8":84.9053,"ema18":84.8102,"rsi":53.861,"adx":40.229,"barIndex":218}
2026-04-11T17:15:08.910035573Z [inf]  2026-04-11T17:15:03.052Z 📊 FEATURE_5M | {"close":84.83,"ema8":84.8885,"ema18":84.8123,"rsi":54.702,"adx":39.307,"barIndex":219}
2026-04-11T17:20:08.293889893Z [inf]  2026-04-11T17:20:02.268Z 📊 FEATURE_5M | {"close":84.75,"ema8":84.8578,"ema18":84.8057,"rsi":50.721,"adx":37.686,"barIndex":220}
2026-04-11T17:25:13.377913585Z [inf]  2026-04-11T17:25:03.598Z 📊 FEATURE_5M | {"close":84.89,"ema8":84.8649,"ema18":84.8146,"rsi":56.665,"adx":36.624,"barIndex":221}
2026-04-11T17:25:13.377920572Z [inf]  2026-04-11T17:25:03.598Z 🧠 BREAKOUT_MEMORY_ARMED | 
